# JRE version: OpenJDK Runtime Environment Temurin-21.0.8+9 (21.0.8+9) (build 21.0.8+9-LTS)
# Java VM: OpenJDK 64-Bit Server VM Temurin-21.0.8+9 (21.0.8+9-LTS, mixed mode, sharing, tiered, compressed oops, compressed class ptrs, g1 gc, windows-amd64)
GC Precious Log:
 CardTable entry size: 512
 Card Set container configuration: InlinePtr #cards 4 size 8 Array Of Cards #cards 32 size 80 Howl #buckets 8 coarsen threshold 7372 Howl Bitmap #cards 1024 size 144 coarsen threshold 921 Card regions per heap region 1 cards per card region 8192
 CPUs: 14 total, 14 available
 Memory: 32203M
 Large Page Support: Disabled
 NUMA Support: Disabled
 Compressed Oops: Enabled (Zero based)
 Heap Region Size: 4M
 Heap Min Capacity: 8M
 Heap Initial Capacity: 504M
 Heap Max Capacity: 8052M
 Pre-touch: Disabled
 Parallel Workers: 11
 Concurrent Workers: 3
 Concurrent Refinement Workers: 11
 Periodic GC: Disabled
Heap:
 garbage-first heap   total 299008K, used 88756K [0x0000000430800000, 0x0000000627c00000)
  region size 4096K, 2 young (8192K), 0 survivors (0K)
 Metaspace       used 13623K, committed 13888K, reserved 1114112K
  class space    used 1250K, committed 1408K, reserved 1048576K
GC Heap History (20 events):
Event: 3.869 GC heap before
{Heap before GC invocations=2 (full 1):
 garbage-first heap   total 69632K, used 17387K [0x0000000430800000, 0x0000000627c00000)
  region size 4096K, 0 young (0K), 0 survivors (0K)
 Metaspace       used 12378K, committed 12672K, reserved 1114112K
  class space    used 1201K, committed 1344K, reserved 1048576K
}
Event: 3.886 GC heap after
{Heap after GC invocations=3 (full 2):
 garbage-first heap   total 69632K, used 17387K [0x0000000430800000, 0x0000000627c00000)
  region size 4096K, 0 young (0K), 0 survivors (0K)
 Metaspace       used 12378K, committed 12672K, reserved 1114112K
  class space    used 1201K, committed 1344K, reserved 1048576K
}
Event: 7.853 GC heap before
{Heap before GC invocations=3 (full 2):
 garbage-first heap   total 69632K, used 33771K [0x0000000430800000, 0x0000000627c00000)
  region size 4096K, 5 young (20480K), 0 survivors (0K)
 Metaspace       used 12559K, committed 12800K, reserved 1114112K
  class space    used 1212K, committed 1344K, reserved 1048576K
}
Event: 7.867 GC heap after
{Heap after GC invocations=4 (full 2):
 garbage-first heap   total 69632K, used 35142K [0x0000000430800000, 0x0000000627c00000)
  region size 4096K, 1 young (4096K), 1 survivors (4096K)
 Metaspace       used 12559K, committed 12800K, reserved 1114112K
  class space    used 1212K, committed 1344K, reserved 1048576K
}
Event: 8.651 GC heap before
{Heap before GC invocations=4 (full 2):
 garbage-first heap   total 69632K, used 35142K [0x0000000430800000, 0x0000000627c00000)
  region size 4096K, 2 young (8192K), 1 survivors (4096K)
 Metaspace       used 12580K, committed 12864K, reserved 1114112K
  class space    used 1212K, committed 1344K, reserved 1048576K
}
Event: 8.656 GC heap after
{Heap after GC invocations=5 (full 2):
 garbage-first heap   total 69632K, used 38759K [0x0000000430800000, 0x0000000627c00000)
  region size 4096K, 1 young (4096K), 1 survivors (4096K)
 Metaspace       used 12580K, committed 12864K, reserved 1114112K
  class space    used 1212K, committed 1344K, reserved 1048576K
}
Event: 9.276 GC heap before
{Heap before GC invocations=6 (full 2):
 garbage-first heap   total 77824K, used 42855K [0x0000000430800000, 0x0000000627c00000)
  region size 4096K, 2 young (8192K), 1 survivors (4096K)
 Metaspace       used 12630K, committed 12928K, reserved 1114112K
  class space    used 1218K, committed 1344K, reserved 1048576K
}
Event: 9.283 GC heap after
{Heap after GC invocations=7 (full 2):
 garbage-first heap   total 77824K, used 42513K [0x0000000430800000, 0x0000000627c00000)
  region size 4096K, 1 young (4096K), 1 survivors (4096K)
 Metaspace       used 12630K, committed 12928K, reserved 1114112K
  class space    used 1218K, committed 1344K, reserved 1048576K
}
Event: 9.344 GC heap before
{Heap before GC invocations=7 (full 2):
 garbage-first heap   total 77824K, used 42513K [0x0000000430800000, 0x0000000627c00000)
  region size 4096K, 2 young (8192K), 1 survivors (4096K)
 Metaspace       used 12654K, committed 12928K, reserved 1114112K
  class space    used 1220K, committed 1344K, reserved 1048576K
}
Event: 9.368 GC heap after
{Heap after GC invocations=8 (full 3):
 garbage-first heap   total 77824K, used 43204K [0x0000000430800000, 0x0000000627c00000)
  region size 4096K, 0 young (0K), 0 survivors (0K)
 Metaspace       used 12654K, committed 12928K, reserved 1114112K
  class space    used 1220K, committed 1344K, reserved 1048576K
}
Event: 10.449 GC heap before
{Heap before GC invocations=8 (full 3):
 garbage-first heap   total 77824K, used 51396K [0x0000000430800000, 0x0000000627c00000)
  region size 4096K, 2 young (8192K), 0 survivors (0K)
 Metaspace       used 12837K, committed 13120K, reserved 1114112K
  class space    used 1232K, committed 1344K, reserved 1048576K
}
Event: 10.452 GC heap after
{Heap after GC invocations=9 (full 3):
 garbage-first heap   total 77824K, used 47196K [0x0000000430800000, 0x0000000627c00000)
  region size 4096K, 1 young (4096K), 1 survivors (4096K)
 Metaspace       used 12837K, committed 13120K, reserved 1114112K
  class space    used 1232K, committed 1344K, reserved 1048576K
}
Event: 11.591 GC heap before
{Heap before GC invocations=10 (full 3):
 garbage-first heap   total 81920K, used 55388K [0x0000000430800000, 0x0000000627c00000)
  region size 4096K, 3 young (12288K), 1 survivors (4096K)
 Metaspace       used 13102K, committed 13440K, reserved 1114112K
  class space    used 1247K, committed 1408K, reserved 1048576K
}
Event: 11.594 GC heap after
{Heap after GC invocations=11 (full 3):
 garbage-first heap   total 299008K, used 53049K [0x0000000430800000, 0x0000000627c00000)
  region size 4096K, 1 young (4096K), 1 survivors (4096K)
 Metaspace       used 13102K, committed 13440K, reserved 1114112K
  class space    used 1247K, committed 1408K, reserved 1048576K
}
Event: 38.291 GC heap before
{Heap before GC invocations=11 (full 3):
 garbage-first heap   total 299008K, used 130873K [0x0000000430800000, 0x0000000627c00000)
  region size 4096K, 21 young (86016K), 1 survivors (4096K)
 Metaspace       used 13548K, committed 13824K, reserved 1114112K
  class space    used 1248K, committed 1408K, reserved 1048576K
}
Event: 38.298 GC heap after
{Heap after GC invocations=12 (full 3):
 garbage-first heap   total 299008K, used 71193K [0x0000000430800000, 0x0000000627c00000)
  region size 4096K, 3 young (12288K), 3 survivors (12288K)
 Metaspace       used 13548K, committed 13824K, reserved 1114112K
  class space    used 1248K, committed 1408K, reserved 1048576K
}
Event: 76.297 GC heap before
{Heap before GC invocations=12 (full 3):
 garbage-first heap   total 299008K, used 165401K [0x0000000430800000, 0x0000000627c00000)
  region size 4096K, 26 young (106496K), 3 survivors (12288K)
 Metaspace       used 13578K, committed 13888K, reserved 1114112K
  class space    used 1248K, committed 1408K, reserved 1048576K
}
Event: 76.306 GC heap after
{Heap after GC invocations=13 (full 3):
 garbage-first heap   total 299008K, used 84492K [0x0000000430800000, 0x0000000627c00000)
  region size 4096K, 4 young (16384K), 4 survivors (16384K)
 Metaspace       used 13578K, committed 13888K, reserved 1114112K
  class space    used 1248K, committed 1408K, reserved 1048576K
}
Event: 82.563 GC heap before
{Heap before GC invocations=13 (full 3):
 garbage-first heap   total 299008K, used 92684K [0x0000000430800000, 0x0000000627c00000)
  region size 4096K, 7 young (28672K), 4 survivors (16384K)
 Metaspace       used 13613K, committed 13888K, reserved 1114112K
  class space    used 1248K, committed 1408K, reserved 1048576K
}
Event: 82.578 GC heap after
{Heap after GC invocations=14 (full 4):
 garbage-first heap   total 299008K, used 84660K [0x0000000430800000, 0x0000000627c00000)
  region size 4096K, 0 young (0K), 0 survivors (0K)
 Metaspace       used 13613K, committed 13888K, reserved 1114112K
  class space    used 1248K, committed 1408K, reserved 1048576K
}

