# JRE version: OpenJDK Runtime Environment Temurin-21.0.8+9 (21.0.8+9) (build 21.0.8+9-LTS)
# Java VM: OpenJDK 64-Bit Server VM Temurin-21.0.8+9 (21.0.8+9-LTS, mixed mode, sharing, tiered, compressed oops, compressed class ptrs, g1 gc, windows-amd64)
GC Precious Log:
 CardTable entry size: 512
 Card Set container configuration: InlinePtr #cards 4 size 8 Array Of Cards #cards 32 size 80 Howl #buckets 8 coarsen threshold 7372 Howl Bitmap #cards 1024 size 144 coarsen threshold 921 Card regions per heap region 1 cards per card region 8192
 CPUs: 14 total, 14 available
 Memory: 32203M
 Large Page Support: Disabled
 NUMA Support: Disabled
 Compressed Oops: Enabled (Zero based)
 Heap Region Size: 4M
 Heap Min Capacity: 8M
 Heap Initial Capacity: 504M
 Heap Max Capacity: 8052M
 Pre-touch: Disabled
 Parallel Workers: 11
 Concurrent Workers: 3
 Concurrent Refinement Workers: 11
 Periodic GC: Disabled
Heap:
 garbage-first heap   total 180224K, used 73704K [0x0000000608c00000, 0x0000000800000000)
  region size 4096K, 1 young (4096K), 0 survivors (0K)
 Metaspace       used 13521K, committed 13824K, reserved 1114112K
  class space    used 1245K, committed 1408K, reserved 1048576K
GC Heap History (20 events):
Event: 2.503 GC heap before
{Heap before GC invocations=0 (full 0):
 garbage-first heap   total 516096K, used 32768K [0x0000000608c00000, 0x0000000800000000)
  region size 4096K, 6 young (24576K), 0 survivors (0K)
 Metaspace       used 11822K, committed 12096K, reserved 1114112K
  class space    used 1154K, committed 1280K, reserved 1048576K
}
Event: 2.509 GC heap after
{Heap after GC invocations=1 (full 0):
 garbage-first heap   total 516096K, used 17638K [0x0000000608c00000, 0x0000000800000000)
  region size 4096K, 1 young (4096K), 1 survivors (4096K)
 Metaspace       used 11822K, committed 12096K, reserved 1114112K
  class space    used 1154K, committed 1280K, reserved 1048576K
}
Event: 5.053 GC heap before
{Heap before GC invocations=1 (full 0):
 garbage-first heap   total 516096K, used 17638K [0x0000000608c00000, 0x0000000800000000)
  region size 4096K, 2 young (8192K), 1 survivors (4096K)
 Metaspace       used 12379K, committed 12672K, reserved 1114112K
  class space    used 1202K, committed 1344K, reserved 1048576K
}
Event: 5.064 GC heap after
{Heap after GC invocations=2 (full 1):
 garbage-first heap   total 69632K, used 17387K [0x0000000608c00000, 0x0000000800000000)
  region size 4096K, 0 young (0K), 0 survivors (0K)
 Metaspace       used 12379K, committed 12672K, reserved 1114112K
  class space    used 1202K, committed 1344K, reserved 1048576K
}
Event: 5.065 GC heap before
{Heap before GC invocations=2 (full 1):
 garbage-first heap   total 69632K, used 17387K [0x0000000608c00000, 0x0000000800000000)
  region size 4096K, 0 young (0K), 0 survivors (0K)
 Metaspace       used 12379K, committed 12672K, reserved 1114112K
  class space    used 1202K, committed 1344K, reserved 1048576K
}
Event: 5.080 GC heap after
{Heap after GC invocations=3 (full 2):
 garbage-first heap   total 69632K, used 17386K [0x0000000608c00000, 0x0000000800000000)
  region size 4096K, 0 young (0K), 0 survivors (0K)
 Metaspace       used 12379K, committed 12672K, reserved 1114112K
  class space    used 1202K, committed 1344K, reserved 1048576K
}
Event: 5.216 GC heap before
{Heap before GC invocations=3 (full 2):
 garbage-first heap   total 69632K, used 33770K [0x0000000608c00000, 0x0000000800000000)
  region size 4096K, 5 young (20480K), 0 survivors (0K)
 Metaspace       used 12545K, committed 12800K, reserved 1114112K
  class space    used 1212K, committed 1344K, reserved 1048576K
}
Event: 5.222 GC heap after
{Heap after GC invocations=4 (full 2):
 garbage-first heap   total 69632K, used 35520K [0x0000000608c00000, 0x0000000800000000)
  region size 4096K, 1 young (4096K), 1 survivors (4096K)
 Metaspace       used 12545K, committed 12800K, reserved 1114112K
  class space    used 1212K, committed 1344K, reserved 1048576K
}
Event: 5.248 GC heap before
{Heap before GC invocations=4 (full 2):
 garbage-first heap   total 69632K, used 39616K [0x0000000608c00000, 0x0000000800000000)
  region size 4096K, 2 young (8192K), 1 survivors (4096K)
 Metaspace       used 12555K, committed 12800K, reserved 1114112K
  class space    used 1212K, committed 1344K, reserved 1048576K
}
Event: 5.250 GC heap after
{Heap after GC invocations=5 (full 2):
 garbage-first heap   total 69632K, used 39135K [0x0000000608c00000, 0x0000000800000000)
  region size 4096K, 1 young (4096K), 1 survivors (4096K)
 Metaspace       used 12555K, committed 12800K, reserved 1114112K
  class space    used 1212K, committed 1344K, reserved 1048576K
}
Event: 5.327 GC heap before
{Heap before GC invocations=6 (full 2):
 garbage-first heap   total 77824K, used 43231K [0x0000000608c00000, 0x0000000800000000)
  region size 4096K, 2 young (8192K), 1 survivors (4096K)
 Metaspace       used 12604K, committed 12864K, reserved 1114112K
  class space    used 1217K, committed 1344K, reserved 1048576K
}
Event: 5.329 GC heap after
{Heap after GC invocations=7 (full 2):
 garbage-first heap   total 77824K, used 42945K [0x0000000608c00000, 0x0000000800000000)
  region size 4096K, 1 young (4096K), 1 survivors (4096K)
 Metaspace       used 12604K, committed 12864K, reserved 1114112K
  class space    used 1217K, committed 1344K, reserved 1048576K
}
Event: 5.369 GC heap before
{Heap before GC invocations=7 (full 2):
 garbage-first heap   total 77824K, used 42945K [0x0000000608c00000, 0x0000000800000000)
  region size 4096K, 2 young (8192K), 1 survivors (4096K)
 Metaspace       used 12627K, committed 12928K, reserved 1114112K
  class space    used 1220K, committed 1344K, reserved 1048576K
}
Event: 5.387 GC heap after
{Heap after GC invocations=8 (full 3):
 garbage-first heap   total 77824K, used 43101K [0x0000000608c00000, 0x0000000800000000)
  region size 4096K, 0 young (0K), 0 survivors (0K)
 Metaspace       used 12627K, committed 12928K, reserved 1114112K
  class space    used 1220K, committed 1344K, reserved 1048576K
}
Event: 5.488 GC heap before
{Heap before GC invocations=8 (full 3):
 garbage-first heap   total 77824K, used 47197K [0x0000000608c00000, 0x0000000800000000)
  region size 4096K, 2 young (8192K), 0 survivors (0K)
 Metaspace       used 12752K, committed 12992K, reserved 1114112K
  class space    used 1226K, committed 1344K, reserved 1048576K
}
Event: 5.489 GC heap after
{Heap after GC invocations=9 (full 3):
 garbage-first heap   total 299008K, used 47309K [0x0000000608c00000, 0x0000000800000000)
  region size 4096K, 1 young (4096K), 1 survivors (4096K)
 Metaspace       used 12752K, committed 12992K, reserved 1114112K
  class space    used 1226K, committed 1344K, reserved 1048576K
}
Event: 34.200 GC heap before
{Heap before GC invocations=10 (full 3):
 garbage-first heap   total 180224K, used 116941K [0x0000000608c00000, 0x0000000800000000)
  region size 4096K, 19 young (77824K), 1 survivors (4096K)
 Metaspace       used 13469K, committed 13760K, reserved 1114112K
  class space    used 1243K, committed 1408K, reserved 1048576K
}
Event: 34.207 GC heap after
{Heap after GC invocations=11 (full 3):
 garbage-first heap   total 180224K, used 73753K [0x0000000608c00000, 0x0000000800000000)
  region size 4096K, 3 young (12288K), 3 survivors (12288K)
 Metaspace       used 13469K, committed 13760K, reserved 1114112K
  class space    used 1243K, committed 1408K, reserved 1048576K
}
Event: 36.045 GC heap before
{Heap before GC invocations=11 (full 3):
 garbage-first heap   total 180224K, used 73753K [0x0000000608c00000, 0x0000000800000000)
  region size 4096K, 4 young (16384K), 3 survivors (12288K)
 Metaspace       used 13511K, committed 13824K, reserved 1114112K
  class space    used 1243K, committed 1408K, reserved 1048576K
}
Event: 36.059 GC heap after
{Heap after GC invocations=12 (full 4):
 garbage-first heap   total 180224K, used 73704K [0x0000000608c00000, 0x0000000800000000)
  region size 4096K, 0 young (0K), 0 survivors (0K)
 Metaspace       used 13511K, committed 13824K, reserved 1114112K
  class space    used 1243K, committed 1408K, reserved 1048576K
}

