# JRE version: OpenJDK Runtime Environment Temurin-21.0.8+9 (21.0.8+9) (build 21.0.8+9-LTS)
# Java VM: OpenJDK 64-Bit Server VM Temurin-21.0.8+9 (21.0.8+9-LTS, mixed mode, sharing, tiered, compressed oops, compressed class ptrs, g1 gc, windows-amd64)
GC Precious Log:
 CardTable entry size: 512
 Card Set container configuration: InlinePtr #cards 4 size 8 Array Of Cards #cards 32 size 80 Howl #buckets 8 coarsen threshold 7372 Howl Bitmap #cards 1024 size 144 coarsen threshold 921 Card regions per heap region 1 cards per card region 8192
 CPUs: 14 total, 14 available
 Memory: 32203M
 Large Page Support: Disabled
 NUMA Support: Disabled
 Compressed Oops: Enabled (Zero based)
 Heap Region Size: 4M
 Heap Min Capacity: 8M
 Heap Initial Capacity: 504M
 Heap Max Capacity: 8052M
 Pre-touch: Disabled
 Parallel Workers: 11
 Concurrent Workers: 3
 Concurrent Refinement Workers: 11
 Periodic GC: Disabled
Heap:
 garbage-first heap   total 344064K, used 89300K [0x0000000608c00000, 0x0000000800000000)
  region size 4096K, 2 young (8192K), 0 survivors (0K)
 Metaspace       used 14398K, committed 14720K, reserved 1114112K
  class space    used 1316K, committed 1472K, reserved 1048576K
GC Heap History (20 events):
Event: 64.197 GC heap before
{Heap before GC invocations=11 (full 4):
 garbage-first heap   total 131072K, used 94003K [0x0000000608c00000, 0x0000000800000000)
  region size 4096K, 6 young (24576K), 0 survivors (0K)
 Metaspace       used 13886K, committed 14144K, reserved 1114112K
  class space    used 1264K, committed 1408K, reserved 1048576K
}
Event: 64.199 GC heap after
{Heap after GC invocations=12 (full 4):
 garbage-first heap   total 131072K, used 73810K [0x0000000608c00000, 0x0000000800000000)
  region size 4096K, 1 young (4096K), 1 survivors (4096K)
 Metaspace       used 13886K, committed 14144K, reserved 1114112K
  class space    used 1264K, committed 1408K, reserved 1048576K
}
Event: 67.698 GC heap before
{Heap before GC invocations=13 (full 4):
 garbage-first heap   total 139264K, used 86098K [0x0000000608c00000, 0x0000000800000000)
  region size 4096K, 6 young (24576K), 1 survivors (4096K)
 Metaspace       used 13921K, committed 14144K, reserved 1114112K
  class space    used 1264K, committed 1408K, reserved 1048576K
}
Event: 67.725 GC heap after
{Heap after GC invocations=14 (full 5):
 garbage-first heap   total 139264K, used 73581K [0x0000000608c00000, 0x0000000800000000)
  region size 4096K, 0 young (0K), 0 survivors (0K)
 Metaspace       used 13921K, committed 14144K, reserved 1114112K
  class space    used 1264K, committed 1408K, reserved 1048576K
}
Event: 67.725 GC heap before
{Heap before GC invocations=14 (full 5):
 garbage-first heap   total 139264K, used 73581K [0x0000000608c00000, 0x0000000800000000)
  region size 4096K, 0 young (0K), 0 survivors (0K)
 Metaspace       used 13921K, committed 14144K, reserved 1114112K
  class space    used 1264K, committed 1408K, reserved 1048576K
}
Event: 67.751 GC heap after
{Heap after GC invocations=15 (full 6):
 garbage-first heap   total 139264K, used 73581K [0x0000000608c00000, 0x0000000800000000)
  region size 4096K, 0 young (0K), 0 survivors (0K)
 Metaspace       used 13921K, committed 14144K, reserved 1114112K
  class space    used 1264K, committed 1408K, reserved 1048576K
}
Event: 69.707 GC heap before
{Heap before GC invocations=15 (full 6):
 garbage-first heap   total 139264K, used 102253K [0x0000000608c00000, 0x0000000800000000)
  region size 4096K, 7 young (28672K), 0 survivors (0K)
 Metaspace       used 13949K, committed 14272K, reserved 1114112K
  class space    used 1264K, committed 1408K, reserved 1048576K
}
Event: 69.715 GC heap after
{Heap after GC invocations=16 (full 6):
 garbage-first heap   total 139264K, used 91738K [0x0000000608c00000, 0x0000000800000000)
  region size 4096K, 1 young (4096K), 1 survivors (4096K)
 Metaspace       used 13949K, committed 14272K, reserved 1114112K
  class space    used 1264K, committed 1408K, reserved 1048576K
}
Event: 70.815 GC heap before
{Heap before GC invocations=17 (full 6):
 garbage-first heap   total 172032K, used 108122K [0x0000000608c00000, 0x0000000800000000)
  region size 4096K, 5 young (20480K), 1 survivors (4096K)
 Metaspace       used 14003K, committed 14272K, reserved 1114112K
  class space    used 1278K, committed 1408K, reserved 1048576K
}
Event: 70.823 GC heap after
{Heap after GC invocations=18 (full 6):
 garbage-first heap   total 172032K, used 101400K [0x0000000608c00000, 0x0000000800000000)
  region size 4096K, 1 young (4096K), 1 survivors (4096K)
 Metaspace       used 14003K, committed 14272K, reserved 1114112K
  class space    used 1278K, committed 1408K, reserved 1048576K
}
Event: 73.488 GC heap before
{Heap before GC invocations=18 (full 6):
 garbage-first heap   total 172032K, used 117784K [0x0000000608c00000, 0x0000000800000000)
  region size 4096K, 7 young (28672K), 1 survivors (4096K)
 Metaspace       used 14007K, committed 14272K, reserved 1114112K
  class space    used 1278K, committed 1408K, reserved 1048576K
}
Event: 73.522 GC heap after
{Heap after GC invocations=19 (full 7):
 garbage-first heap   total 192512K, used 111228K [0x0000000608c00000, 0x0000000800000000)
  region size 4096K, 0 young (0K), 0 survivors (0K)
 Metaspace       used 14007K, committed 14272K, reserved 1114112K
  class space    used 1278K, committed 1408K, reserved 1048576K
}
Event: 75.600 GC heap before
{Heap before GC invocations=19 (full 7):
 garbage-first heap   total 192512K, used 139900K [0x0000000608c00000, 0x0000000800000000)
  region size 4096K, 7 young (28672K), 0 survivors (0K)
 Metaspace       used 14021K, committed 14272K, reserved 1114112K
  class space    used 1278K, committed 1408K, reserved 1048576K
}
Event: 75.608 GC heap after
{Heap after GC invocations=20 (full 7):
 garbage-first heap   total 561152K, used 127421K [0x0000000608c00000, 0x0000000800000000)
  region size 4096K, 1 young (4096K), 1 survivors (4096K)
 Metaspace       used 14021K, committed 14272K, reserved 1114112K
  class space    used 1278K, committed 1408K, reserved 1048576K
}
Event: 136.167 GC heap before
{Heap before GC invocations=21 (full 7):
 garbage-first heap   total 425984K, used 287178K [0x0000000608c00000, 0x0000000800000000)
  region size 4096K, 41 young (167936K), 1 survivors (4096K)
 Metaspace       used 14268K, committed 14592K, reserved 1114112K
  class space    used 1304K, committed 1472K, reserved 1048576K
}
Event: 136.185 GC heap after
{Heap after GC invocations=22 (full 7):
 garbage-first heap   total 425984K, used 140178K [0x0000000608c00000, 0x0000000800000000)
  region size 4096K, 6 young (24576K), 6 survivors (24576K)
 Metaspace       used 14268K, committed 14592K, reserved 1114112K
  class space    used 1304K, committed 1472K, reserved 1048576K
}
Event: 201.131 GC heap before
{Heap before GC invocations=22 (full 7):
 garbage-first heap   total 425984K, used 308114K [0x0000000608c00000, 0x0000000800000000)
  region size 4096K, 47 young (192512K), 6 survivors (24576K)
 Metaspace       used 14373K, committed 14656K, reserved 1114112K
  class space    used 1314K, committed 1472K, reserved 1048576K
}
Event: 201.153 GC heap after
{Heap after GC invocations=23 (full 7):
 garbage-first heap   total 425984K, used 116968K [0x0000000608c00000, 0x0000000800000000)
  region size 4096K, 3 young (12288K), 3 survivors (12288K)
 Metaspace       used 14373K, committed 14656K, reserved 1114112K
  class space    used 1314K, committed 1472K, reserved 1048576K
}
Event: 221.509 GC heap before
{Heap before GC invocations=23 (full 7):
 garbage-first heap   total 425984K, used 149736K [0x0000000608c00000, 0x0000000800000000)
  region size 4096K, 12 young (49152K), 3 survivors (12288K)
 Metaspace       used 14386K, committed 14720K, reserved 1114112K
  class space    used 1314K, committed 1472K, reserved 1048576K
}
Event: 221.535 GC heap after
{Heap after GC invocations=24 (full 8):
 garbage-first heap   total 344064K, used 85204K [0x0000000608c00000, 0x0000000800000000)
  region size 4096K, 0 young (0K), 0 survivors (0K)
 Metaspace       used 14386K, committed 14720K, reserved 1114112K
  class space    used 1314K, committed 1472K, reserved 1048576K
}

