# JRE version: OpenJDK Runtime Environment Temurin-21.0.8+9 (21.0.8+9) (build 21.0.8+9-LTS)
# Java VM: OpenJDK 64-Bit Server VM Temurin-21.0.8+9 (21.0.8+9-LTS, mixed mode, sharing, tiered, compressed oops, compressed class ptrs, g1 gc, windows-amd64)
GC Precious Log:
 CardTable entry size: 512
 Card Set container configuration: InlinePtr #cards 4 size 8 Array Of Cards #cards 32 size 80 Howl #buckets 8 coarsen threshold 7372 Howl Bitmap #cards 1024 size 144 coarsen threshold 921 Card regions per heap region 1 cards per card region 8192
 CPUs: 14 total, 14 available
 Memory: 32203M
 Large Page Support: Disabled
 NUMA Support: Disabled
 Compressed Oops: Enabled (Zero based)
 Heap Region Size: 4M
 Heap Min Capacity: 8M
 Heap Initial Capacity: 504M
 Heap Max Capacity: 8052M
 Pre-touch: Disabled
 Parallel Workers: 11
 Concurrent Workers: 3
 Concurrent Refinement Workers: 11
 Periodic GC: Disabled
Heap:
 garbage-first heap   total 303104K, used 92758K [0x0000000608c00000, 0x0000000800000000)
  region size 4096K, 9 young (36864K), 3 survivors (12288K)
 Metaspace       used 13575K, committed 13888K, reserved 1114112K
  class space    used 1255K, committed 1408K, reserved 1048576K
GC Heap History (20 events):
Event: 2.216 GC heap before
{Heap before GC invocations=0 (full 0):
 garbage-first heap   total 516096K, used 32768K [0x0000000608c00000, 0x0000000800000000)
  region size 4096K, 6 young (24576K), 0 survivors (0K)
 Metaspace       used 11811K, committed 12096K, reserved 1114112K
  class space    used 1155K, committed 1280K, reserved 1048576K
}
Event: 2.224 GC heap after
{Heap after GC invocations=1 (full 0):
 garbage-first heap   total 516096K, used 17635K [0x0000000608c00000, 0x0000000800000000)
  region size 4096K, 1 young (4096K), 1 survivors (4096K)
 Metaspace       used 11811K, committed 12096K, reserved 1114112K
  class space    used 1155K, committed 1280K, reserved 1048576K
}
Event: 4.010 GC heap before
{Heap before GC invocations=1 (full 0):
 garbage-first heap   total 516096K, used 17635K [0x0000000608c00000, 0x0000000800000000)
  region size 4096K, 2 young (8192K), 1 survivors (4096K)
 Metaspace       used 12372K, committed 12672K, reserved 1114112K
  class space    used 1204K, committed 1344K, reserved 1048576K
}
Event: 4.026 GC heap after
{Heap after GC invocations=2 (full 1):
 garbage-first heap   total 69632K, used 17386K [0x0000000608c00000, 0x0000000800000000)
  region size 4096K, 0 young (0K), 0 survivors (0K)
 Metaspace       used 12372K, committed 12672K, reserved 1114112K
  class space    used 1204K, committed 1344K, reserved 1048576K
}
Event: 4.027 GC heap before
{Heap before GC invocations=2 (full 1):
 garbage-first heap   total 69632K, used 17386K [0x0000000608c00000, 0x0000000800000000)
  region size 4096K, 1 young (4096K), 0 survivors (0K)
 Metaspace       used 12372K, committed 12672K, reserved 1114112K
  class space    used 1204K, committed 1344K, reserved 1048576K
}
Event: 4.051 GC heap after
{Heap after GC invocations=3 (full 2):
 garbage-first heap   total 69632K, used 17385K [0x0000000608c00000, 0x0000000800000000)
  region size 4096K, 0 young (0K), 0 survivors (0K)
 Metaspace       used 12372K, committed 12672K, reserved 1114112K
  class space    used 1204K, committed 1344K, reserved 1048576K
}
Event: 4.986 GC heap before
{Heap before GC invocations=3 (full 2):
 garbage-first heap   total 69632K, used 37865K [0x0000000608c00000, 0x0000000800000000)
  region size 4096K, 5 young (20480K), 0 survivors (0K)
 Metaspace       used 12537K, committed 12800K, reserved 1114112K
  class space    used 1213K, committed 1344K, reserved 1048576K
}
Event: 4.993 GC heap after
{Heap after GC invocations=4 (full 2):
 garbage-first heap   total 69632K, used 35607K [0x0000000608c00000, 0x0000000800000000)
  region size 4096K, 1 young (4096K), 1 survivors (4096K)
 Metaspace       used 12537K, committed 12800K, reserved 1114112K
  class space    used 1213K, committed 1344K, reserved 1048576K
}
Event: 5.324 GC heap before
{Heap before GC invocations=4 (full 2):
 garbage-first heap   total 69632K, used 39703K [0x0000000608c00000, 0x0000000800000000)
  region size 4096K, 2 young (8192K), 1 survivors (4096K)
 Metaspace       used 12555K, committed 12800K, reserved 1114112K
  class space    used 1213K, committed 1344K, reserved 1048576K
}
Event: 5.327 GC heap after
{Heap after GC invocations=5 (full 2):
 garbage-first heap   total 69632K, used 39255K [0x0000000608c00000, 0x0000000800000000)
  region size 4096K, 1 young (4096K), 1 survivors (4096K)
 Metaspace       used 12555K, committed 12800K, reserved 1114112K
  class space    used 1213K, committed 1344K, reserved 1048576K
}
Event: 5.510 GC heap before
{Heap before GC invocations=6 (full 2):
 garbage-first heap   total 77824K, used 43351K [0x0000000608c00000, 0x0000000800000000)
  region size 4096K, 2 young (8192K), 1 survivors (4096K)
 Metaspace       used 12605K, committed 12864K, reserved 1114112K
  class space    used 1219K, committed 1344K, reserved 1048576K
}
Event: 5.513 GC heap after
{Heap after GC invocations=7 (full 2):
 garbage-first heap   total 77824K, used 42998K [0x0000000608c00000, 0x0000000800000000)
  region size 4096K, 1 young (4096K), 1 survivors (4096K)
 Metaspace       used 12605K, committed 12864K, reserved 1114112K
  class space    used 1219K, committed 1344K, reserved 1048576K
}
Event: 5.563 GC heap before
{Heap before GC invocations=7 (full 2):
 garbage-first heap   total 77824K, used 42998K [0x0000000608c00000, 0x0000000800000000)
  region size 4096K, 2 young (8192K), 1 survivors (4096K)
 Metaspace       used 12629K, committed 12864K, reserved 1114112K
  class space    used 1221K, committed 1344K, reserved 1048576K
}
Event: 5.585 GC heap after
{Heap after GC invocations=8 (full 3):
 garbage-first heap   total 77824K, used 43196K [0x0000000608c00000, 0x0000000800000000)
  region size 4096K, 0 young (0K), 0 survivors (0K)
 Metaspace       used 12629K, committed 12864K, reserved 1114112K
  class space    used 1221K, committed 1344K, reserved 1048576K
}
Event: 6.059 GC heap before
{Heap before GC invocations=8 (full 3):
 garbage-first heap   total 77824K, used 47292K [0x0000000608c00000, 0x0000000800000000)
  region size 4096K, 2 young (8192K), 0 survivors (0K)
 Metaspace       used 12795K, committed 12992K, reserved 1114112K
  class space    used 1232K, committed 1344K, reserved 1048576K
}
Event: 6.061 GC heap after
{Heap after GC invocations=9 (full 3):
 garbage-first heap   total 77824K, used 47437K [0x0000000608c00000, 0x0000000800000000)
  region size 4096K, 1 young (4096K), 1 survivors (4096K)
 Metaspace       used 12795K, committed 12992K, reserved 1114112K
  class space    used 1232K, committed 1344K, reserved 1048576K
}
Event: 6.532 GC heap before
{Heap before GC invocations=10 (full 3):
 garbage-first heap   total 90112K, used 47437K [0x0000000608c00000, 0x0000000800000000)
  region size 4096K, 2 young (8192K), 1 survivors (4096K)
 Metaspace       used 12800K, committed 12992K, reserved 1114112K
  class space    used 1232K, committed 1344K, reserved 1048576K
}
Event: 6.535 GC heap after
{Heap after GC invocations=11 (full 3):
 garbage-first heap   total 303104K, used 51169K [0x0000000608c00000, 0x0000000800000000)
  region size 4096K, 1 young (4096K), 1 survivors (4096K)
 Metaspace       used 12800K, committed 12992K, reserved 1114112K
  class space    used 1232K, committed 1344K, reserved 1048576K
}
Event: 38.212 GC heap before
{Heap before GC invocations=11 (full 3):
 garbage-first heap   total 303104K, used 120801K [0x0000000608c00000, 0x0000000800000000)
  region size 4096K, 19 young (77824K), 1 survivors (4096K)
 Metaspace       used 13527K, committed 13760K, reserved 1114112K
  class space    used 1253K, committed 1408K, reserved 1048576K
}
Event: 38.222 GC heap after
{Heap after GC invocations=12 (full 3):
 garbage-first heap   total 303104K, used 72278K [0x0000000608c00000, 0x0000000800000000)
  region size 4096K, 3 young (12288K), 3 survivors (12288K)
 Metaspace       used 13527K, committed 13760K, reserved 1114112K
  class space    used 1253K, committed 1408K, reserved 1048576K
}

