# JRE version: OpenJDK Runtime Environment Temurin-21.0.8+9 (21.0.8+9) (build 21.0.8+9-LTS)
# Java VM: OpenJDK 64-Bit Server VM Temurin-21.0.8+9 (21.0.8+9-LTS, mixed mode, sharing, tiered, compressed oops, compressed class ptrs, g1 gc, windows-amd64)
GC Precious Log:
 CardTable entry size: 512
 Card Set container configuration: InlinePtr #cards 4 size 8 Array Of Cards #cards 32 size 80 Howl #buckets 8 coarsen threshold 7372 Howl Bitmap #cards 1024 size 144 coarsen threshold 921 Card regions per heap region 1 cards per card region 8192
 CPUs: 14 total, 14 available
 Memory: 32203M
 Large Page Support: Disabled
 NUMA Support: Disabled
 Compressed Oops: Enabled (Zero based)
 Heap Region Size: 4M
 Heap Min Capacity: 8M
 Heap Initial Capacity: 504M
 Heap Max Capacity: 8052M
 Pre-touch: Disabled
 Parallel Workers: 11
 Concurrent Workers: 3
 Concurrent Refinement Workers: 11
 Periodic GC: Disabled
Heap:
 garbage-first heap   total 118784K, used 81715K [0x0000000608c00000, 0x0000000800000000)
  region size 4096K, 5 young (20480K), 1 survivors (4096K)
 Metaspace       used 13529K, committed 13824K, reserved 1114112K
  class space    used 1252K, committed 1408K, reserved 1048576K
GC Heap History (20 events):
Event: 5.778 GC heap before
{Heap before GC invocations=2 (full 1):
 garbage-first heap   total 98304K, used 17389K [0x0000000608c00000, 0x0000000800000000)
  region size 4096K, 0 young (0K), 0 survivors (0K)
 Metaspace       used 12354K, committed 12672K, reserved 1114112K
  class space    used 1203K, committed 1344K, reserved 1048576K
}
Event: 5.789 GC heap after
{Heap after GC invocations=3 (full 2):
 garbage-first heap   total 81920K, used 17358K [0x0000000608c00000, 0x0000000800000000)
  region size 4096K, 0 young (0K), 0 survivors (0K)
 Metaspace       used 12354K, committed 12672K, reserved 1114112K
  class space    used 1203K, committed 1344K, reserved 1048576K
}
Event: 7.042 GC heap before
{Heap before GC invocations=3 (full 2):
 garbage-first heap   total 81920K, used 37838K [0x0000000608c00000, 0x0000000800000000)
  region size 4096K, 6 young (24576K), 0 survivors (0K)
 Metaspace       used 12542K, committed 12800K, reserved 1114112K
  class space    used 1213K, committed 1344K, reserved 1048576K
}
Event: 7.051 GC heap after
{Heap after GC invocations=4 (full 2):
 garbage-first heap   total 81920K, used 39112K [0x0000000608c00000, 0x0000000800000000)
  region size 4096K, 1 young (4096K), 1 survivors (4096K)
 Metaspace       used 12542K, committed 12800K, reserved 1114112K
  class space    used 1213K, committed 1344K, reserved 1048576K
}
Event: 7.211 GC heap before
{Heap before GC invocations=4 (full 2):
 garbage-first heap   total 81920K, used 43208K [0x0000000608c00000, 0x0000000800000000)
  region size 4096K, 3 young (12288K), 1 survivors (4096K)
 Metaspace       used 12610K, committed 12864K, reserved 1114112K
  class space    used 1221K, committed 1344K, reserved 1048576K
}
Event: 7.223 GC heap after
{Heap after GC invocations=5 (full 3):
 garbage-first heap   total 81920K, used 42979K [0x0000000608c00000, 0x0000000800000000)
  region size 4096K, 0 young (0K), 0 survivors (0K)
 Metaspace       used 12610K, committed 12864K, reserved 1114112K
  class space    used 1221K, committed 1344K, reserved 1048576K
}
Event: 7.599 GC heap before
{Heap before GC invocations=5 (full 3):
 garbage-first heap   total 81920K, used 47075K [0x0000000608c00000, 0x0000000800000000)
  region size 4096K, 2 young (8192K), 0 survivors (0K)
 Metaspace       used 12813K, committed 13056K, reserved 1114112K
  class space    used 1236K, committed 1344K, reserved 1048576K
}
Event: 7.601 GC heap after
{Heap after GC invocations=6 (full 3):
 garbage-first heap   total 81920K, used 46860K [0x0000000608c00000, 0x0000000800000000)
  region size 4096K, 1 young (4096K), 1 survivors (4096K)
 Metaspace       used 12813K, committed 13056K, reserved 1114112K
  class space    used 1236K, committed 1344K, reserved 1048576K
}
Event: 8.574 GC heap before
{Heap before GC invocations=7 (full 3):
 garbage-first heap   total 90112K, used 50956K [0x0000000608c00000, 0x0000000800000000)
  region size 4096K, 3 young (12288K), 1 survivors (4096K)
 Metaspace       used 12920K, committed 13184K, reserved 1114112K
  class space    used 1239K, committed 1344K, reserved 1048576K
}
Event: 8.578 GC heap after
{Heap after GC invocations=8 (full 3):
 garbage-first heap   total 90112K, used 53919K [0x0000000608c00000, 0x0000000800000000)
  region size 4096K, 1 young (4096K), 1 survivors (4096K)
 Metaspace       used 12920K, committed 13184K, reserved 1114112K
  class space    used 1239K, committed 1344K, reserved 1048576K
}
Event: 10.406 GC heap before
{Heap before GC invocations=8 (full 3):
 garbage-first heap   total 90112K, used 62111K [0x0000000608c00000, 0x0000000800000000)
  region size 4096K, 3 young (12288K), 1 survivors (4096K)
 Metaspace       used 13171K, committed 13440K, reserved 1114112K
  class space    used 1243K, committed 1408K, reserved 1048576K
}
Event: 10.408 GC heap after
{Heap after GC invocations=9 (full 3):
 garbage-first heap   total 90112K, used 57362K [0x0000000608c00000, 0x0000000800000000)
  region size 4096K, 1 young (4096K), 1 survivors (4096K)
 Metaspace       used 13171K, committed 13440K, reserved 1114112K
  class space    used 1243K, committed 1408K, reserved 1048576K
}
Event: 12.546 GC heap before
{Heap before GC invocations=9 (full 3):
 garbage-first heap   total 90112K, used 65554K [0x0000000608c00000, 0x0000000800000000)
  region size 4096K, 3 young (12288K), 1 survivors (4096K)
 Metaspace       used 13237K, committed 13568K, reserved 1114112K
  class space    used 1244K, committed 1408K, reserved 1048576K
}
Event: 12.548 GC heap after
{Heap after GC invocations=10 (full 3):
 garbage-first heap   total 90112K, used 61484K [0x0000000608c00000, 0x0000000800000000)
  region size 4096K, 1 young (4096K), 1 survivors (4096K)
 Metaspace       used 13237K, committed 13568K, reserved 1114112K
  class space    used 1244K, committed 1408K, reserved 1048576K
}
Event: 14.010 GC heap before
{Heap before GC invocations=11 (full 3):
 garbage-first heap   total 110592K, used 65580K [0x0000000608c00000, 0x0000000800000000)
  region size 4096K, 2 young (8192K), 1 survivors (4096K)
 Metaspace       used 13279K, committed 13568K, reserved 1114112K
  class space    used 1244K, committed 1408K, reserved 1048576K
}
Event: 14.012 GC heap after
{Heap after GC invocations=12 (full 3):
 garbage-first heap   total 110592K, used 63284K [0x0000000608c00000, 0x0000000800000000)
  region size 4096K, 1 young (4096K), 1 survivors (4096K)
 Metaspace       used 13279K, committed 13568K, reserved 1114112K
  class space    used 1244K, committed 1408K, reserved 1048576K
}
Event: 20.020 GC heap before
{Heap before GC invocations=12 (full 3):
 garbage-first heap   total 110592K, used 75572K [0x0000000608c00000, 0x0000000800000000)
  region size 4096K, 4 young (16384K), 1 survivors (4096K)
 Metaspace       used 13433K, committed 13696K, reserved 1114112K
  class space    used 1250K, committed 1408K, reserved 1048576K
}
Event: 20.025 GC heap after
{Heap after GC invocations=13 (full 3):
 garbage-first heap   total 110592K, used 65120K [0x0000000608c00000, 0x0000000800000000)
  region size 4096K, 1 young (4096K), 1 survivors (4096K)
 Metaspace       used 13433K, committed 13696K, reserved 1114112K
  class space    used 1250K, committed 1408K, reserved 1048576K
}
Event: 27.627 GC heap before
{Heap before GC invocations=13 (full 3):
 garbage-first heap   total 110592K, used 81504K [0x0000000608c00000, 0x0000000800000000)
  region size 4096K, 5 young (20480K), 1 survivors (4096K)
 Metaspace       used 13485K, committed 13760K, reserved 1114112K
  class space    used 1250K, committed 1408K, reserved 1048576K
}
Event: 27.630 GC heap after
{Heap after GC invocations=14 (full 3):
 garbage-first heap   total 110592K, used 69427K [0x0000000608c00000, 0x0000000800000000)
  region size 4096K, 1 young (4096K), 1 survivors (4096K)
 Metaspace       used 13485K, committed 13760K, reserved 1114112K
  class space    used 1250K, committed 1408K, reserved 1048576K
}

