# JRE version: OpenJDK Runtime Environment Temurin-21.0.8+9 (21.0.8+9) (build 21.0.8+9-LTS)
# Java VM: OpenJDK 64-Bit Server VM Temurin-21.0.8+9 (21.0.8+9-LTS, mixed mode, sharing, tiered, compressed oops, compressed class ptrs, g1 gc, windows-amd64)
GC Precious Log:
 CardTable entry size: 512
 Card Set container configuration: InlinePtr #cards 4 size 8 Array Of Cards #cards 32 size 80 Howl #buckets 8 coarsen threshold 7372 Howl Bitmap #cards 1024 size 144 coarsen threshold 921 Card regions per heap region 1 cards per card region 8192
 CPUs: 14 total, 14 available
 Memory: 32203M
 Large Page Support: Disabled
 NUMA Support: Disabled
 Compressed Oops: Enabled (Zero based)
 Heap Region Size: 4M
 Heap Min Capacity: 8M
 Heap Initial Capacity: 504M
 Heap Max Capacity: 8052M
 Pre-touch: Disabled
 Parallel Workers: 11
 Concurrent Workers: 3
 Concurrent Refinement Workers: 11
 Periodic GC: Disabled
Heap:
 garbage-first heap   total 172032K, used 88383K [0x0000000608c00000, 0x0000000800000000)
  region size 4096K, 1 young (4096K), 0 survivors (0K)
 Metaspace       used 13934K, committed 14208K, reserved 1114112K
  class space    used 1265K, committed 1408K, reserved 1048576K
GC Heap History (20 events):
Event: 46.326 GC heap before
{Heap before GC invocations=10 (full 3):
 garbage-first heap   total 118784K, used 88376K [0x0000000608c00000, 0x0000000800000000)
  region size 4096K, 7 young (28672K), 1 survivors (4096K)
 Metaspace       used 13832K, committed 14144K, reserved 1114112K
  class space    used 1262K, committed 1408K, reserved 1048576K
}
Event: 46.331 GC heap after
{Heap after GC invocations=11 (full 3):
 garbage-first heap   total 118784K, used 69110K [0x0000000608c00000, 0x0000000800000000)
  region size 4096K, 1 young (4096K), 1 survivors (4096K)
 Metaspace       used 13832K, committed 14144K, reserved 1114112K
  class space    used 1262K, committed 1408K, reserved 1048576K
}
Event: 55.719 GC heap before
{Heap before GC invocations=12 (full 3):
 garbage-first heap   total 122880K, used 93686K [0x0000000608c00000, 0x0000000800000000)
  region size 4096K, 7 young (28672K), 1 survivors (4096K)
 Metaspace       used 13836K, committed 14144K, reserved 1114112K
  class space    used 1262K, committed 1408K, reserved 1048576K
}
Event: 55.722 GC heap after
{Heap after GC invocations=13 (full 3):
 garbage-first heap   total 122880K, used 69958K [0x0000000608c00000, 0x0000000800000000)
  region size 4096K, 1 young (4096K), 1 survivors (4096K)
 Metaspace       used 13836K, committed 14144K, reserved 1114112K
  class space    used 1262K, committed 1408K, reserved 1048576K
}
Event: 65.095 GC heap before
{Heap before GC invocations=13 (full 3):
 garbage-first heap   total 122880K, used 94534K [0x0000000608c00000, 0x0000000800000000)
  region size 4096K, 7 young (28672K), 1 survivors (4096K)
 Metaspace       used 13848K, committed 14144K, reserved 1114112K
  class space    used 1263K, committed 1408K, reserved 1048576K
}
Event: 65.098 GC heap after
{Heap after GC invocations=14 (full 3):
 garbage-first heap   total 122880K, used 70835K [0x0000000608c00000, 0x0000000800000000)
  region size 4096K, 1 young (4096K), 1 survivors (4096K)
 Metaspace       used 13848K, committed 14144K, reserved 1114112K
  class space    used 1263K, committed 1408K, reserved 1048576K
}
Event: 75.103 GC heap before
{Heap before GC invocations=14 (full 3):
 garbage-first heap   total 122880K, used 99507K [0x0000000608c00000, 0x0000000800000000)
  region size 4096K, 8 young (32768K), 1 survivors (4096K)
 Metaspace       used 13862K, committed 14144K, reserved 1114112K
  class space    used 1263K, committed 1408K, reserved 1048576K
}
Event: 75.105 GC heap after
{Heap after GC invocations=15 (full 3):
 garbage-first heap   total 122880K, used 72108K [0x0000000608c00000, 0x0000000800000000)
  region size 4096K, 1 young (4096K), 1 survivors (4096K)
 Metaspace       used 13862K, committed 14144K, reserved 1114112K
  class space    used 1263K, committed 1408K, reserved 1048576K
}
Event: 87.020 GC heap before
{Heap before GC invocations=16 (full 3):
 garbage-first heap   total 122880K, used 104876K [0x0000000608c00000, 0x0000000800000000)
  region size 4096K, 9 young (36864K), 1 survivors (4096K)
 Metaspace       used 13868K, committed 14144K, reserved 1114112K
  class space    used 1263K, committed 1408K, reserved 1048576K
}
Event: 87.023 GC heap after
{Heap after GC invocations=17 (full 3):
 garbage-first heap   total 122880K, used 73481K [0x0000000608c00000, 0x0000000800000000)
  region size 4096K, 2 young (8192K), 2 survivors (8192K)
 Metaspace       used 13868K, committed 14144K, reserved 1114112K
  class space    used 1263K, committed 1408K, reserved 1048576K
}
Event: 97.484 GC heap before
{Heap before GC invocations=17 (full 3):
 garbage-first heap   total 122880K, used 102153K [0x0000000608c00000, 0x0000000800000000)
  region size 4096K, 9 young (36864K), 2 survivors (8192K)
 Metaspace       used 13876K, committed 14144K, reserved 1114112K
  class space    used 1263K, committed 1408K, reserved 1048576K
}
Event: 97.487 GC heap after
{Heap after GC invocations=18 (full 3):
 garbage-first heap   total 122880K, used 75047K [0x0000000608c00000, 0x0000000800000000)
  region size 4096K, 2 young (8192K), 2 survivors (8192K)
 Metaspace       used 13876K, committed 14144K, reserved 1114112K
  class space    used 1263K, committed 1408K, reserved 1048576K
}
Event: 104.458 GC heap before
{Heap before GC invocations=19 (full 3):
 garbage-first heap   total 139264K, used 95527K [0x0000000608c00000, 0x0000000800000000)
  region size 4096K, 7 young (28672K), 2 survivors (8192K)
 Metaspace       used 13885K, committed 14144K, reserved 1114112K
  class space    used 1263K, committed 1408K, reserved 1048576K
}
Event: 104.462 GC heap after
{Heap after GC invocations=20 (full 3):
 garbage-first heap   total 167936K, used 77545K [0x0000000608c00000, 0x0000000800000000)
  region size 4096K, 1 young (4096K), 1 survivors (4096K)
 Metaspace       used 13885K, committed 14144K, reserved 1114112K
  class space    used 1263K, committed 1408K, reserved 1048576K
}
Event: 124.622 GC heap before
{Heap before GC invocations=20 (full 3):
 garbage-first heap   total 167936K, used 138985K [0x0000000608c00000, 0x0000000800000000)
  region size 4096K, 16 young (65536K), 1 survivors (4096K)
 Metaspace       used 13902K, committed 14208K, reserved 1114112K
  class space    used 1263K, committed 1408K, reserved 1048576K
}
Event: 124.625 GC heap after
{Heap after GC invocations=21 (full 3):
 garbage-first heap   total 167936K, used 84303K [0x0000000608c00000, 0x0000000800000000)
  region size 4096K, 2 young (8192K), 2 survivors (8192K)
 Metaspace       used 13902K, committed 14208K, reserved 1114112K
  class space    used 1263K, committed 1408K, reserved 1048576K
}
Event: 145.640 GC heap before
{Heap before GC invocations=21 (full 3):
 garbage-first heap   total 167936K, used 137551K [0x0000000608c00000, 0x0000000800000000)
  region size 4096K, 15 young (61440K), 2 survivors (8192K)
 Metaspace       used 13911K, committed 14208K, reserved 1114112K
  class space    used 1263K, committed 1408K, reserved 1048576K
}
Event: 145.644 GC heap after
{Heap after GC invocations=22 (full 3):
 garbage-first heap   total 167936K, used 89347K [0x0000000608c00000, 0x0000000800000000)
  region size 4096K, 2 young (8192K), 2 survivors (8192K)
 Metaspace       used 13911K, committed 14208K, reserved 1114112K
  class space    used 1263K, committed 1408K, reserved 1048576K
}
Event: 162.537 GC heap before
{Heap before GC invocations=23 (full 3):
 garbage-first heap   total 167936K, used 113923K [0x0000000608c00000, 0x0000000800000000)
  region size 4096K, 9 young (36864K), 2 survivors (8192K)
 Metaspace       used 13921K, committed 14208K, reserved 1114112K
  class space    used 1263K, committed 1408K, reserved 1048576K
}
Event: 162.557 GC heap after
{Heap after GC invocations=24 (full 4):
 garbage-first heap   total 172032K, used 88383K [0x0000000608c00000, 0x0000000800000000)
  region size 4096K, 0 young (0K), 0 survivors (0K)
 Metaspace       used 13921K, committed 14208K, reserved 1114112K
  class space    used 1263K, committed 1408K, reserved 1048576K
}

