# JRE version: OpenJDK Runtime Environment Temurin-21.0.8+9 (21.0.8+9) (build 21.0.8+9-LTS)
# Java VM: OpenJDK 64-Bit Server VM Temurin-21.0.8+9 (21.0.8+9-LTS, mixed mode, sharing, tiered, compressed oops, compressed class ptrs, g1 gc, windows-amd64)
GC Precious Log:
 CardTable entry size: 512
 Card Set container configuration: InlinePtr #cards 4 size 8 Array Of Cards #cards 32 size 80 Howl #buckets 8 coarsen threshold 7372 Howl Bitmap #cards 1024 size 144 coarsen threshold 921 Card regions per heap region 1 cards per card region 8192
 CPUs: 14 total, 14 available
 Memory: 32203M
 Large Page Support: Disabled
 NUMA Support: Disabled
 Compressed Oops: Enabled (Zero based)
 Heap Region Size: 4M
 Heap Min Capacity: 8M
 Heap Initial Capacity: 504M
 Heap Max Capacity: 8052M
 Pre-touch: Disabled
 Parallel Workers: 11
 Concurrent Workers: 3
 Concurrent Refinement Workers: 11
 Periodic GC: Disabled
Heap:
 garbage-first heap   total 315392K, used 160609K [0x0000000608c00000, 0x0000000800000000)
  region size 4096K, 24 young (98304K), 4 survivors (16384K)
 Metaspace       used 13784K, committed 14016K, reserved 1114112K
  class space    used 1267K, committed 1408K, reserved 1048576K
GC Heap History (20 events):
Event: 32.908 GC heap before
{Heap before GC invocations=1 (full 0):
 garbage-first heap   total 516096K, used 21761K [0x0000000608c00000, 0x0000000800000000)
  region size 4096K, 3 young (12288K), 1 survivors (4096K)
 Metaspace       used 12512K, committed 12736K, reserved 1114112K
  class space    used 1205K, committed 1344K, reserved 1048576K
}
Event: 32.919 GC heap after
{Heap after GC invocations=2 (full 1):
 garbage-first heap   total 98304K, used 17421K [0x0000000608c00000, 0x0000000800000000)
  region size 4096K, 0 young (0K), 0 survivors (0K)
 Metaspace       used 12512K, committed 12736K, reserved 1114112K
  class space    used 1205K, committed 1344K, reserved 1048576K
}
Event: 32.920 GC heap before
{Heap before GC invocations=2 (full 1):
 garbage-first heap   total 98304K, used 17421K [0x0000000608c00000, 0x0000000800000000)
  region size 4096K, 0 young (0K), 0 survivors (0K)
 Metaspace       used 12512K, committed 12736K, reserved 1114112K
  class space    used 1205K, committed 1344K, reserved 1048576K
}
Event: 32.931 GC heap after
{Heap after GC invocations=3 (full 2):
 garbage-first heap   total 81920K, used 17420K [0x0000000608c00000, 0x0000000800000000)
  region size 4096K, 0 young (0K), 0 survivors (0K)
 Metaspace       used 12512K, committed 12736K, reserved 1114112K
  class space    used 1205K, committed 1344K, reserved 1048576K
}
Event: 33.930 GC heap before
{Heap before GC invocations=3 (full 2):
 garbage-first heap   total 81920K, used 37900K [0x0000000608c00000, 0x0000000800000000)
  region size 4096K, 6 young (24576K), 0 survivors (0K)
 Metaspace       used 12691K, committed 12992K, reserved 1114112K
  class space    used 1215K, committed 1344K, reserved 1048576K
}
Event: 33.935 GC heap after
{Heap after GC invocations=4 (full 2):
 garbage-first heap   total 81920K, used 38886K [0x0000000608c00000, 0x0000000800000000)
  region size 4096K, 1 young (4096K), 1 survivors (4096K)
 Metaspace       used 12691K, committed 12992K, reserved 1114112K
  class space    used 1215K, committed 1344K, reserved 1048576K
}
Event: 34.094 GC heap before
{Heap before GC invocations=4 (full 2):
 garbage-first heap   total 81920K, used 42982K [0x0000000608c00000, 0x0000000800000000)
  region size 4096K, 3 young (12288K), 1 survivors (4096K)
 Metaspace       used 12769K, committed 12992K, reserved 1114112K
  class space    used 1223K, committed 1344K, reserved 1048576K
}
Event: 34.105 GC heap after
{Heap after GC invocations=5 (full 3):
 garbage-first heap   total 81920K, used 43068K [0x0000000608c00000, 0x0000000800000000)
  region size 4096K, 0 young (0K), 0 survivors (0K)
 Metaspace       used 12769K, committed 12992K, reserved 1114112K
  class space    used 1223K, committed 1344K, reserved 1048576K
}
Event: 34.414 GC heap before
{Heap before GC invocations=5 (full 3):
 garbage-first heap   total 81920K, used 47164K [0x0000000608c00000, 0x0000000800000000)
  region size 4096K, 2 young (8192K), 0 survivors (0K)
 Metaspace       used 12923K, committed 13184K, reserved 1114112K
  class space    used 1232K, committed 1344K, reserved 1048576K
}
Event: 34.416 GC heap after
{Heap after GC invocations=6 (full 3):
 garbage-first heap   total 81920K, used 47145K [0x0000000608c00000, 0x0000000800000000)
  region size 4096K, 1 young (4096K), 1 survivors (4096K)
 Metaspace       used 12923K, committed 13184K, reserved 1114112K
  class space    used 1232K, committed 1344K, reserved 1048576K
}
Event: 35.060 GC heap before
{Heap before GC invocations=7 (full 3):
 garbage-first heap   total 90112K, used 55337K [0x0000000608c00000, 0x0000000800000000)
  region size 4096K, 3 young (12288K), 1 survivors (4096K)
 Metaspace       used 12938K, committed 13184K, reserved 1114112K
  class space    used 1234K, committed 1344K, reserved 1048576K
}
Event: 35.064 GC heap after
{Heap after GC invocations=8 (full 3):
 garbage-first heap   total 90112K, used 54635K [0x0000000608c00000, 0x0000000800000000)
  region size 4096K, 1 young (4096K), 1 survivors (4096K)
 Metaspace       used 12938K, committed 13184K, reserved 1114112K
  class space    used 1234K, committed 1344K, reserved 1048576K
}
Event: 36.958 GC heap before
{Heap before GC invocations=8 (full 3):
 garbage-first heap   total 90112K, used 62827K [0x0000000608c00000, 0x0000000800000000)
  region size 4096K, 3 young (12288K), 1 survivors (4096K)
 Metaspace       used 13323K, committed 13632K, reserved 1114112K
  class space    used 1244K, committed 1408K, reserved 1048576K
}
Event: 36.960 GC heap after
{Heap after GC invocations=9 (full 3):
 garbage-first heap   total 90112K, used 58249K [0x0000000608c00000, 0x0000000800000000)
  region size 4096K, 1 young (4096K), 1 survivors (4096K)
 Metaspace       used 13323K, committed 13632K, reserved 1114112K
  class space    used 1244K, committed 1408K, reserved 1048576K
}
Event: 39.206 GC heap before
{Heap before GC invocations=9 (full 3):
 garbage-first heap   total 90112K, used 62345K [0x0000000608c00000, 0x0000000800000000)
  region size 4096K, 3 young (12288K), 1 survivors (4096K)
 Metaspace       used 13395K, committed 13696K, reserved 1114112K
  class space    used 1244K, committed 1408K, reserved 1048576K
}
Event: 39.208 GC heap after
{Heap after GC invocations=10 (full 3):
 garbage-first heap   total 90112K, used 60330K [0x0000000608c00000, 0x0000000800000000)
  region size 4096K, 1 young (4096K), 1 survivors (4096K)
 Metaspace       used 13395K, committed 13696K, reserved 1114112K
  class space    used 1244K, committed 1408K, reserved 1048576K
}
Event: 43.115 GC heap before
{Heap before GC invocations=11 (full 3):
 garbage-first heap   total 110592K, used 68522K [0x0000000608c00000, 0x0000000800000000)
  region size 4096K, 3 young (12288K), 1 survivors (4096K)
 Metaspace       used 13424K, committed 13696K, reserved 1114112K
  class space    used 1244K, committed 1408K, reserved 1048576K
}
Event: 43.118 GC heap after
{Heap after GC invocations=12 (full 3):
 garbage-first heap   total 315392K, used 62080K [0x0000000608c00000, 0x0000000800000000)
  region size 4096K, 1 young (4096K), 1 survivors (4096K)
 Metaspace       used 13424K, committed 13696K, reserved 1114112K
  class space    used 1244K, committed 1408K, reserved 1048576K
}
Event: 107.904 GC heap before
{Heap before GC invocations=12 (full 3):
 garbage-first heap   total 315392K, used 184960K [0x0000000608c00000, 0x0000000800000000)
  region size 4096K, 31 young (126976K), 1 survivors (4096K)
 Metaspace       used 13714K, committed 14016K, reserved 1114112K
  class space    used 1265K, committed 1408K, reserved 1048576K
}
Event: 107.910 GC heap after
{Heap after GC invocations=13 (full 3):
 garbage-first heap   total 315392K, used 82785K [0x0000000608c00000, 0x0000000800000000)
  region size 4096K, 4 young (16384K), 4 survivors (16384K)
 Metaspace       used 13714K, committed 14016K, reserved 1114112K
  class space    used 1265K, committed 1408K, reserved 1048576K
}

