# JRE version: OpenJDK Runtime Environment Temurin-21.0.8+9 (21.0.8+9) (build 21.0.8+9-LTS)
# Java VM: OpenJDK 64-Bit Server VM Temurin-21.0.8+9 (21.0.8+9-LTS, mixed mode, sharing, tiered, compressed oops, compressed class ptrs, g1 gc, windows-amd64)
GC Precious Log:
 CardTable entry size: 512
 Card Set container configuration: InlinePtr #cards 4 size 8 Array Of Cards #cards 32 size 80 Howl #buckets 8 coarsen threshold 7372 Howl Bitmap #cards 1024 size 144 coarsen threshold 921 Card regions per heap region 1 cards per card region 8192
 CPUs: 14 total, 14 available
 Memory: 32203M
 Large Page Support: Disabled
 NUMA Support: Disabled
 Compressed Oops: Enabled (Zero based)
 Heap Region Size: 4M
 Heap Min Capacity: 8M
 Heap Initial Capacity: 504M
 Heap Max Capacity: 8052M
 Pre-touch: Disabled
 Parallel Workers: 11
 Concurrent Workers: 3
 Concurrent Refinement Workers: 11
 Periodic GC: Disabled
Heap:
 garbage-first heap   total 286720K, used 72882K [0x0000000608c00000, 0x0000000800000000)
  region size 4096K, 2 young (8192K), 0 survivors (0K)
 Metaspace       used 13927K, committed 14272K, reserved 1114112K
  class space    used 1276K, committed 1472K, reserved 1048576K
GC Heap History (20 events):
Event: 5.236 GC heap before
{Heap before GC invocations=2 (full 1):
 garbage-first heap   total 98304K, used 17386K [0x0000000608c00000, 0x0000000800000000)
  region size 4096K, 0 young (0K), 0 survivors (0K)
 Metaspace       used 12386K, committed 12672K, reserved 1114112K
  class space    used 1200K, committed 1344K, reserved 1048576K
}
Event: 5.248 GC heap after
{Heap after GC invocations=3 (full 2):
 garbage-first heap   total 81920K, used 17385K [0x0000000608c00000, 0x0000000800000000)
  region size 4096K, 0 young (0K), 0 survivors (0K)
 Metaspace       used 12386K, committed 12672K, reserved 1114112K
  class space    used 1200K, committed 1344K, reserved 1048576K
}
Event: 8.470 GC heap before
{Heap before GC invocations=3 (full 2):
 garbage-first heap   total 81920K, used 37865K [0x0000000608c00000, 0x0000000800000000)
  region size 4096K, 6 young (24576K), 0 survivors (0K)
 Metaspace       used 12569K, committed 12800K, reserved 1114112K
  class space    used 1211K, committed 1344K, reserved 1048576K
}
Event: 8.480 GC heap after
{Heap after GC invocations=4 (full 2):
 garbage-first heap   total 81920K, used 39535K [0x0000000608c00000, 0x0000000800000000)
  region size 4096K, 1 young (4096K), 1 survivors (4096K)
 Metaspace       used 12569K, committed 12800K, reserved 1114112K
  class space    used 1211K, committed 1344K, reserved 1048576K
}
Event: 8.808 GC heap before
{Heap before GC invocations=4 (full 2):
 garbage-first heap   total 81920K, used 43631K [0x0000000608c00000, 0x0000000800000000)
  region size 4096K, 3 young (12288K), 1 survivors (4096K)
 Metaspace       used 12639K, committed 12864K, reserved 1114112K
  class space    used 1219K, committed 1344K, reserved 1048576K
}
Event: 8.829 GC heap after
{Heap after GC invocations=5 (full 3):
 garbage-first heap   total 81920K, used 42938K [0x0000000608c00000, 0x0000000800000000)
  region size 4096K, 0 young (0K), 0 survivors (0K)
 Metaspace       used 12639K, committed 12864K, reserved 1114112K
  class space    used 1219K, committed 1344K, reserved 1048576K
}
Event: 9.325 GC heap before
{Heap before GC invocations=5 (full 3):
 garbage-first heap   total 81920K, used 47034K [0x0000000608c00000, 0x0000000800000000)
  region size 4096K, 2 young (8192K), 0 survivors (0K)
 Metaspace       used 12840K, committed 13056K, reserved 1114112K
  class space    used 1235K, committed 1344K, reserved 1048576K
}
Event: 9.326 GC heap after
{Heap after GC invocations=6 (full 3):
 garbage-first heap   total 81920K, used 46581K [0x0000000608c00000, 0x0000000800000000)
  region size 4096K, 1 young (4096K), 1 survivors (4096K)
 Metaspace       used 12840K, committed 13056K, reserved 1114112K
  class space    used 1235K, committed 1344K, reserved 1048576K
}
Event: 10.247 GC heap before
{Heap before GC invocations=7 (full 3):
 garbage-first heap   total 90112K, used 54773K [0x0000000608c00000, 0x0000000800000000)
  region size 4096K, 3 young (12288K), 1 survivors (4096K)
 Metaspace       used 13050K, committed 13376K, reserved 1114112K
  class space    used 1240K, committed 1408K, reserved 1048576K
}
Event: 10.251 GC heap after
{Heap after GC invocations=8 (full 3):
 garbage-first heap   total 90112K, used 50544K [0x0000000608c00000, 0x0000000800000000)
  region size 4096K, 1 young (4096K), 1 survivors (4096K)
 Metaspace       used 13050K, committed 13376K, reserved 1114112K
  class space    used 1240K, committed 1408K, reserved 1048576K
}
Event: 11.844 GC heap before
{Heap before GC invocations=8 (full 3):
 garbage-first heap   total 90112K, used 58736K [0x0000000608c00000, 0x0000000800000000)
  region size 4096K, 3 young (12288K), 1 survivors (4096K)
 Metaspace       used 13411K, committed 13824K, reserved 1114112K
  class space    used 1271K, committed 1472K, reserved 1048576K
}
Event: 11.847 GC heap after
{Heap after GC invocations=9 (full 3):
 garbage-first heap   total 90112K, used 51477K [0x0000000608c00000, 0x0000000800000000)
  region size 4096K, 1 young (4096K), 1 survivors (4096K)
 Metaspace       used 13411K, committed 13824K, reserved 1114112K
  class space    used 1271K, committed 1472K, reserved 1048576K
}
Event: 14.028 GC heap before
{Heap before GC invocations=9 (full 3):
 garbage-first heap   total 90112K, used 59669K [0x0000000608c00000, 0x0000000800000000)
  region size 4096K, 3 young (12288K), 1 survivors (4096K)
 Metaspace       used 13541K, committed 13888K, reserved 1114112K
  class space    used 1272K, committed 1472K, reserved 1048576K
}
Event: 14.029 GC heap after
{Heap after GC invocations=10 (full 3):
 garbage-first heap   total 90112K, used 52099K [0x0000000608c00000, 0x0000000800000000)
  region size 4096K, 1 young (4096K), 1 survivors (4096K)
 Metaspace       used 13541K, committed 13888K, reserved 1114112K
  class space    used 1272K, committed 1472K, reserved 1048576K
}
Event: 15.932 GC heap before
{Heap before GC invocations=11 (full 3):
 garbage-first heap   total 102400K, used 60291K [0x0000000608c00000, 0x0000000800000000)
  region size 4096K, 3 young (12288K), 1 survivors (4096K)
 Metaspace       used 13595K, committed 13952K, reserved 1114112K
  class space    used 1272K, committed 1472K, reserved 1048576K
}
Event: 15.934 GC heap after
{Heap after GC invocations=12 (full 3):
 garbage-first heap   total 311296K, used 53262K [0x0000000608c00000, 0x0000000800000000)
  region size 4096K, 1 young (4096K), 1 survivors (4096K)
 Metaspace       used 13595K, committed 13952K, reserved 1114112K
  class space    used 1272K, committed 1472K, reserved 1048576K
}
Event: 55.144 GC heap before
{Heap before GC invocations=12 (full 3):
 garbage-first heap   total 311296K, used 180238K [0x0000000608c00000, 0x0000000800000000)
  region size 4096K, 33 young (135168K), 1 survivors (4096K)
 Metaspace       used 13857K, committed 14208K, reserved 1114112K
  class space    used 1274K, committed 1472K, reserved 1048576K
}
Event: 55.154 GC heap after
{Heap after GC invocations=13 (full 3):
 garbage-first heap   total 311296K, used 64515K [0x0000000608c00000, 0x0000000800000000)
  region size 4096K, 4 young (16384K), 4 survivors (16384K)
 Metaspace       used 13857K, committed 14208K, reserved 1114112K
  class space    used 1274K, committed 1472K, reserved 1048576K
}
Event: 65.838 GC heap before
{Heap before GC invocations=13 (full 3):
 garbage-first heap   total 311296K, used 97283K [0x0000000608c00000, 0x0000000800000000)
  region size 4096K, 13 young (53248K), 4 survivors (16384K)
 Metaspace       used 13906K, committed 14208K, reserved 1114112K
  class space    used 1274K, committed 1472K, reserved 1048576K
}
Event: 65.853 GC heap after
{Heap after GC invocations=14 (full 4):
 garbage-first heap   total 286720K, used 68786K [0x0000000608c00000, 0x0000000800000000)
  region size 4096K, 0 young (0K), 0 survivors (0K)
 Metaspace       used 13906K, committed 14208K, reserved 1114112K
  class space    used 1274K, committed 1472K, reserved 1048576K
}

