# JRE version: OpenJDK Runtime Environment Temurin-21.0.8+9 (21.0.8+9) (build 21.0.8+9-LTS)
# Java VM: OpenJDK 64-Bit Server VM Temurin-21.0.8+9 (21.0.8+9-LTS, mixed mode, sharing, tiered, compressed oops, compressed class ptrs, g1 gc, windows-amd64)
GC Precious Log:
 CardTable entry size: 512
 Card Set container configuration: InlinePtr #cards 4 size 8 Array Of Cards #cards 32 size 80 Howl #buckets 8 coarsen threshold 7372 Howl Bitmap #cards 1024 size 144 coarsen threshold 921 Card regions per heap region 1 cards per card region 8192
 CPUs: 14 total, 14 available
 Memory: 32203M
 Large Page Support: Disabled
 NUMA Support: Disabled
 Compressed Oops: Enabled (Zero based)
 Heap Region Size: 4M
 Heap Min Capacity: 8M
 Heap Initial Capacity: 504M
 Heap Max Capacity: 8052M
 Pre-touch: Disabled
 Parallel Workers: 11
 Concurrent Workers: 3
 Concurrent Refinement Workers: 11
 Periodic GC: Disabled
Heap:
 garbage-first heap   total 286720K, used 72760K [0x0000000608c00000, 0x0000000800000000)
  region size 4096K, 1 young (4096K), 0 survivors (0K)
 Metaspace       used 14139K, committed 14464K, reserved 1114112K
  class space    used 1287K, committed 1472K, reserved 1048576K
GC Heap History (20 events):
Event: 7.070 GC heap before
{Heap before GC invocations=6 (full 2):
 garbage-first heap   total 77824K, used 43063K [0x0000000608c00000, 0x0000000800000000)
  region size 4096K, 2 young (8192K), 1 survivors (4096K)
 Metaspace       used 12591K, committed 12864K, reserved 1114112K
  class space    used 1213K, committed 1344K, reserved 1048576K
}
Event: 7.072 GC heap after
{Heap after GC invocations=7 (full 2):
 garbage-first heap   total 77824K, used 42793K [0x0000000608c00000, 0x0000000800000000)
  region size 4096K, 1 young (4096K), 1 survivors (4096K)
 Metaspace       used 12591K, committed 12864K, reserved 1114112K
  class space    used 1213K, committed 1344K, reserved 1048576K
}
Event: 7.125 GC heap before
{Heap before GC invocations=7 (full 2):
 garbage-first heap   total 77824K, used 42793K [0x0000000608c00000, 0x0000000800000000)
  region size 4096K, 2 young (8192K), 1 survivors (4096K)
 Metaspace       used 12615K, committed 12864K, reserved 1114112K
  class space    used 1216K, committed 1344K, reserved 1048576K
}
Event: 7.152 GC heap after
{Heap after GC invocations=8 (full 3):
 garbage-first heap   total 77824K, used 43086K [0x0000000608c00000, 0x0000000800000000)
  region size 4096K, 0 young (0K), 0 survivors (0K)
 Metaspace       used 12615K, committed 12864K, reserved 1114112K
  class space    used 1216K, committed 1344K, reserved 1048576K
}
Event: 7.898 GC heap before
{Heap before GC invocations=8 (full 3):
 garbage-first heap   total 77824K, used 47182K [0x0000000608c00000, 0x0000000800000000)
  region size 4096K, 2 young (8192K), 0 survivors (0K)
 Metaspace       used 12783K, committed 13056K, reserved 1114112K
  class space    used 1226K, committed 1344K, reserved 1048576K
}
Event: 7.900 GC heap after
{Heap after GC invocations=9 (full 3):
 garbage-first heap   total 77824K, used 47279K [0x0000000608c00000, 0x0000000800000000)
  region size 4096K, 1 young (4096K), 1 survivors (4096K)
 Metaspace       used 12783K, committed 13056K, reserved 1114112K
  class space    used 1226K, committed 1344K, reserved 1048576K
}
Event: 8.547 GC heap before
{Heap before GC invocations=10 (full 3):
 garbage-first heap   total 90112K, used 51375K [0x0000000608c00000, 0x0000000800000000)
  region size 4096K, 2 young (8192K), 1 survivors (4096K)
 Metaspace       used 12788K, committed 13056K, reserved 1114112K
  class space    used 1226K, committed 1344K, reserved 1048576K
}
Event: 8.551 GC heap after
{Heap after GC invocations=11 (full 3):
 garbage-first heap   total 303104K, used 51060K [0x0000000608c00000, 0x0000000800000000)
  region size 4096K, 1 young (4096K), 1 survivors (4096K)
 Metaspace       used 12788K, committed 13056K, reserved 1114112K
  class space    used 1226K, committed 1344K, reserved 1048576K
}
Event: 26.114 GC heap before
{Heap before GC invocations=11 (full 3):
 garbage-first heap   total 303104K, used 100212K [0x0000000608c00000, 0x0000000800000000)
  region size 4096K, 15 young (61440K), 1 survivors (4096K)
 Metaspace       used 13780K, committed 14144K, reserved 1114112K
  class space    used 1270K, committed 1472K, reserved 1048576K
}
Event: 26.131 GC heap after
{Heap after GC invocations=12 (full 4):
 garbage-first heap   total 286720K, used 70549K [0x0000000608c00000, 0x0000000800000000)
  region size 4096K, 0 young (0K), 0 survivors (0K)
 Metaspace       used 13780K, committed 14144K, reserved 1114112K
  class space    used 1270K, committed 1472K, reserved 1048576K
}
Event: 32.777 GC heap before
{Heap before GC invocations=12 (full 4):
 garbage-first heap   total 286720K, used 111509K [0x0000000608c00000, 0x0000000800000000)
  region size 4096K, 12 young (49152K), 0 survivors (0K)
 Metaspace       used 14058K, committed 14400K, reserved 1114112K
  class space    used 1285K, committed 1472K, reserved 1048576K
}
Event: 32.791 GC heap after
{Heap after GC invocations=13 (full 5):
 garbage-first heap   total 286720K, used 70846K [0x0000000608c00000, 0x0000000800000000)
  region size 4096K, 0 young (0K), 0 survivors (0K)
 Metaspace       used 14058K, committed 14400K, reserved 1114112K
  class space    used 1285K, committed 1472K, reserved 1048576K
}
Event: 32.791 GC heap before
{Heap before GC invocations=13 (full 5):
 garbage-first heap   total 286720K, used 70846K [0x0000000608c00000, 0x0000000800000000)
  region size 4096K, 0 young (0K), 0 survivors (0K)
 Metaspace       used 14058K, committed 14400K, reserved 1114112K
  class space    used 1285K, committed 1472K, reserved 1048576K
}
Event: 32.803 GC heap after
{Heap after GC invocations=14 (full 6):
 garbage-first heap   total 286720K, used 70846K [0x0000000608c00000, 0x0000000800000000)
  region size 4096K, 0 young (0K), 0 survivors (0K)
 Metaspace       used 14058K, committed 14400K, reserved 1114112K
  class space    used 1285K, committed 1472K, reserved 1048576K
}
Event: 34.346 GC heap before
{Heap before GC invocations=14 (full 6):
 garbage-first heap   total 286720K, used 95422K [0x0000000608c00000, 0x0000000800000000)
  region size 4096K, 7 young (28672K), 0 survivors (0K)
 Metaspace       used 14074K, committed 14400K, reserved 1114112K
  class space    used 1285K, committed 1472K, reserved 1048576K
}
Event: 34.365 GC heap after
{Heap after GC invocations=15 (full 7):
 garbage-first heap   total 286720K, used 94143K [0x0000000608c00000, 0x0000000800000000)
  region size 4096K, 0 young (0K), 0 survivors (0K)
 Metaspace       used 14074K, committed 14400K, reserved 1114112K
  class space    used 1285K, committed 1472K, reserved 1048576K
}
Event: 54.427 GC heap before
{Heap before GC invocations=15 (full 7):
 garbage-first heap   total 286720K, used 155583K [0x0000000608c00000, 0x0000000800000000)
  region size 4096K, 15 young (61440K), 0 survivors (0K)
 Metaspace       used 14130K, committed 14464K, reserved 1114112K
  class space    used 1285K, committed 1472K, reserved 1048576K
}
Event: 54.436 GC heap after
{Heap after GC invocations=16 (full 7):
 garbage-first heap   total 286720K, used 123279K [0x0000000608c00000, 0x0000000800000000)
  region size 4096K, 2 young (8192K), 2 survivors (8192K)
 Metaspace       used 14130K, committed 14464K, reserved 1114112K
  class space    used 1285K, committed 1472K, reserved 1048576K
}
Event: 54.643 GC heap before
{Heap before GC invocations=16 (full 7):
 garbage-first heap   total 286720K, used 123279K [0x0000000608c00000, 0x0000000800000000)
  region size 4096K, 3 young (12288K), 2 survivors (8192K)
 Metaspace       used 14130K, committed 14464K, reserved 1114112K
  class space    used 1285K, committed 1472K, reserved 1048576K
}
Event: 54.660 GC heap after
{Heap after GC invocations=17 (full 8):
 garbage-first heap   total 286720K, used 72760K [0x0000000608c00000, 0x0000000800000000)
  region size 4096K, 0 young (0K), 0 survivors (0K)
 Metaspace       used 14130K, committed 14464K, reserved 1114112K
  class space    used 1285K, committed 1472K, reserved 1048576K
}

