# JRE version: OpenJDK Runtime Environment Temurin-21.0.8+9 (21.0.8+9) (build 21.0.8+9-LTS)
# Java VM: OpenJDK 64-Bit Server VM Temurin-21.0.8+9 (21.0.8+9-LTS, mixed mode, sharing, tiered, compressed oops, compressed class ptrs, g1 gc, windows-amd64)
GC Precious Log:
 CardTable entry size: 512
 Card Set container configuration: InlinePtr #cards 4 size 8 Array Of Cards #cards 32 size 80 Howl #buckets 8 coarsen threshold 7372 Howl Bitmap #cards 1024 size 144 coarsen threshold 921 Card regions per heap region 1 cards per card region 8192
 CPUs: 14 total, 14 available
 Memory: 32203M
 Large Page Support: Disabled
 NUMA Support: Disabled
 Compressed Oops: Enabled (Zero based)
 Heap Region Size: 4M
 Heap Min Capacity: 8M
 Heap Initial Capacity: 504M
 Heap Max Capacity: 8052M
 Pre-touch: Disabled
 Parallel Workers: 11
 Concurrent Workers: 3
 Concurrent Refinement Workers: 11
 Periodic GC: Disabled
Heap:
 garbage-first heap   total 274432K, used 74775K [0x0000000608c00000, 0x0000000800000000)
  region size 4096K, 2 young (8192K), 0 survivors (0K)
 Metaspace       used 13648K, committed 13952K, reserved 1114112K
  class space    used 1251K, committed 1408K, reserved 1048576K
GC Heap History (20 events):
Event: 9.404 GC heap before
{Heap before GC invocations=0 (full 0):
 garbage-first heap   total 516096K, used 32768K [0x0000000608c00000, 0x0000000800000000)
  region size 4096K, 6 young (24576K), 0 survivors (0K)
 Metaspace       used 12014K, committed 12224K, reserved 1114112K
  class space    used 1176K, committed 1280K, reserved 1048576K
}
Event: 9.415 GC heap after
{Heap after GC invocations=1 (full 0):
 garbage-first heap   total 516096K, used 17733K [0x0000000608c00000, 0x0000000800000000)
  region size 4096K, 1 young (4096K), 1 survivors (4096K)
 Metaspace       used 12014K, committed 12224K, reserved 1114112K
  class space    used 1176K, committed 1280K, reserved 1048576K
}
Event: 11.658 GC heap before
{Heap before GC invocations=1 (full 0):
 garbage-first heap   total 516096K, used 17733K [0x0000000608c00000, 0x0000000800000000)
  region size 4096K, 2 young (8192K), 1 survivors (4096K)
 Metaspace       used 12388K, committed 12672K, reserved 1114112K
  class space    used 1200K, committed 1344K, reserved 1048576K
}
Event: 11.679 GC heap after
{Heap after GC invocations=2 (full 1):
 garbage-first heap   total 69632K, used 17386K [0x0000000608c00000, 0x0000000800000000)
  region size 4096K, 0 young (0K), 0 survivors (0K)
 Metaspace       used 12388K, committed 12672K, reserved 1114112K
  class space    used 1200K, committed 1344K, reserved 1048576K
}
Event: 11.680 GC heap before
{Heap before GC invocations=2 (full 1):
 garbage-first heap   total 69632K, used 17386K [0x0000000608c00000, 0x0000000800000000)
  region size 4096K, 0 young (0K), 0 survivors (0K)
 Metaspace       used 12388K, committed 12672K, reserved 1114112K
  class space    used 1200K, committed 1344K, reserved 1048576K
}
Event: 11.710 GC heap after
{Heap after GC invocations=3 (full 2):
 garbage-first heap   total 69632K, used 17386K [0x0000000608c00000, 0x0000000800000000)
  region size 4096K, 0 young (0K), 0 survivors (0K)
 Metaspace       used 12388K, committed 12672K, reserved 1114112K
  class space    used 1200K, committed 1344K, reserved 1048576K
}
Event: 16.370 GC heap before
{Heap before GC invocations=3 (full 2):
 garbage-first heap   total 69632K, used 33770K [0x0000000608c00000, 0x0000000800000000)
  region size 4096K, 5 young (20480K), 0 survivors (0K)
 Metaspace       used 12576K, committed 12864K, reserved 1114112K
  class space    used 1211K, committed 1344K, reserved 1048576K
}
Event: 16.378 GC heap after
{Heap after GC invocations=4 (full 2):
 garbage-first heap   total 69632K, used 35197K [0x0000000608c00000, 0x0000000800000000)
  region size 4096K, 1 young (4096K), 1 survivors (4096K)
 Metaspace       used 12576K, committed 12864K, reserved 1114112K
  class space    used 1211K, committed 1344K, reserved 1048576K
}
Event: 17.302 GC heap before
{Heap before GC invocations=4 (full 2):
 garbage-first heap   total 69632K, used 39293K [0x0000000608c00000, 0x0000000800000000)
  region size 4096K, 2 young (8192K), 1 survivors (4096K)
 Metaspace       used 12605K, committed 12864K, reserved 1114112K
  class space    used 1211K, committed 1344K, reserved 1048576K
}
Event: 17.306 GC heap after
{Heap after GC invocations=5 (full 2):
 garbage-first heap   total 69632K, used 38839K [0x0000000608c00000, 0x0000000800000000)
  region size 4096K, 1 young (4096K), 1 survivors (4096K)
 Metaspace       used 12605K, committed 12864K, reserved 1114112K
  class space    used 1211K, committed 1344K, reserved 1048576K
}
Event: 18.081 GC heap before
{Heap before GC invocations=6 (full 2):
 garbage-first heap   total 77824K, used 42935K [0x0000000608c00000, 0x0000000800000000)
  region size 4096K, 2 young (8192K), 1 survivors (4096K)
 Metaspace       used 12651K, committed 12864K, reserved 1114112K
  class space    used 1217K, committed 1344K, reserved 1048576K
}
Event: 18.085 GC heap after
{Heap after GC invocations=7 (full 2):
 garbage-first heap   total 77824K, used 42588K [0x0000000608c00000, 0x0000000800000000)
  region size 4096K, 1 young (4096K), 1 survivors (4096K)
 Metaspace       used 12651K, committed 12864K, reserved 1114112K
  class space    used 1217K, committed 1344K, reserved 1048576K
}
Event: 18.167 GC heap before
{Heap before GC invocations=7 (full 2):
 garbage-first heap   total 77824K, used 42588K [0x0000000608c00000, 0x0000000800000000)
  region size 4096K, 2 young (8192K), 1 survivors (4096K)
 Metaspace       used 12675K, committed 12928K, reserved 1114112K
  class space    used 1219K, committed 1344K, reserved 1048576K
}
Event: 18.189 GC heap after
{Heap after GC invocations=8 (full 3):
 garbage-first heap   total 77824K, used 43292K [0x0000000608c00000, 0x0000000800000000)
  region size 4096K, 0 young (0K), 0 survivors (0K)
 Metaspace       used 12675K, committed 12928K, reserved 1114112K
  class space    used 1219K, committed 1344K, reserved 1048576K
}
Event: 19.518 GC heap before
{Heap before GC invocations=8 (full 3):
 garbage-first heap   total 77824K, used 47388K [0x0000000608c00000, 0x0000000800000000)
  region size 4096K, 2 young (8192K), 0 survivors (0K)
 Metaspace       used 12872K, committed 13120K, reserved 1114112K
  class space    used 1234K, committed 1344K, reserved 1048576K
}
Event: 19.520 GC heap after
{Heap after GC invocations=9 (full 3):
 garbage-first heap   total 77824K, used 47358K [0x0000000608c00000, 0x0000000800000000)
  region size 4096K, 1 young (4096K), 1 survivors (4096K)
 Metaspace       used 12872K, committed 13120K, reserved 1114112K
  class space    used 1234K, committed 1344K, reserved 1048576K
}
Event: 20.749 GC heap before
{Heap before GC invocations=10 (full 3):
 garbage-first heap   total 81920K, used 55550K [0x0000000608c00000, 0x0000000800000000)
  region size 4096K, 3 young (12288K), 1 survivors (4096K)
 Metaspace       used 13004K, committed 13248K, reserved 1114112K
  class space    used 1237K, committed 1344K, reserved 1048576K
}
Event: 20.752 GC heap after
{Heap after GC invocations=11 (full 3):
 garbage-first heap   total 299008K, used 53960K [0x0000000608c00000, 0x0000000800000000)
  region size 4096K, 1 young (4096K), 1 survivors (4096K)
 Metaspace       used 13004K, committed 13248K, reserved 1114112K
  class space    used 1237K, committed 1344K, reserved 1048576K
}
Event: 57.450 GC heap before
{Heap before GC invocations=11 (full 3):
 garbage-first heap   total 299008K, used 127688K [0x0000000608c00000, 0x0000000800000000)
  region size 4096K, 20 young (81920K), 1 survivors (4096K)
 Metaspace       used 13637K, committed 13952K, reserved 1114112K
  class space    used 1249K, committed 1408K, reserved 1048576K
}
Event: 57.469 GC heap after
{Heap after GC invocations=12 (full 4):
 garbage-first heap   total 274432K, used 70679K [0x0000000608c00000, 0x0000000800000000)
  region size 4096K, 0 young (0K), 0 survivors (0K)
 Metaspace       used 13637K, committed 13952K, reserved 1114112K
  class space    used 1249K, committed 1408K, reserved 1048576K
}

