# JRE version: OpenJDK Runtime Environment Temurin-21.0.8+9 (21.0.8+9) (build 21.0.8+9-LTS)
# Java VM: OpenJDK 64-Bit Server VM Temurin-21.0.8+9 (21.0.8+9-LTS, mixed mode, sharing, tiered, compressed oops, compressed class ptrs, g1 gc, windows-amd64)
GC Precious Log:
 CardTable entry size: 512
 Card Set container configuration: InlinePtr #cards 4 size 8 Array Of Cards #cards 32 size 80 Howl #buckets 8 coarsen threshold 7372 Howl Bitmap #cards 1024 size 144 coarsen threshold 921 Card regions per heap region 1 cards per card region 8192
 CPUs: 14 total, 14 available
 Memory: 32203M
 Large Page Support: Disabled
 NUMA Support: Disabled
 Compressed Oops: Enabled (Zero based)
 Heap Region Size: 4M
 Heap Min Capacity: 8M
 Heap Initial Capacity: 504M
 Heap Max Capacity: 8052M
 Pre-touch: Disabled
 Parallel Workers: 11
 Concurrent Workers: 3
 Concurrent Refinement Workers: 11
 Periodic GC: Disabled
Heap:
 garbage-first heap   total 131072K, used 74103K [0x0000000608c00000, 0x0000000800000000)
  region size 4096K, 6 young (24576K), 0 survivors (0K)
 Metaspace       used 13718K, committed 13952K, reserved 1114112K
  class space    used 1302K, committed 1408K, reserved 1048576K
GC Heap History (14 events):
Event: 3.964 GC heap before
{Heap before GC invocations=0 (full 0):
 garbage-first heap   total 516096K, used 32768K [0x0000000608c00000, 0x0000000800000000)
  region size 4096K, 6 young (24576K), 0 survivors (0K)
 Metaspace       used 11824K, committed 12096K, reserved 1114112K
  class space    used 1152K, committed 1280K, reserved 1048576K
}
Event: 3.973 GC heap after
{Heap after GC invocations=1 (full 0):
 garbage-first heap   total 516096K, used 17643K [0x0000000608c00000, 0x0000000800000000)
  region size 4096K, 1 young (4096K), 1 survivors (4096K)
 Metaspace       used 11824K, committed 12096K, reserved 1114112K
  class space    used 1152K, committed 1280K, reserved 1048576K
}
Event: 17.035 GC heap before
{Heap before GC invocations=1 (full 0):
 garbage-first heap   total 516096K, used 34027K [0x0000000608c00000, 0x0000000800000000)
  region size 4096K, 6 young (24576K), 1 survivors (4096K)
 Metaspace       used 12523K, committed 12800K, reserved 1114112K
  class space    used 1200K, committed 1344K, reserved 1048576K
}
Event: 17.040 GC heap after
{Heap after GC invocations=2 (full 0):
 garbage-first heap   total 516096K, used 18451K [0x0000000608c00000, 0x0000000800000000)
  region size 4096K, 1 young (4096K), 1 survivors (4096K)
 Metaspace       used 12523K, committed 12800K, reserved 1114112K
  class space    used 1200K, committed 1344K, reserved 1048576K
}
Event: 21.072 GC heap before
{Heap before GC invocations=2 (full 0):
 garbage-first heap   total 516096K, used 38931K [0x0000000608c00000, 0x0000000800000000)
  region size 4096K, 8 young (32768K), 1 survivors (4096K)
 Metaspace       used 12727K, committed 12992K, reserved 1114112K
  class space    used 1216K, committed 1344K, reserved 1048576K
}
Event: 21.089 GC heap after
{Heap after GC invocations=3 (full 1):
 garbage-first heap   total 163840K, used 17665K [0x0000000608c00000, 0x0000000800000000)
  region size 4096K, 0 young (0K), 0 survivors (0K)
 Metaspace       used 12727K, committed 12992K, reserved 1114112K
  class space    used 1216K, committed 1344K, reserved 1048576K
}
Event: 21.091 GC heap before
{Heap before GC invocations=3 (full 1):
 garbage-first heap   total 163840K, used 17665K [0x0000000608c00000, 0x0000000800000000)
  region size 4096K, 0 young (0K), 0 survivors (0K)
 Metaspace       used 12727K, committed 12992K, reserved 1114112K
  class space    used 1216K, committed 1344K, reserved 1048576K
}
Event: 21.106 GC heap after
{Heap after GC invocations=4 (full 2):
 garbage-first heap   total 110592K, used 17665K [0x0000000608c00000, 0x0000000800000000)
  region size 4096K, 0 young (0K), 0 survivors (0K)
 Metaspace       used 12727K, committed 12992K, reserved 1114112K
  class space    used 1216K, committed 1344K, reserved 1048576K
}
Event: 24.764 GC heap before
{Heap before GC invocations=4 (full 2):
 garbage-first heap   total 110592K, used 62721K [0x0000000608c00000, 0x0000000800000000)
  region size 4096K, 11 young (45056K), 0 survivors (0K)
 Metaspace       used 13038K, committed 13248K, reserved 1114112K
  class space    used 1246K, committed 1344K, reserved 1048576K
}
Event: 24.784 GC heap after
{Heap after GC invocations=5 (full 2):
 garbage-first heap   total 110592K, used 47637K [0x0000000608c00000, 0x0000000800000000)
  region size 4096K, 2 young (8192K), 2 survivors (8192K)
 Metaspace       used 13038K, committed 13248K, reserved 1114112K
  class space    used 1246K, committed 1344K, reserved 1048576K
}
Event: 25.736 GC heap before
{Heap before GC invocations=5 (full 2):
 garbage-first heap   total 110592K, used 59925K [0x0000000608c00000, 0x0000000800000000)
  region size 4096K, 6 young (24576K), 2 survivors (8192K)
 Metaspace       used 13118K, committed 13312K, reserved 1114112K
  class space    used 1251K, committed 1344K, reserved 1048576K
}
Event: 25.748 GC heap after
{Heap after GC invocations=6 (full 2):
 garbage-first heap   total 110592K, used 58805K [0x0000000608c00000, 0x0000000800000000)
  region size 4096K, 1 young (4096K), 1 survivors (4096K)
 Metaspace       used 13118K, committed 13312K, reserved 1114112K
  class space    used 1251K, committed 1344K, reserved 1048576K
}
Event: 27.637 GC heap before
{Heap before GC invocations=7 (full 2):
 garbage-first heap   total 131072K, used 58805K [0x0000000608c00000, 0x0000000800000000)
  region size 4096K, 2 young (8192K), 1 survivors (4096K)
 Metaspace       used 13259K, committed 13440K, reserved 1114112K
  class space    used 1261K, committed 1344K, reserved 1048576K
}
Event: 27.698 GC heap after
{Heap after GC invocations=8 (full 3):
 garbage-first heap   total 131072K, used 57719K [0x0000000608c00000, 0x0000000800000000)
  region size 4096K, 0 young (0K), 0 survivors (0K)
 Metaspace       used 13259K, committed 13440K, reserved 1114112K
  class space    used 1261K, committed 1344K, reserved 1048576K
}

