# JRE version: OpenJDK Runtime Environment Temurin-21.0.8+9 (21.0.8+9) (build 21.0.8+9-LTS)
# Java VM: OpenJDK 64-Bit Server VM Temurin-21.0.8+9 (21.0.8+9-LTS, mixed mode, sharing, tiered, compressed oops, compressed class ptrs, g1 gc, windows-amd64)
GC Precious Log:
 CardTable entry size: 512
 Card Set container configuration: InlinePtr #cards 4 size 8 Array Of Cards #cards 32 size 80 Howl #buckets 8 coarsen threshold 7372 Howl Bitmap #cards 1024 size 144 coarsen threshold 921 Card regions per heap region 1 cards per card region 8192
 CPUs: 14 total, 14 available
 Memory: 32203M
 Large Page Support: Disabled
 NUMA Support: Disabled
 Compressed Oops: Enabled (Zero based)
 Heap Region Size: 4M
 Heap Min Capacity: 8M
 Heap Initial Capacity: 504M
 Heap Max Capacity: 8052M
 Pre-touch: Disabled
 Parallel Workers: 11
 Concurrent Workers: 3
 Concurrent Refinement Workers: 11
 Periodic GC: Disabled
Heap:
 garbage-first heap   total 131072K, used 75359K [0x0000000608c00000, 0x0000000800000000)
  region size 4096K, 1 young (4096K), 0 survivors (0K)
 Metaspace       used 13928K, committed 14208K, reserved 1114112K
  class space    used 1265K, committed 1408K, reserved 1048576K
GC Heap History (20 events):
Event: 2.322 GC heap before
{Heap before GC invocations=0 (full 0):
 garbage-first heap   total 516096K, used 32768K [0x0000000608c00000, 0x0000000800000000)
  region size 4096K, 6 young (24576K), 0 survivors (0K)
 Metaspace       used 11830K, committed 12096K, reserved 1114112K
  class space    used 1154K, committed 1280K, reserved 1048576K
}
Event: 2.328 GC heap after
{Heap after GC invocations=1 (full 0):
 garbage-first heap   total 516096K, used 17721K [0x0000000608c00000, 0x0000000800000000)
  region size 4096K, 1 young (4096K), 1 survivors (4096K)
 Metaspace       used 11830K, committed 12096K, reserved 1114112K
  class space    used 1154K, committed 1280K, reserved 1048576K
}
Event: 39.009 GC heap before
{Heap before GC invocations=1 (full 0):
 garbage-first heap   total 516096K, used 38201K [0x0000000608c00000, 0x0000000800000000)
  region size 4096K, 7 young (28672K), 1 survivors (4096K)
 Metaspace       used 12573K, committed 12864K, reserved 1114112K
  class space    used 1201K, committed 1344K, reserved 1048576K
}
Event: 39.013 GC heap after
{Heap after GC invocations=2 (full 0):
 garbage-first heap   total 516096K, used 18138K [0x0000000608c00000, 0x0000000800000000)
  region size 4096K, 1 young (4096K), 1 survivors (4096K)
 Metaspace       used 12573K, committed 12864K, reserved 1114112K
  class space    used 1201K, committed 1344K, reserved 1048576K
}
Event: 50.678 GC heap before
{Heap before GC invocations=2 (full 0):
 garbage-first heap   total 516096K, used 95962K [0x0000000608c00000, 0x0000000800000000)
  region size 4096K, 21 young (86016K), 1 survivors (4096K)
 Metaspace       used 12680K, committed 12992K, reserved 1114112K
  class space    used 1201K, committed 1344K, reserved 1048576K
}
Event: 50.679 GC heap after
{Heap after GC invocations=3 (full 0):
 garbage-first heap   total 516096K, used 18023K [0x0000000608c00000, 0x0000000800000000)
  region size 4096K, 1 young (4096K), 1 survivors (4096K)
 Metaspace       used 12680K, committed 12992K, reserved 1114112K
  class space    used 1201K, committed 1344K, reserved 1048576K
}
Event: 64.559 GC heap before
{Heap before GC invocations=3 (full 0):
 garbage-first heap   total 516096K, used 71271K [0x0000000608c00000, 0x0000000800000000)
  region size 4096K, 15 young (61440K), 1 survivors (4096K)
 Metaspace       used 12898K, committed 13120K, reserved 1114112K
  class space    used 1217K, committed 1344K, reserved 1048576K
}
Event: 64.569 GC heap after
{Heap after GC invocations=4 (full 1):
 garbage-first heap   total 163840K, used 17636K [0x0000000608c00000, 0x0000000800000000)
  region size 4096K, 0 young (0K), 0 survivors (0K)
 Metaspace       used 12898K, committed 13120K, reserved 1114112K
  class space    used 1217K, committed 1344K, reserved 1048576K
}
Event: 64.570 GC heap before
{Heap before GC invocations=4 (full 1):
 garbage-first heap   total 163840K, used 17636K [0x0000000608c00000, 0x0000000800000000)
  region size 4096K, 0 young (0K), 0 survivors (0K)
 Metaspace       used 12898K, committed 13120K, reserved 1114112K
  class space    used 1217K, committed 1344K, reserved 1048576K
}
Event: 64.579 GC heap after
{Heap after GC invocations=5 (full 2):
 garbage-first heap   total 98304K, used 17628K [0x0000000608c00000, 0x0000000800000000)
  region size 4096K, 0 young (0K), 0 survivors (0K)
 Metaspace       used 12898K, committed 13120K, reserved 1114112K
  class space    used 1217K, committed 1344K, reserved 1048576K
}
Event: 67.877 GC heap before
{Heap before GC invocations=5 (full 2):
 garbage-first heap   total 98304K, used 46300K [0x0000000608c00000, 0x0000000800000000)
  region size 4096K, 9 young (36864K), 0 survivors (0K)
 Metaspace       used 13160K, committed 13376K, reserved 1114112K
  class space    used 1236K, committed 1344K, reserved 1048576K
}
Event: 67.897 GC heap after
{Heap after GC invocations=6 (full 3):
 garbage-first heap   total 98304K, used 43400K [0x0000000608c00000, 0x0000000800000000)
  region size 4096K, 0 young (0K), 0 survivors (0K)
 Metaspace       used 13160K, committed 13376K, reserved 1114112K
  class space    used 1236K, committed 1344K, reserved 1048576K
}
Event: 75.302 GC heap before
{Heap before GC invocations=6 (full 3):
 garbage-first heap   total 98304K, used 76168K [0x0000000608c00000, 0x0000000800000000)
  region size 4096K, 9 young (36864K), 0 survivors (0K)
 Metaspace       used 13675K, committed 13952K, reserved 1114112K
  class space    used 1257K, committed 1408K, reserved 1048576K
}
Event: 75.311 GC heap after
{Heap after GC invocations=7 (full 3):
 garbage-first heap   total 110592K, used 67073K [0x0000000608c00000, 0x0000000800000000)
  region size 4096K, 2 young (8192K), 2 survivors (8192K)
 Metaspace       used 13675K, committed 13952K, reserved 1114112K
  class space    used 1257K, committed 1408K, reserved 1048576K
}
Event: 80.431 GC heap before
{Heap before GC invocations=8 (full 3):
 garbage-first heap   total 122880K, used 83457K [0x0000000608c00000, 0x0000000800000000)
  region size 4096K, 6 young (24576K), 2 survivors (8192K)
 Metaspace       used 13812K, committed 14080K, reserved 1114112K
  class space    used 1263K, committed 1408K, reserved 1048576K
}
Event: 80.433 GC heap after
{Heap after GC invocations=9 (full 3):
 garbage-first heap   total 122880K, used 73468K [0x0000000608c00000, 0x0000000800000000)
  region size 4096K, 1 young (4096K), 1 survivors (4096K)
 Metaspace       used 13812K, committed 14080K, reserved 1114112K
  class space    used 1263K, committed 1408K, reserved 1048576K
}
Event: 88.989 GC heap before
{Heap before GC invocations=9 (full 3):
 garbage-first heap   total 122880K, used 89852K [0x0000000608c00000, 0x0000000800000000)
  region size 4096K, 5 young (20480K), 1 survivors (4096K)
 Metaspace       used 13864K, committed 14144K, reserved 1114112K
  class space    used 1263K, committed 1408K, reserved 1048576K
}
Event: 88.990 GC heap after
{Heap after GC invocations=10 (full 3):
 garbage-first heap   total 122880K, used 74774K [0x0000000608c00000, 0x0000000800000000)
  region size 4096K, 1 young (4096K), 1 survivors (4096K)
 Metaspace       used 13864K, committed 14144K, reserved 1114112K
  class space    used 1263K, committed 1408K, reserved 1048576K
}
Event: 92.232 GC heap before
{Heap before GC invocations=10 (full 3):
 garbage-first heap   total 122880K, used 78870K [0x0000000608c00000, 0x0000000800000000)
  region size 4096K, 3 young (12288K), 1 survivors (4096K)
 Metaspace       used 13914K, committed 14208K, reserved 1114112K
  class space    used 1263K, committed 1408K, reserved 1048576K
}
Event: 92.262 GC heap after
{Heap after GC invocations=11 (full 4):
 garbage-first heap   total 131072K, used 75359K [0x0000000608c00000, 0x0000000800000000)
  region size 4096K, 0 young (0K), 0 survivors (0K)
 Metaspace       used 13914K, committed 14208K, reserved 1114112K
  class space    used 1263K, committed 1408K, reserved 1048576K
}

