# JRE version: OpenJDK Runtime Environment Temurin-21.0.8+9 (21.0.8+9) (build 21.0.8+9-LTS)
# Java VM: OpenJDK 64-Bit Server VM Temurin-21.0.8+9 (21.0.8+9-LTS, mixed mode, sharing, tiered, compressed oops, compressed class ptrs, g1 gc, windows-amd64)
GC Precious Log:
 CardTable entry size: 512
 Card Set container configuration: InlinePtr #cards 4 size 8 Array Of Cards #cards 32 size 80 Howl #buckets 8 coarsen threshold 7372 Howl Bitmap #cards 1024 size 144 coarsen threshold 921 Card regions per heap region 1 cards per card region 8192
 CPUs: 14 total, 14 available
 Memory: 32203M
 Large Page Support: Disabled
 NUMA Support: Disabled
 Compressed Oops: Enabled (Zero based)
 Heap Region Size: 4M
 Heap Min Capacity: 8M
 Heap Initial Capacity: 504M
 Heap Max Capacity: 8052M
 Pre-touch: Disabled
 Parallel Workers: 11
 Concurrent Workers: 3
 Concurrent Refinement Workers: 11
 Periodic GC: Disabled
Heap:
 garbage-first heap   total 163840K, used 60588K [0x0000000608c00000, 0x0000000800000000)
  region size 4096K, 2 young (8192K), 0 survivors (0K)
 Metaspace       used 13435K, committed 13760K, reserved 1114112K
  class space    used 1243K, committed 1408K, reserved 1048576K
GC Heap History (18 events):
Event: 4.866 GC heap before
{Heap before GC invocations=0 (full 0):
 garbage-first heap   total 516096K, used 32768K [0x0000000608c00000, 0x0000000800000000)
  region size 4096K, 6 young (24576K), 0 survivors (0K)
 Metaspace       used 11963K, committed 12160K, reserved 1114112K
  class space    used 1167K, committed 1280K, reserved 1048576K
}
Event: 4.874 GC heap after
{Heap after GC invocations=1 (full 0):
 garbage-first heap   total 516096K, used 17723K [0x0000000608c00000, 0x0000000800000000)
  region size 4096K, 1 young (4096K), 1 survivors (4096K)
 Metaspace       used 11963K, committed 12160K, reserved 1114112K
  class space    used 1167K, committed 1280K, reserved 1048576K
}
Event: 6.307 GC heap before
{Heap before GC invocations=1 (full 0):
 garbage-first heap   total 516096K, used 17723K [0x0000000608c00000, 0x0000000800000000)
  region size 4096K, 2 young (8192K), 1 survivors (4096K)
 Metaspace       used 12391K, committed 12672K, reserved 1114112K
  class space    used 1201K, committed 1344K, reserved 1048576K
}
Event: 6.323 GC heap after
{Heap after GC invocations=2 (full 1):
 garbage-first heap   total 69632K, used 17421K [0x0000000608c00000, 0x0000000800000000)
  region size 4096K, 0 young (0K), 0 survivors (0K)
 Metaspace       used 12391K, committed 12672K, reserved 1114112K
  class space    used 1201K, committed 1344K, reserved 1048576K
}
Event: 6.325 GC heap before
{Heap before GC invocations=2 (full 1):
 garbage-first heap   total 69632K, used 17421K [0x0000000608c00000, 0x0000000800000000)
  region size 4096K, 0 young (0K), 0 survivors (0K)
 Metaspace       used 12391K, committed 12672K, reserved 1114112K
  class space    used 1201K, committed 1344K, reserved 1048576K
}
Event: 6.355 GC heap after
{Heap after GC invocations=3 (full 2):
 garbage-first heap   total 69632K, used 17420K [0x0000000608c00000, 0x0000000800000000)
  region size 4096K, 0 young (0K), 0 survivors (0K)
 Metaspace       used 12391K, committed 12672K, reserved 1114112K
  class space    used 1201K, committed 1344K, reserved 1048576K
}
Event: 6.612 GC heap before
{Heap before GC invocations=3 (full 2):
 garbage-first heap   total 69632K, used 37900K [0x0000000608c00000, 0x0000000800000000)
  region size 4096K, 5 young (20480K), 0 survivors (0K)
 Metaspace       used 12564K, committed 12864K, reserved 1114112K
  class space    used 1212K, committed 1344K, reserved 1048576K
}
Event: 6.621 GC heap after
{Heap after GC invocations=4 (full 2):
 garbage-first heap   total 69632K, used 35380K [0x0000000608c00000, 0x0000000800000000)
  region size 4096K, 1 young (4096K), 1 survivors (4096K)
 Metaspace       used 12564K, committed 12864K, reserved 1114112K
  class space    used 1212K, committed 1344K, reserved 1048576K
}
Event: 6.654 GC heap before
{Heap before GC invocations=4 (full 2):
 garbage-first heap   total 69632K, used 39476K [0x0000000608c00000, 0x0000000800000000)
  region size 4096K, 2 young (8192K), 1 survivors (4096K)
 Metaspace       used 12576K, committed 12864K, reserved 1114112K
  class space    used 1212K, committed 1344K, reserved 1048576K
}
Event: 6.659 GC heap after
{Heap after GC invocations=5 (full 2):
 garbage-first heap   total 69632K, used 39107K [0x0000000608c00000, 0x0000000800000000)
  region size 4096K, 1 young (4096K), 1 survivors (4096K)
 Metaspace       used 12576K, committed 12864K, reserved 1114112K
  class space    used 1212K, committed 1344K, reserved 1048576K
}
Event: 6.730 GC heap before
{Heap before GC invocations=6 (full 2):
 garbage-first heap   total 77824K, used 43203K [0x0000000608c00000, 0x0000000800000000)
  region size 4096K, 2 young (8192K), 1 survivors (4096K)
 Metaspace       used 12623K, committed 12928K, reserved 1114112K
  class space    used 1217K, committed 1344K, reserved 1048576K
}
Event: 6.735 GC heap after
{Heap after GC invocations=7 (full 2):
 garbage-first heap   total 77824K, used 42892K [0x0000000608c00000, 0x0000000800000000)
  region size 4096K, 1 young (4096K), 1 survivors (4096K)
 Metaspace       used 12623K, committed 12928K, reserved 1114112K
  class space    used 1217K, committed 1344K, reserved 1048576K
}
Event: 6.812 GC heap before
{Heap before GC invocations=7 (full 2):
 garbage-first heap   total 77824K, used 42892K [0x0000000608c00000, 0x0000000800000000)
  region size 4096K, 2 young (8192K), 1 survivors (4096K)
 Metaspace       used 12645K, committed 12928K, reserved 1114112K
  class space    used 1220K, committed 1344K, reserved 1048576K
}
Event: 6.848 GC heap after
{Heap after GC invocations=8 (full 3):
 garbage-first heap   total 77824K, used 43280K [0x0000000608c00000, 0x0000000800000000)
  region size 4096K, 0 young (0K), 0 survivors (0K)
 Metaspace       used 12645K, committed 12928K, reserved 1114112K
  class space    used 1220K, committed 1344K, reserved 1048576K
}
Event: 7.320 GC heap before
{Heap before GC invocations=8 (full 3):
 garbage-first heap   total 77824K, used 51472K [0x0000000608c00000, 0x0000000800000000)
  region size 4096K, 2 young (8192K), 0 survivors (0K)
 Metaspace       used 12848K, committed 13120K, reserved 1114112K
  class space    used 1235K, committed 1344K, reserved 1048576K
}
Event: 7.323 GC heap after
{Heap after GC invocations=9 (full 3):
 garbage-first heap   total 299008K, used 47315K [0x0000000608c00000, 0x0000000800000000)
  region size 4096K, 1 young (4096K), 1 survivors (4096K)
 Metaspace       used 12848K, committed 13120K, reserved 1114112K
  class space    used 1235K, committed 1344K, reserved 1048576K
}
Event: 17.016 GC heap before
{Heap before GC invocations=10 (full 3):
 garbage-first heap   total 163840K, used 63699K [0x0000000608c00000, 0x0000000800000000)
  region size 4096K, 7 young (28672K), 1 survivors (4096K)
 Metaspace       used 13382K, committed 13696K, reserved 1114112K
  class space    used 1241K, committed 1408K, reserved 1048576K
}
Event: 17.034 GC heap after
{Heap after GC invocations=11 (full 4):
 garbage-first heap   total 163840K, used 56492K [0x0000000608c00000, 0x0000000800000000)
  region size 4096K, 0 young (0K), 0 survivors (0K)
 Metaspace       used 13382K, committed 13696K, reserved 1114112K
  class space    used 1241K, committed 1408K, reserved 1048576K
}

