# JRE version: OpenJDK Runtime Environment Temurin-21.0.8+9 (21.0.8+9) (build 21.0.8+9-LTS)
# Java VM: OpenJDK 64-Bit Server VM Temurin-21.0.8+9 (21.0.8+9-LTS, mixed mode, sharing, tiered, compressed oops, compressed class ptrs, g1 gc, windows-amd64)
GC Precious Log:
 CardTable entry size: 512
 Card Set container configuration: InlinePtr #cards 4 size 8 Array Of Cards #cards 32 size 80 Howl #buckets 8 coarsen threshold 7372 Howl Bitmap #cards 1024 size 144 coarsen threshold 921 Card regions per heap region 1 cards per card region 8192
 CPUs: 14 total, 14 available
 Memory: 32203M
 Large Page Support: Disabled
 NUMA Support: Disabled
 Compressed Oops: Enabled (Zero based)
 Heap Region Size: 4M
 Heap Min Capacity: 8M
 Heap Initial Capacity: 504M
 Heap Max Capacity: 8052M
 Pre-touch: Disabled
 Parallel Workers: 11
 Concurrent Workers: 3
 Concurrent Refinement Workers: 11
 Periodic GC: Disabled
Heap:
 garbage-first heap   total 233472K, used 57552K [0x0000000608c00000, 0x0000000800000000)
  region size 4096K, 1 young (4096K), 0 survivors (0K)
 Metaspace       used 13646K, committed 13952K, reserved 1114112K
  class space    used 1264K, committed 1408K, reserved 1048576K
GC Heap History (20 events):
Event: 11.303 GC heap before
{Heap before GC invocations=6 (full 2):
 garbage-first heap   total 77824K, used 43068K [0x0000000608c00000, 0x0000000800000000)
  region size 4096K, 2 young (8192K), 1 survivors (4096K)
 Metaspace       used 12638K, committed 12864K, reserved 1114112K
  class space    used 1218K, committed 1344K, reserved 1048576K
}
Event: 11.308 GC heap after
{Heap after GC invocations=7 (full 2):
 garbage-first heap   total 77824K, used 42745K [0x0000000608c00000, 0x0000000800000000)
  region size 4096K, 1 young (4096K), 1 survivors (4096K)
 Metaspace       used 12638K, committed 12864K, reserved 1114112K
  class space    used 1218K, committed 1344K, reserved 1048576K
}
Event: 11.411 GC heap before
{Heap before GC invocations=7 (full 2):
 garbage-first heap   total 77824K, used 42745K [0x0000000608c00000, 0x0000000800000000)
  region size 4096K, 2 young (8192K), 1 survivors (4096K)
 Metaspace       used 12664K, committed 12928K, reserved 1114112K
  class space    used 1220K, committed 1344K, reserved 1048576K
}
Event: 11.451 GC heap after
{Heap after GC invocations=8 (full 3):
 garbage-first heap   total 77824K, used 43277K [0x0000000608c00000, 0x0000000800000000)
  region size 4096K, 0 young (0K), 0 survivors (0K)
 Metaspace       used 12664K, committed 12928K, reserved 1114112K
  class space    used 1220K, committed 1344K, reserved 1048576K
}
Event: 12.019 GC heap before
{Heap before GC invocations=8 (full 3):
 garbage-first heap   total 77824K, used 47373K [0x0000000608c00000, 0x0000000800000000)
  region size 4096K, 2 young (8192K), 0 survivors (0K)
 Metaspace       used 12844K, committed 13120K, reserved 1114112K
  class space    used 1232K, committed 1344K, reserved 1048576K
}
Event: 12.053 GC heap after
{Heap after GC invocations=9 (full 4):
 garbage-first heap   total 81920K, used 45116K [0x0000000608c00000, 0x0000000800000000)
  region size 4096K, 0 young (0K), 0 survivors (0K)
 Metaspace       used 12844K, committed 13120K, reserved 1114112K
  class space    used 1232K, committed 1344K, reserved 1048576K
}
Event: 17.602 GC heap before
{Heap before GC invocations=9 (full 4):
 garbage-first heap   total 81920K, used 45116K [0x0000000608c00000, 0x0000000800000000)
  region size 4096K, 1 young (4096K), 0 survivors (0K)
 Metaspace       used 12874K, committed 13120K, reserved 1114112K
  class space    used 1232K, committed 1344K, reserved 1048576K
}
Event: 17.622 GC heap after
{Heap after GC invocations=10 (full 5):
 garbage-first heap   total 81920K, used 45097K [0x0000000608c00000, 0x0000000800000000)
  region size 4096K, 0 young (0K), 0 survivors (0K)
 Metaspace       used 12874K, committed 13120K, reserved 1114112K
  class space    used 1232K, committed 1344K, reserved 1048576K
}
Event: 17.622 GC heap before
{Heap before GC invocations=10 (full 5):
 garbage-first heap   total 81920K, used 45097K [0x0000000608c00000, 0x0000000800000000)
  region size 4096K, 0 young (0K), 0 survivors (0K)
 Metaspace       used 12874K, committed 13120K, reserved 1114112K
  class space    used 1232K, committed 1344K, reserved 1048576K
}
Event: 17.640 GC heap after
{Heap after GC invocations=11 (full 6):
 garbage-first heap   total 81920K, used 45097K [0x0000000608c00000, 0x0000000800000000)
  region size 4096K, 0 young (0K), 0 survivors (0K)
 Metaspace       used 12874K, committed 13120K, reserved 1114112K
  class space    used 1232K, committed 1344K, reserved 1048576K
}
Event: 18.359 GC heap before
{Heap before GC invocations=11 (full 6):
 garbage-first heap   total 81920K, used 53289K [0x0000000608c00000, 0x0000000800000000)
  region size 4096K, 2 young (8192K), 0 survivors (0K)
 Metaspace       used 12999K, committed 13184K, reserved 1114112K
  class space    used 1240K, committed 1344K, reserved 1048576K
}
Event: 18.361 GC heap after
{Heap after GC invocations=12 (full 6):
 garbage-first heap   total 81920K, used 50976K [0x0000000608c00000, 0x0000000800000000)
  region size 4096K, 1 young (4096K), 1 survivors (4096K)
 Metaspace       used 12999K, committed 13184K, reserved 1114112K
  class space    used 1240K, committed 1344K, reserved 1048576K
}
Event: 18.569 GC heap before
{Heap before GC invocations=13 (full 6):
 garbage-first heap   total 98304K, used 55072K [0x0000000608c00000, 0x0000000800000000)
  region size 4096K, 2 young (8192K), 1 survivors (4096K)
 Metaspace       used 13009K, committed 13248K, reserved 1114112K
  class space    used 1240K, committed 1344K, reserved 1048576K
}
Event: 18.573 GC heap after
{Heap after GC invocations=14 (full 6):
 garbage-first heap   total 307200K, used 53320K [0x0000000608c00000, 0x0000000800000000)
  region size 4096K, 1 young (4096K), 1 survivors (4096K)
 Metaspace       used 13009K, committed 13248K, reserved 1114112K
  class space    used 1240K, committed 1344K, reserved 1048576K
}
Event: 23.044 GC heap before
{Heap before GC invocations=14 (full 6):
 garbage-first heap   total 307200K, used 106568K [0x0000000608c00000, 0x0000000800000000)
  region size 4096K, 16 young (65536K), 1 survivors (4096K)
 Metaspace       used 13150K, committed 13376K, reserved 1114112K
  class space    used 1255K, committed 1344K, reserved 1048576K
}
Event: 23.083 GC heap after
{Heap after GC invocations=15 (full 7):
 garbage-first heap   total 245760K, used 60153K [0x0000000608c00000, 0x0000000800000000)
  region size 4096K, 0 young (0K), 0 survivors (0K)
 Metaspace       used 13150K, committed 13376K, reserved 1114112K
  class space    used 1255K, committed 1344K, reserved 1048576K
}
Event: 32.455 GC heap before
{Heap before GC invocations=15 (full 7):
 garbage-first heap   total 245760K, used 117497K [0x0000000608c00000, 0x0000000800000000)
  region size 4096K, 14 young (57344K), 0 survivors (0K)
 Metaspace       used 13593K, committed 13824K, reserved 1114112K
  class space    used 1262K, committed 1408K, reserved 1048576K
}
Event: 32.461 GC heap after
{Heap after GC invocations=16 (full 7):
 garbage-first heap   total 245760K, used 76151K [0x0000000608c00000, 0x0000000800000000)
  region size 4096K, 2 young (8192K), 2 survivors (8192K)
 Metaspace       used 13593K, committed 13824K, reserved 1114112K
  class space    used 1262K, committed 1408K, reserved 1048576K
}
Event: 36.950 GC heap before
{Heap before GC invocations=16 (full 7):
 garbage-first heap   total 245760K, used 84343K [0x0000000608c00000, 0x0000000800000000)
  region size 4096K, 5 young (20480K), 2 survivors (8192K)
 Metaspace       used 13637K, committed 13952K, reserved 1114112K
  class space    used 1262K, committed 1408K, reserved 1048576K
}
Event: 36.972 GC heap after
{Heap after GC invocations=17 (full 8):
 garbage-first heap   total 233472K, used 57552K [0x0000000608c00000, 0x0000000800000000)
  region size 4096K, 0 young (0K), 0 survivors (0K)
 Metaspace       used 13637K, committed 13952K, reserved 1114112K
  class space    used 1262K, committed 1408K, reserved 1048576K
}

