# JRE version: OpenJDK Runtime Environment Temurin-21.0.8+9 (21.0.8+9) (build 21.0.8+9-LTS)
# Java VM: OpenJDK 64-Bit Server VM Temurin-21.0.8+9 (21.0.8+9-LTS, mixed mode, sharing, tiered, compressed oops, compressed class ptrs, g1 gc, windows-amd64)
GC Precious Log:
 CardTable entry size: 512
 Card Set container configuration: InlinePtr #cards 4 size 8 Array Of Cards #cards 32 size 80 Howl #buckets 8 coarsen threshold 7372 Howl Bitmap #cards 1024 size 144 coarsen threshold 921 Card regions per heap region 1 cards per card region 8192
 CPUs: 14 total, 14 available
 Memory: 32203M
 Large Page Support: Disabled
 NUMA Support: Disabled
 Compressed Oops: Enabled (Zero based)
 Heap Region Size: 4M
 Heap Min Capacity: 8M
 Heap Initial Capacity: 504M
 Heap Max Capacity: 8052M
 Pre-touch: Disabled
 Parallel Workers: 11
 Concurrent Workers: 3
 Concurrent Refinement Workers: 11
 Periodic GC: Disabled
Heap:
 garbage-first heap   total 303104K, used 76137K [0x0000000608c00000, 0x0000000800000000)
  region size 4096K, 2 young (8192K), 0 survivors (0K)
 Metaspace       used 13703K, committed 13952K, reserved 1114112K
  class space    used 1260K, committed 1408K, reserved 1048576K
GC Heap History (20 events):
Event: 3.787 GC heap before
{Heap before GC invocations=1 (full 0):
 garbage-first heap   total 516096K, used 17641K [0x0000000608c00000, 0x0000000800000000)
  region size 4096K, 2 young (8192K), 1 survivors (4096K)
 Metaspace       used 12370K, committed 12672K, reserved 1114112K
  class space    used 1204K, committed 1344K, reserved 1048576K
}
Event: 3.801 GC heap after
{Heap after GC invocations=2 (full 1):
 garbage-first heap   total 69632K, used 17386K [0x0000000608c00000, 0x0000000800000000)
  region size 4096K, 0 young (0K), 0 survivors (0K)
 Metaspace       used 12370K, committed 12672K, reserved 1114112K
  class space    used 1204K, committed 1344K, reserved 1048576K
}
Event: 3.802 GC heap before
{Heap before GC invocations=2 (full 1):
 garbage-first heap   total 69632K, used 17386K [0x0000000608c00000, 0x0000000800000000)
  region size 4096K, 0 young (0K), 0 survivors (0K)
 Metaspace       used 12371K, committed 12672K, reserved 1114112K
  class space    used 1204K, committed 1344K, reserved 1048576K
}
Event: 3.826 GC heap after
{Heap after GC invocations=3 (full 2):
 garbage-first heap   total 69632K, used 17386K [0x0000000608c00000, 0x0000000800000000)
  region size 4096K, 0 young (0K), 0 survivors (0K)
 Metaspace       used 12371K, committed 12672K, reserved 1114112K
  class space    used 1204K, committed 1344K, reserved 1048576K
}
Event: 8.194 GC heap before
{Heap before GC invocations=3 (full 2):
 garbage-first heap   total 69632K, used 33770K [0x0000000608c00000, 0x0000000800000000)
  region size 4096K, 5 young (20480K), 0 survivors (0K)
 Metaspace       used 12552K, committed 12800K, reserved 1114112K
  class space    used 1214K, committed 1344K, reserved 1048576K
}
Event: 8.205 GC heap after
{Heap after GC invocations=4 (full 2):
 garbage-first heap   total 69632K, used 34970K [0x0000000608c00000, 0x0000000800000000)
  region size 4096K, 1 young (4096K), 1 survivors (4096K)
 Metaspace       used 12552K, committed 12800K, reserved 1114112K
  class space    used 1214K, committed 1344K, reserved 1048576K
}
Event: 9.078 GC heap before
{Heap before GC invocations=4 (full 2):
 garbage-first heap   total 69632K, used 39066K [0x0000000608c00000, 0x0000000800000000)
  region size 4096K, 2 young (8192K), 1 survivors (4096K)
 Metaspace       used 12573K, committed 12800K, reserved 1114112K
  class space    used 1214K, committed 1344K, reserved 1048576K
}
Event: 9.081 GC heap after
{Heap after GC invocations=5 (full 2):
 garbage-first heap   total 69632K, used 38584K [0x0000000608c00000, 0x0000000800000000)
  region size 4096K, 1 young (4096K), 1 survivors (4096K)
 Metaspace       used 12573K, committed 12800K, reserved 1114112K
  class space    used 1214K, committed 1344K, reserved 1048576K
}
Event: 9.744 GC heap before
{Heap before GC invocations=6 (full 2):
 garbage-first heap   total 77824K, used 42680K [0x0000000608c00000, 0x0000000800000000)
  region size 4096K, 2 young (8192K), 1 survivors (4096K)
 Metaspace       used 12630K, committed 12864K, reserved 1114112K
  class space    used 1219K, committed 1344K, reserved 1048576K
}
Event: 9.747 GC heap after
{Heap after GC invocations=7 (full 2):
 garbage-first heap   total 77824K, used 42351K [0x0000000608c00000, 0x0000000800000000)
  region size 4096K, 1 young (4096K), 1 survivors (4096K)
 Metaspace       used 12630K, committed 12864K, reserved 1114112K
  class space    used 1219K, committed 1344K, reserved 1048576K
}
Event: 9.805 GC heap before
{Heap before GC invocations=7 (full 2):
 garbage-first heap   total 77824K, used 42351K [0x0000000608c00000, 0x0000000800000000)
  region size 4096K, 2 young (8192K), 1 survivors (4096K)
 Metaspace       used 12654K, committed 12928K, reserved 1114112K
  class space    used 1222K, committed 1344K, reserved 1048576K
}
Event: 9.827 GC heap after
{Heap after GC invocations=8 (full 3):
 garbage-first heap   total 77824K, used 43244K [0x0000000608c00000, 0x0000000800000000)
  region size 4096K, 0 young (0K), 0 survivors (0K)
 Metaspace       used 12654K, committed 12928K, reserved 1114112K
  class space    used 1222K, committed 1344K, reserved 1048576K
}
Event: 10.818 GC heap before
{Heap before GC invocations=8 (full 3):
 garbage-first heap   total 77824K, used 47340K [0x0000000608c00000, 0x0000000800000000)
  region size 4096K, 2 young (8192K), 0 survivors (0K)
 Metaspace       used 12823K, committed 13056K, reserved 1114112K
  class space    used 1232K, committed 1344K, reserved 1048576K
}
Event: 10.819 GC heap after
{Heap after GC invocations=9 (full 3):
 garbage-first heap   total 77824K, used 47469K [0x0000000608c00000, 0x0000000800000000)
  region size 4096K, 1 young (4096K), 1 survivors (4096K)
 Metaspace       used 12823K, committed 13056K, reserved 1114112K
  class space    used 1232K, committed 1344K, reserved 1048576K
}
Event: 11.337 GC heap before
{Heap before GC invocations=10 (full 3):
 garbage-first heap   total 90112K, used 51565K [0x0000000608c00000, 0x0000000800000000)
  region size 4096K, 2 young (8192K), 1 survivors (4096K)
 Metaspace       used 12920K, committed 13184K, reserved 1114112K
  class space    used 1238K, committed 1344K, reserved 1048576K
}
Event: 11.340 GC heap after
{Heap after GC invocations=11 (full 3):
 garbage-first heap   total 303104K, used 50752K [0x0000000608c00000, 0x0000000800000000)
  region size 4096K, 1 young (4096K), 1 survivors (4096K)
 Metaspace       used 12920K, committed 13184K, reserved 1114112K
  class space    used 1238K, committed 1344K, reserved 1048576K
}
Event: 46.037 GC heap before
{Heap before GC invocations=11 (full 3):
 garbage-first heap   total 303104K, used 128576K [0x0000000608c00000, 0x0000000800000000)
  region size 4096K, 21 young (86016K), 1 survivors (4096K)
 Metaspace       used 13525K, committed 13760K, reserved 1114112K
  class space    used 1248K, committed 1408K, reserved 1048576K
}
Event: 46.043 GC heap after
{Heap after GC invocations=12 (full 3):
 garbage-first heap   total 303104K, used 68675K [0x0000000608c00000, 0x0000000800000000)
  region size 4096K, 3 young (12288K), 3 survivors (12288K)
 Metaspace       used 13525K, committed 13760K, reserved 1114112K
  class space    used 1248K, committed 1408K, reserved 1048576K
}
Event: 57.788 GC heap before
{Heap before GC invocations=12 (full 3):
 garbage-first heap   total 303104K, used 89155K [0x0000000608c00000, 0x0000000800000000)
  region size 4096K, 10 young (40960K), 3 survivors (12288K)
 Metaspace       used 13680K, committed 13952K, reserved 1114112K
  class space    used 1259K, committed 1408K, reserved 1048576K
}
Event: 57.806 GC heap after
{Heap after GC invocations=13 (full 4):
 garbage-first heap   total 303104K, used 72041K [0x0000000608c00000, 0x0000000800000000)
  region size 4096K, 0 young (0K), 0 survivors (0K)
 Metaspace       used 13680K, committed 13952K, reserved 1114112K
  class space    used 1259K, committed 1408K, reserved 1048576K
}

