# JRE version: OpenJDK Runtime Environment Temurin-21.0.8+9 (21.0.8+9) (build 21.0.8+9-LTS)
# Java VM: OpenJDK 64-Bit Server VM Temurin-21.0.8+9 (21.0.8+9-LTS, mixed mode, sharing, tiered, compressed oops, compressed class ptrs, g1 gc, windows-amd64)
GC Precious Log:
 CardTable entry size: 512
 Card Set container configuration: InlinePtr #cards 4 size 8 Array Of Cards #cards 32 size 80 Howl #buckets 8 coarsen threshold 7372 Howl Bitmap #cards 1024 size 144 coarsen threshold 921 Card regions per heap region 1 cards per card region 8192
 CPUs: 14 total, 14 available
 Memory: 32203M
 Large Page Support: Disabled
 NUMA Support: Disabled
 Compressed Oops: Enabled (Zero based)
 Heap Region Size: 4M
 Heap Min Capacity: 8M
 Heap Initial Capacity: 504M
 Heap Max Capacity: 8052M
 Pre-touch: Disabled
 Parallel Workers: 11
 Concurrent Workers: 3
 Concurrent Refinement Workers: 11
 Periodic GC: Disabled
Heap:
 garbage-first heap   total 180224K, used 81692K [0x0000000608c00000, 0x0000000800000000)
  region size 4096K, 1 young (4096K), 0 survivors (0K)
 Metaspace       used 13621K, committed 13888K, reserved 1114112K
  class space    used 1253K, committed 1408K, reserved 1048576K
GC Heap History (20 events):
Event: 4.248 GC heap before
{Heap before GC invocations=1 (full 0):
 garbage-first heap   total 516096K, used 17620K [0x0000000608c00000, 0x0000000800000000)
  region size 4096K, 2 young (8192K), 1 survivors (4096K)
 Metaspace       used 12345K, committed 12608K, reserved 1114112K
  class space    used 1203K, committed 1344K, reserved 1048576K
}
Event: 4.261 GC heap after
{Heap after GC invocations=2 (full 1):
 garbage-first heap   total 69632K, used 17385K [0x0000000608c00000, 0x0000000800000000)
  region size 4096K, 0 young (0K), 0 survivors (0K)
 Metaspace       used 12345K, committed 12608K, reserved 1114112K
  class space    used 1203K, committed 1344K, reserved 1048576K
}
Event: 4.262 GC heap before
{Heap before GC invocations=2 (full 1):
 garbage-first heap   total 69632K, used 17385K [0x0000000608c00000, 0x0000000800000000)
  region size 4096K, 0 young (0K), 0 survivors (0K)
 Metaspace       used 12345K, committed 12608K, reserved 1114112K
  class space    used 1203K, committed 1344K, reserved 1048576K
}
Event: 4.280 GC heap after
{Heap after GC invocations=3 (full 2):
 garbage-first heap   total 69632K, used 17385K [0x0000000608c00000, 0x0000000800000000)
  region size 4096K, 0 young (0K), 0 survivors (0K)
 Metaspace       used 12345K, committed 12608K, reserved 1114112K
  class space    used 1203K, committed 1344K, reserved 1048576K
}
Event: 4.959 GC heap before
{Heap before GC invocations=3 (full 2):
 garbage-first heap   total 69632K, used 33769K [0x0000000608c00000, 0x0000000800000000)
  region size 4096K, 5 young (20480K), 0 survivors (0K)
 Metaspace       used 12514K, committed 12800K, reserved 1114112K
  class space    used 1213K, committed 1344K, reserved 1048576K
}
Event: 4.967 GC heap after
{Heap after GC invocations=4 (full 2):
 garbage-first heap   total 69632K, used 35614K [0x0000000608c00000, 0x0000000800000000)
  region size 4096K, 1 young (4096K), 1 survivors (4096K)
 Metaspace       used 12514K, committed 12800K, reserved 1114112K
  class space    used 1213K, committed 1344K, reserved 1048576K
}
Event: 4.982 GC heap before
{Heap before GC invocations=4 (full 2):
 garbage-first heap   total 69632K, used 39710K [0x0000000608c00000, 0x0000000800000000)
  region size 4096K, 2 young (8192K), 1 survivors (4096K)
 Metaspace       used 12523K, committed 12800K, reserved 1114112K
  class space    used 1213K, committed 1344K, reserved 1048576K
}
Event: 4.985 GC heap after
{Heap after GC invocations=5 (full 2):
 garbage-first heap   total 69632K, used 39285K [0x0000000608c00000, 0x0000000800000000)
  region size 4096K, 1 young (4096K), 1 survivors (4096K)
 Metaspace       used 12523K, committed 12800K, reserved 1114112K
  class space    used 1213K, committed 1344K, reserved 1048576K
}
Event: 5.052 GC heap before
{Heap before GC invocations=6 (full 2):
 garbage-first heap   total 77824K, used 43381K [0x0000000608c00000, 0x0000000800000000)
  region size 4096K, 2 young (8192K), 1 survivors (4096K)
 Metaspace       used 12571K, committed 12800K, reserved 1114112K
  class space    used 1218K, committed 1344K, reserved 1048576K
}
Event: 5.055 GC heap after
{Heap after GC invocations=7 (full 2):
 garbage-first heap   total 77824K, used 42941K [0x0000000608c00000, 0x0000000800000000)
  region size 4096K, 1 young (4096K), 1 survivors (4096K)
 Metaspace       used 12571K, committed 12800K, reserved 1114112K
  class space    used 1218K, committed 1344K, reserved 1048576K
}
Event: 5.098 GC heap before
{Heap before GC invocations=7 (full 2):
 garbage-first heap   total 77824K, used 42941K [0x0000000608c00000, 0x0000000800000000)
  region size 4096K, 2 young (8192K), 1 survivors (4096K)
 Metaspace       used 12598K, committed 12864K, reserved 1114112K
  class space    used 1221K, committed 1344K, reserved 1048576K
}
Event: 5.118 GC heap after
{Heap after GC invocations=8 (full 3):
 garbage-first heap   total 77824K, used 43032K [0x0000000608c00000, 0x0000000800000000)
  region size 4096K, 0 young (0K), 0 survivors (0K)
 Metaspace       used 12598K, committed 12864K, reserved 1114112K
  class space    used 1221K, committed 1344K, reserved 1048576K
}
Event: 5.229 GC heap before
{Heap before GC invocations=8 (full 3):
 garbage-first heap   total 77824K, used 47128K [0x0000000608c00000, 0x0000000800000000)
  region size 4096K, 2 young (8192K), 0 survivors (0K)
 Metaspace       used 12763K, committed 12992K, reserved 1114112K
  class space    used 1231K, committed 1344K, reserved 1048576K
}
Event: 5.231 GC heap after
{Heap after GC invocations=9 (full 3):
 garbage-first heap   total 299008K, used 47208K [0x0000000608c00000, 0x0000000800000000)
  region size 4096K, 1 young (4096K), 1 survivors (4096K)
 Metaspace       used 12763K, committed 12992K, reserved 1114112K
  class space    used 1231K, committed 1344K, reserved 1048576K
}
Event: 38.946 GC heap before
{Heap before GC invocations=10 (full 3):
 garbage-first heap   total 180224K, used 116840K [0x0000000608c00000, 0x0000000800000000)
  region size 4096K, 19 young (77824K), 1 survivors (4096K)
 Metaspace       used 13502K, committed 13824K, reserved 1114112K
  class space    used 1247K, committed 1408K, reserved 1048576K
}
Event: 38.954 GC heap after
{Heap after GC invocations=11 (full 3):
 garbage-first heap   total 180224K, used 74690K [0x0000000608c00000, 0x0000000800000000)
  region size 4096K, 3 young (12288K), 3 survivors (12288K)
 Metaspace       used 13502K, committed 13824K, reserved 1114112K
  class space    used 1247K, committed 1408K, reserved 1048576K
}
Event: 60.154 GC heap before
{Heap before GC invocations=11 (full 3):
 garbage-first heap   total 180224K, used 111554K [0x0000000608c00000, 0x0000000800000000)
  region size 4096K, 12 young (49152K), 3 survivors (12288K)
 Metaspace       used 13561K, committed 13888K, reserved 1114112K
  class space    used 1251K, committed 1408K, reserved 1048576K
}
Event: 60.158 GC heap after
{Heap after GC invocations=12 (full 3):
 garbage-first heap   total 180224K, used 79376K [0x0000000608c00000, 0x0000000800000000)
  region size 4096K, 2 young (8192K), 2 survivors (8192K)
 Metaspace       used 13561K, committed 13888K, reserved 1114112K
  class space    used 1251K, committed 1408K, reserved 1048576K
}
Event: 78.297 GC heap before
{Heap before GC invocations=12 (full 3):
 garbage-first heap   total 180224K, used 108048K [0x0000000608c00000, 0x0000000800000000)
  region size 4096K, 10 young (40960K), 2 survivors (8192K)
 Metaspace       used 13612K, committed 13888K, reserved 1114112K
  class space    used 1251K, committed 1408K, reserved 1048576K
}
Event: 78.316 GC heap after
{Heap after GC invocations=13 (full 4):
 garbage-first heap   total 180224K, used 81692K [0x0000000608c00000, 0x0000000800000000)
  region size 4096K, 0 young (0K), 0 survivors (0K)
 Metaspace       used 13612K, committed 13888K, reserved 1114112K
  class space    used 1251K, committed 1408K, reserved 1048576K
}

