# JRE version: OpenJDK Runtime Environment Temurin-21.0.8+9 (21.0.8+9) (build 21.0.8+9-LTS)
# Java VM: OpenJDK 64-Bit Server VM Temurin-21.0.8+9 (21.0.8+9-LTS, mixed mode, sharing, tiered, compressed oops, compressed class ptrs, g1 gc, windows-amd64)
GC Precious Log:
 CardTable entry size: 512
 Card Set container configuration: InlinePtr #cards 4 size 8 Array Of Cards #cards 32 size 80 Howl #buckets 8 coarsen threshold 7372 Howl Bitmap #cards 1024 size 144 coarsen threshold 921 Card regions per heap region 1 cards per card region 8192
 CPUs: 14 total, 14 available
 Memory: 32203M
 Large Page Support: Disabled
 NUMA Support: Disabled
 Compressed Oops: Enabled (Zero based)
 Heap Region Size: 4M
 Heap Min Capacity: 8M
 Heap Initial Capacity: 504M
 Heap Max Capacity: 8052M
 Pre-touch: Disabled
 Parallel Workers: 11
 Concurrent Workers: 3
 Concurrent Refinement Workers: 11
 Periodic GC: Disabled
Heap:
 garbage-first heap   total 245760K, used 68481K [0x0000000608c00000, 0x0000000800000000)
  region size 4096K, 3 young (12288K), 0 survivors (0K)
 Metaspace       used 14624K, committed 14848K, reserved 1114112K
  class space    used 1322K, committed 1408K, reserved 1048576K
GC Heap History (20 events):
Event: 53.222 GC heap before
{Heap before GC invocations=20 (full 10):
 garbage-first heap   total 204800K, used 111885K [0x0000000608c00000, 0x0000000800000000)
  region size 4096K, 10 young (40960K), 0 survivors (0K)
 Metaspace       used 14090K, committed 14336K, reserved 1114112K
  class space    used 1299K, committed 1408K, reserved 1048576K
}
Event: 53.226 GC heap after
{Heap after GC invocations=21 (full 10):
 garbage-first heap   total 204800K, used 101459K [0x0000000608c00000, 0x0000000800000000)
  region size 4096K, 2 young (8192K), 2 survivors (8192K)
 Metaspace       used 14090K, committed 14336K, reserved 1114112K
  class space    used 1299K, committed 1408K, reserved 1048576K
}
Event: 71.215 GC heap before
{Heap before GC invocations=21 (full 10):
 garbage-first heap   total 204800K, used 130131K [0x0000000608c00000, 0x0000000800000000)
  region size 4096K, 9 young (36864K), 2 survivors (8192K)
 Metaspace       used 14214K, committed 14400K, reserved 1114112K
  class space    used 1305K, committed 1408K, reserved 1048576K
}
Event: 71.217 GC heap after
{Heap after GC invocations=22 (full 10):
 garbage-first heap   total 204800K, used 102577K [0x0000000608c00000, 0x0000000800000000)
  region size 4096K, 1 young (4096K), 1 survivors (4096K)
 Metaspace       used 14214K, committed 14400K, reserved 1114112K
  class space    used 1305K, committed 1408K, reserved 1048576K
}
Event: 90.200 GC heap before
{Heap before GC invocations=23 (full 10):
 garbage-first heap   total 204800K, used 135345K [0x0000000608c00000, 0x0000000800000000)
  region size 4096K, 9 young (36864K), 1 survivors (4096K)
 Metaspace       used 14236K, committed 14464K, reserved 1114112K
  class space    used 1305K, committed 1408K, reserved 1048576K
}
Event: 90.203 GC heap after
{Heap after GC invocations=24 (full 10):
 garbage-first heap   total 299008K, used 103972K [0x0000000608c00000, 0x0000000800000000)
  region size 4096K, 1 young (4096K), 1 survivors (4096K)
 Metaspace       used 14236K, committed 14464K, reserved 1114112K
  class space    used 1305K, committed 1408K, reserved 1048576K
}
Event: 91.557 GC heap before
{Heap before GC invocations=24 (full 10):
 garbage-first heap   total 299008K, used 103972K [0x0000000608c00000, 0x0000000800000000)
  region size 4096K, 2 young (8192K), 1 survivors (4096K)
 Metaspace       used 14261K, committed 14528K, reserved 1114112K
  class space    used 1305K, committed 1408K, reserved 1048576K
}
Event: 91.580 GC heap after
{Heap after GC invocations=25 (full 11):
 garbage-first heap   total 286720K, used 71349K [0x0000000608c00000, 0x0000000800000000)
  region size 4096K, 0 young (0K), 0 survivors (0K)
 Metaspace       used 14261K, committed 14528K, reserved 1114112K
  class space    used 1305K, committed 1408K, reserved 1048576K
}
Event: 102.400 GC heap before
{Heap before GC invocations=25 (full 11):
 garbage-first heap   total 286720K, used 153269K [0x0000000608c00000, 0x0000000800000000)
  region size 4096K, 21 young (86016K), 0 survivors (0K)
 Metaspace       used 14408K, committed 14656K, reserved 1114112K
  class space    used 1305K, committed 1408K, reserved 1048576K
}
Event: 102.403 GC heap after
{Heap after GC invocations=26 (full 11):
 garbage-first heap   total 286720K, used 72414K [0x0000000608c00000, 0x0000000800000000)
  region size 4096K, 1 young (4096K), 1 survivors (4096K)
 Metaspace       used 14408K, committed 14656K, reserved 1114112K
  class space    used 1305K, committed 1408K, reserved 1048576K
}
Event: 118.179 GC heap before
{Heap before GC invocations=26 (full 11):
 garbage-first heap   total 286720K, used 117470K [0x0000000608c00000, 0x0000000800000000)
  region size 4096K, 14 young (57344K), 1 survivors (4096K)
 Metaspace       used 14486K, committed 14720K, reserved 1114112K
  class space    used 1305K, committed 1408K, reserved 1048576K
}
Event: 118.199 GC heap after
{Heap after GC invocations=27 (full 12):
 garbage-first heap   total 286720K, used 71676K [0x0000000608c00000, 0x0000000800000000)
  region size 4096K, 0 young (0K), 0 survivors (0K)
 Metaspace       used 14486K, committed 14720K, reserved 1114112K
  class space    used 1305K, committed 1408K, reserved 1048576K
}
Event: 118.199 GC heap before
{Heap before GC invocations=27 (full 12):
 garbage-first heap   total 286720K, used 71676K [0x0000000608c00000, 0x0000000800000000)
  region size 4096K, 0 young (0K), 0 survivors (0K)
 Metaspace       used 14486K, committed 14720K, reserved 1114112K
  class space    used 1305K, committed 1408K, reserved 1048576K
}
Event: 118.217 GC heap after
{Heap after GC invocations=28 (full 13):
 garbage-first heap   total 286720K, used 71676K [0x0000000608c00000, 0x0000000800000000)
  region size 4096K, 0 young (0K), 0 survivors (0K)
 Metaspace       used 14486K, committed 14720K, reserved 1114112K
  class space    used 1305K, committed 1408K, reserved 1048576K
}
Event: 122.998 GC heap before
{Heap before GC invocations=28 (full 13):
 garbage-first heap   total 286720K, used 120828K [0x0000000608c00000, 0x0000000800000000)
  region size 4096K, 13 young (53248K), 0 survivors (0K)
 Metaspace       used 14585K, committed 14784K, reserved 1114112K
  class space    used 1320K, committed 1408K, reserved 1048576K
}
Event: 123.028 GC heap after
{Heap after GC invocations=29 (full 14):
 garbage-first heap   total 286720K, used 108645K [0x0000000608c00000, 0x0000000800000000)
  region size 4096K, 0 young (0K), 0 survivors (0K)
 Metaspace       used 14585K, committed 14784K, reserved 1114112K
  class space    used 1320K, committed 1408K, reserved 1048576K
}
Event: 153.587 GC heap before
{Heap before GC invocations=29 (full 14):
 garbage-first heap   total 286720K, used 223333K [0x0000000608c00000, 0x0000000800000000)
  region size 4096K, 28 young (114688K), 0 survivors (0K)
 Metaspace       used 14607K, committed 14848K, reserved 1114112K
  class space    used 1320K, committed 1408K, reserved 1048576K
}
Event: 153.594 GC heap after
{Heap after GC invocations=30 (full 14):
 garbage-first heap   total 286720K, used 123374K [0x0000000608c00000, 0x0000000800000000)
  region size 4096K, 4 young (16384K), 4 survivors (16384K)
 Metaspace       used 14607K, committed 14848K, reserved 1114112K
  class space    used 1320K, committed 1408K, reserved 1048576K
}
Event: 158.631 GC heap before
{Heap before GC invocations=30 (full 14):
 garbage-first heap   total 286720K, used 131566K [0x0000000608c00000, 0x0000000800000000)
  region size 4096K, 7 young (28672K), 4 survivors (16384K)
 Metaspace       used 14607K, committed 14848K, reserved 1114112K
  class space    used 1320K, committed 1408K, reserved 1048576K
}
Event: 158.656 GC heap after
{Heap after GC invocations=31 (full 15):
 garbage-first heap   total 245760K, used 60289K [0x0000000608c00000, 0x0000000800000000)
  region size 4096K, 0 young (0K), 0 survivors (0K)
 Metaspace       used 14607K, committed 14848K, reserved 1114112K
  class space    used 1320K, committed 1408K, reserved 1048576K
}

