# JRE version: OpenJDK Runtime Environment Temurin-21.0.8+9 (21.0.8+9) (build 21.0.8+9-LTS)
# Java VM: OpenJDK 64-Bit Server VM Temurin-21.0.8+9 (21.0.8+9-LTS, mixed mode, sharing, tiered, compressed oops, compressed class ptrs, g1 gc, windows-amd64)
GC Precious Log:
 CardTable entry size: 512
 Card Set container configuration: InlinePtr #cards 4 size 8 Array Of Cards #cards 32 size 80 Howl #buckets 8 coarsen threshold 7372 Howl Bitmap #cards 1024 size 144 coarsen threshold 921 Card regions per heap region 1 cards per card region 8192
 CPUs: 14 total, 14 available
 Memory: 32203M
 Large Page Support: Disabled
 NUMA Support: Disabled
 Compressed Oops: Enabled (Zero based)
 Heap Region Size: 4M
 Heap Min Capacity: 8M
 Heap Initial Capacity: 504M
 Heap Max Capacity: 8052M
 Pre-touch: Disabled
 Parallel Workers: 11
 Concurrent Workers: 3
 Concurrent Refinement Workers: 11
 Periodic GC: Disabled
Heap:
 garbage-first heap   total 192512K, used 57382K [0x0000000608c00000, 0x0000000800000000)
  region size 4096K, 2 young (8192K), 0 survivors (0K)
 Metaspace       used 13380K, committed 13696K, reserved 1114112K
  class space    used 1247K, committed 1408K, reserved 1048576K
GC Heap History (20 events):
Event: 3.294 GC heap before
{Heap before GC invocations=0 (full 0):
 garbage-first heap   total 516096K, used 32768K [0x0000000608c00000, 0x0000000800000000)
  region size 4096K, 6 young (24576K), 0 survivors (0K)
 Metaspace       used 11852K, committed 12096K, reserved 1114112K
  class space    used 1156K, committed 1280K, reserved 1048576K
}
Event: 3.305 GC heap after
{Heap after GC invocations=1 (full 0):
 garbage-first heap   total 516096K, used 17664K [0x0000000608c00000, 0x0000000800000000)
  region size 4096K, 1 young (4096K), 1 survivors (4096K)
 Metaspace       used 11852K, committed 12096K, reserved 1114112K
  class space    used 1156K, committed 1280K, reserved 1048576K
}
Event: 5.856 GC heap before
{Heap before GC invocations=1 (full 0):
 garbage-first heap   total 516096K, used 17664K [0x0000000608c00000, 0x0000000800000000)
  region size 4096K, 2 young (8192K), 1 survivors (4096K)
 Metaspace       used 12399K, committed 12672K, reserved 1114112K
  class space    used 1201K, committed 1344K, reserved 1048576K
}
Event: 5.874 GC heap after
{Heap after GC invocations=2 (full 1):
 garbage-first heap   total 69632K, used 17421K [0x0000000608c00000, 0x0000000800000000)
  region size 4096K, 0 young (0K), 0 survivors (0K)
 Metaspace       used 12399K, committed 12672K, reserved 1114112K
  class space    used 1201K, committed 1344K, reserved 1048576K
}
Event: 5.876 GC heap before
{Heap before GC invocations=2 (full 1):
 garbage-first heap   total 69632K, used 17421K [0x0000000608c00000, 0x0000000800000000)
  region size 4096K, 0 young (0K), 0 survivors (0K)
 Metaspace       used 12399K, committed 12672K, reserved 1114112K
  class space    used 1201K, committed 1344K, reserved 1048576K
}
Event: 5.898 GC heap after
{Heap after GC invocations=3 (full 2):
 garbage-first heap   total 69632K, used 17420K [0x0000000608c00000, 0x0000000800000000)
  region size 4096K, 0 young (0K), 0 survivors (0K)
 Metaspace       used 12399K, committed 12672K, reserved 1114112K
  class space    used 1201K, committed 1344K, reserved 1048576K
}
Event: 10.087 GC heap before
{Heap before GC invocations=3 (full 2):
 garbage-first heap   total 69632K, used 33804K [0x0000000608c00000, 0x0000000800000000)
  region size 4096K, 5 young (20480K), 0 survivors (0K)
 Metaspace       used 12570K, committed 12800K, reserved 1114112K
  class space    used 1212K, committed 1344K, reserved 1048576K
}
Event: 10.098 GC heap after
{Heap after GC invocations=4 (full 2):
 garbage-first heap   total 69632K, used 35476K [0x0000000608c00000, 0x0000000800000000)
  region size 4096K, 1 young (4096K), 1 survivors (4096K)
 Metaspace       used 12570K, committed 12800K, reserved 1114112K
  class space    used 1212K, committed 1344K, reserved 1048576K
}
Event: 10.658 GC heap before
{Heap before GC invocations=4 (full 2):
 garbage-first heap   total 69632K, used 39572K [0x0000000608c00000, 0x0000000800000000)
  region size 4096K, 2 young (8192K), 1 survivors (4096K)
 Metaspace       used 12589K, committed 12800K, reserved 1114112K
  class space    used 1212K, committed 1344K, reserved 1048576K
}
Event: 10.662 GC heap after
{Heap after GC invocations=5 (full 2):
 garbage-first heap   total 69632K, used 39232K [0x0000000608c00000, 0x0000000800000000)
  region size 4096K, 1 young (4096K), 1 survivors (4096K)
 Metaspace       used 12589K, committed 12800K, reserved 1114112K
  class space    used 1212K, committed 1344K, reserved 1048576K
}
Event: 11.013 GC heap before
{Heap before GC invocations=6 (full 2):
 garbage-first heap   total 77824K, used 43328K [0x0000000608c00000, 0x0000000800000000)
  region size 4096K, 2 young (8192K), 1 survivors (4096K)
 Metaspace       used 12634K, committed 12864K, reserved 1114112K
  class space    used 1217K, committed 1344K, reserved 1048576K
}
Event: 11.017 GC heap after
{Heap after GC invocations=7 (full 2):
 garbage-first heap   total 77824K, used 42992K [0x0000000608c00000, 0x0000000800000000)
  region size 4096K, 1 young (4096K), 1 survivors (4096K)
 Metaspace       used 12634K, committed 12864K, reserved 1114112K
  class space    used 1217K, committed 1344K, reserved 1048576K
}
Event: 11.095 GC heap before
{Heap before GC invocations=7 (full 2):
 garbage-first heap   total 77824K, used 42992K [0x0000000608c00000, 0x0000000800000000)
  region size 4096K, 2 young (8192K), 1 survivors (4096K)
 Metaspace       used 12656K, committed 12928K, reserved 1114112K
  class space    used 1220K, committed 1344K, reserved 1048576K
}
Event: 11.130 GC heap after
{Heap after GC invocations=8 (full 3):
 garbage-first heap   total 77824K, used 43328K [0x0000000608c00000, 0x0000000800000000)
  region size 4096K, 0 young (0K), 0 survivors (0K)
 Metaspace       used 12656K, committed 12928K, reserved 1114112K
  class space    used 1220K, committed 1344K, reserved 1048576K
}
Event: 12.074 GC heap before
{Heap before GC invocations=8 (full 3):
 garbage-first heap   total 77824K, used 47424K [0x0000000608c00000, 0x0000000800000000)
  region size 4096K, 2 young (8192K), 0 survivors (0K)
 Metaspace       used 12846K, committed 13120K, reserved 1114112K
  class space    used 1232K, committed 1408K, reserved 1048576K
}
Event: 12.076 GC heap after
{Heap after GC invocations=9 (full 3):
 garbage-first heap   total 77824K, used 47381K [0x0000000608c00000, 0x0000000800000000)
  region size 4096K, 1 young (4096K), 1 survivors (4096K)
 Metaspace       used 12846K, committed 13120K, reserved 1114112K
  class space    used 1232K, committed 1408K, reserved 1048576K
}
Event: 12.731 GC heap before
{Heap before GC invocations=10 (full 3):
 garbage-first heap   total 81920K, used 47381K [0x0000000608c00000, 0x0000000800000000)
  region size 4096K, 2 young (8192K), 1 survivors (4096K)
 Metaspace       used 12957K, committed 13312K, reserved 1114112K
  class space    used 1236K, committed 1408K, reserved 1048576K
}
Event: 12.735 GC heap after
{Heap after GC invocations=11 (full 3):
 garbage-first heap   total 299008K, used 50479K [0x0000000608c00000, 0x0000000800000000)
  region size 4096K, 1 young (4096K), 1 survivors (4096K)
 Metaspace       used 12957K, committed 13312K, reserved 1114112K
  class space    used 1236K, committed 1408K, reserved 1048576K
}
Event: 16.955 GC heap before
{Heap before GC invocations=11 (full 3):
 garbage-first heap   total 299008K, used 58671K [0x0000000608c00000, 0x0000000800000000)
  region size 4096K, 4 young (16384K), 1 survivors (4096K)
 Metaspace       used 13298K, committed 13568K, reserved 1114112K
  class space    used 1246K, committed 1408K, reserved 1048576K
}
Event: 16.976 GC heap after
{Heap after GC invocations=12 (full 4):
 garbage-first heap   total 192512K, used 53286K [0x0000000608c00000, 0x0000000800000000)
  region size 4096K, 0 young (0K), 0 survivors (0K)
 Metaspace       used 13298K, committed 13568K, reserved 1114112K
  class space    used 1246K, committed 1408K, reserved 1048576K
}

