# JRE version: OpenJDK Runtime Environment Temurin-21.0.8+9 (21.0.8+9) (build 21.0.8+9-LTS)
# Java VM: OpenJDK 64-Bit Server VM Temurin-21.0.8+9 (21.0.8+9-LTS, mixed mode, sharing, tiered, compressed oops, compressed class ptrs, g1 gc, windows-amd64)
GC Precious Log:
 CardTable entry size: 512
 Card Set container configuration: InlinePtr #cards 4 size 8 Array Of Cards #cards 32 size 80 Howl #buckets 8 coarsen threshold 7372 Howl Bitmap #cards 1024 size 144 coarsen threshold 921 Card regions per heap region 1 cards per card region 8192
 CPUs: 14 total, 14 available
 Memory: 32203M
 Large Page Support: Disabled
 NUMA Support: Disabled
 Compressed Oops: Enabled (Zero based)
 Heap Region Size: 4M
 Heap Min Capacity: 8M
 Heap Initial Capacity: 504M
 Heap Max Capacity: 8052M
 Pre-touch: Disabled
 Parallel Workers: 11
 Concurrent Workers: 3
 Concurrent Refinement Workers: 11
 Periodic GC: Disabled
Heap:
 garbage-first heap   total 303104K, used 73780K [0x0000000608c00000, 0x0000000800000000)
  region size 4096K, 2 young (8192K), 0 survivors (0K)
 Metaspace       used 13827K, committed 14208K, reserved 1114112K
  class space    used 1272K, committed 1472K, reserved 1048576K
GC Heap History (20 events):
Event: 3.866 GC heap before
{Heap before GC invocations=1 (full 0):
 garbage-first heap   total 516096K, used 17694K [0x0000000608c00000, 0x0000000800000000)
  region size 4096K, 2 young (8192K), 1 survivors (4096K)
 Metaspace       used 12332K, committed 12608K, reserved 1114112K
  class space    used 1200K, committed 1344K, reserved 1048576K
}
Event: 3.879 GC heap after
{Heap after GC invocations=2 (full 1):
 garbage-first heap   total 69632K, used 17386K [0x0000000608c00000, 0x0000000800000000)
  region size 4096K, 0 young (0K), 0 survivors (0K)
 Metaspace       used 12332K, committed 12608K, reserved 1114112K
  class space    used 1200K, committed 1344K, reserved 1048576K
}
Event: 3.880 GC heap before
{Heap before GC invocations=2 (full 1):
 garbage-first heap   total 69632K, used 17386K [0x0000000608c00000, 0x0000000800000000)
  region size 4096K, 0 young (0K), 0 survivors (0K)
 Metaspace       used 12332K, committed 12608K, reserved 1114112K
  class space    used 1200K, committed 1344K, reserved 1048576K
}
Event: 3.901 GC heap after
{Heap after GC invocations=3 (full 2):
 garbage-first heap   total 69632K, used 17355K [0x0000000608c00000, 0x0000000800000000)
  region size 4096K, 0 young (0K), 0 survivors (0K)
 Metaspace       used 12332K, committed 12608K, reserved 1114112K
  class space    used 1200K, committed 1344K, reserved 1048576K
}
Event: 5.130 GC heap before
{Heap before GC invocations=3 (full 2):
 garbage-first heap   total 69632K, used 37835K [0x0000000608c00000, 0x0000000800000000)
  region size 4096K, 5 young (20480K), 0 survivors (0K)
 Metaspace       used 12506K, committed 12800K, reserved 1114112K
  class space    used 1211K, committed 1344K, reserved 1048576K
}
Event: 5.137 GC heap after
{Heap after GC invocations=4 (full 2):
 garbage-first heap   total 69632K, used 35261K [0x0000000608c00000, 0x0000000800000000)
  region size 4096K, 1 young (4096K), 1 survivors (4096K)
 Metaspace       used 12506K, committed 12800K, reserved 1114112K
  class space    used 1211K, committed 1344K, reserved 1048576K
}
Event: 5.244 GC heap before
{Heap before GC invocations=4 (full 2):
 garbage-first heap   total 69632K, used 39357K [0x0000000608c00000, 0x0000000800000000)
  region size 4096K, 2 young (8192K), 1 survivors (4096K)
 Metaspace       used 12517K, committed 12800K, reserved 1114112K
  class space    used 1211K, committed 1344K, reserved 1048576K
}
Event: 5.248 GC heap after
{Heap after GC invocations=5 (full 2):
 garbage-first heap   total 69632K, used 38913K [0x0000000608c00000, 0x0000000800000000)
  region size 4096K, 1 young (4096K), 1 survivors (4096K)
 Metaspace       used 12517K, committed 12800K, reserved 1114112K
  class space    used 1211K, committed 1344K, reserved 1048576K
}
Event: 5.368 GC heap before
{Heap before GC invocations=6 (full 2):
 garbage-first heap   total 77824K, used 43009K [0x0000000608c00000, 0x0000000800000000)
  region size 4096K, 2 young (8192K), 1 survivors (4096K)
 Metaspace       used 12563K, committed 12800K, reserved 1114112K
  class space    used 1216K, committed 1344K, reserved 1048576K
}
Event: 5.371 GC heap after
{Heap after GC invocations=7 (full 2):
 garbage-first heap   total 77824K, used 42775K [0x0000000608c00000, 0x0000000800000000)
  region size 4096K, 1 young (4096K), 1 survivors (4096K)
 Metaspace       used 12563K, committed 12800K, reserved 1114112K
  class space    used 1216K, committed 1344K, reserved 1048576K
}
Event: 5.408 GC heap before
{Heap before GC invocations=7 (full 2):
 garbage-first heap   total 77824K, used 42775K [0x0000000608c00000, 0x0000000800000000)
  region size 4096K, 2 young (8192K), 1 survivors (4096K)
 Metaspace       used 12584K, committed 12864K, reserved 1114112K
  class space    used 1219K, committed 1344K, reserved 1048576K
}
Event: 5.429 GC heap after
{Heap after GC invocations=8 (full 3):
 garbage-first heap   total 77824K, used 43038K [0x0000000608c00000, 0x0000000800000000)
  region size 4096K, 0 young (0K), 0 survivors (0K)
 Metaspace       used 12584K, committed 12864K, reserved 1114112K
  class space    used 1219K, committed 1344K, reserved 1048576K
}
Event: 5.988 GC heap before
{Heap before GC invocations=8 (full 3):
 garbage-first heap   total 77824K, used 47134K [0x0000000608c00000, 0x0000000800000000)
  region size 4096K, 2 young (8192K), 0 survivors (0K)
 Metaspace       used 12741K, committed 12992K, reserved 1114112K
  class space    used 1228K, committed 1344K, reserved 1048576K
}
Event: 5.990 GC heap after
{Heap after GC invocations=9 (full 3):
 garbage-first heap   total 77824K, used 47230K [0x0000000608c00000, 0x0000000800000000)
  region size 4096K, 1 young (4096K), 1 survivors (4096K)
 Metaspace       used 12741K, committed 12992K, reserved 1114112K
  class space    used 1228K, committed 1344K, reserved 1048576K
}
Event: 6.453 GC heap before
{Heap before GC invocations=10 (full 3):
 garbage-first heap   total 90112K, used 51326K [0x0000000608c00000, 0x0000000800000000)
  region size 4096K, 2 young (8192K), 1 survivors (4096K)
 Metaspace       used 12748K, committed 12992K, reserved 1114112K
  class space    used 1228K, committed 1344K, reserved 1048576K
}
Event: 6.457 GC heap after
{Heap after GC invocations=11 (full 3):
 garbage-first heap   total 303104K, used 50933K [0x0000000608c00000, 0x0000000800000000)
  region size 4096K, 1 young (4096K), 1 survivors (4096K)
 Metaspace       used 12748K, committed 12992K, reserved 1114112K
  class space    used 1228K, committed 1344K, reserved 1048576K
}
Event: 38.042 GC heap before
{Heap before GC invocations=11 (full 3):
 garbage-first heap   total 303104K, used 124661K [0x0000000608c00000, 0x0000000800000000)
  region size 4096K, 20 young (81920K), 1 survivors (4096K)
 Metaspace       used 13519K, committed 13824K, reserved 1114112K
  class space    used 1245K, committed 1408K, reserved 1048576K
}
Event: 38.049 GC heap after
{Heap after GC invocations=12 (full 3):
 garbage-first heap   total 303104K, used 67052K [0x0000000608c00000, 0x0000000800000000)
  region size 4096K, 3 young (12288K), 3 survivors (12288K)
 Metaspace       used 13519K, committed 13824K, reserved 1114112K
  class space    used 1245K, committed 1408K, reserved 1048576K
}
Event: 66.488 GC heap before
{Heap before GC invocations=12 (full 3):
 garbage-first heap   total 303104K, used 112108K [0x0000000608c00000, 0x0000000800000000)
  region size 4096K, 15 young (61440K), 3 survivors (12288K)
 Metaspace       used 13813K, committed 14208K, reserved 1114112K
  class space    used 1271K, committed 1472K, reserved 1048576K
}
Event: 66.503 GC heap after
{Heap after GC invocations=13 (full 4):
 garbage-first heap   total 303104K, used 69684K [0x0000000608c00000, 0x0000000800000000)
  region size 4096K, 0 young (0K), 0 survivors (0K)
 Metaspace       used 13813K, committed 14208K, reserved 1114112K
  class space    used 1271K, committed 1472K, reserved 1048576K
}

