# JRE version: OpenJDK Runtime Environment Temurin-21.0.8+9 (21.0.8+9) (build 21.0.8+9-LTS)
# Java VM: OpenJDK 64-Bit Server VM Temurin-21.0.8+9 (21.0.8+9-LTS, mixed mode, sharing, tiered, compressed oops, compressed class ptrs, g1 gc, windows-amd64)
GC Precious Log:
 CardTable entry size: 512
 Card Set container configuration: InlinePtr #cards 4 size 8 Array Of Cards #cards 32 size 80 Howl #buckets 8 coarsen threshold 7372 Howl Bitmap #cards 1024 size 144 coarsen threshold 921 Card regions per heap region 1 cards per card region 8192
 CPUs: 14 total, 14 available
 Memory: 32203M
 Large Page Support: Disabled
 NUMA Support: Disabled
 Compressed Oops: Enabled (Zero based)
 Heap Region Size: 4M
 Heap Min Capacity: 8M
 Heap Initial Capacity: 504M
 Heap Max Capacity: 8052M
 Pre-touch: Disabled
 Parallel Workers: 11
 Concurrent Workers: 3
 Concurrent Refinement Workers: 11
 Periodic GC: Disabled
Heap:
 garbage-first heap   total 221184K, used 55483K [0x0000000608c00000, 0x0000000800000000)
  region size 4096K, 1 young (4096K), 0 survivors (0K)
 Metaspace       used 13481K, committed 13760K, reserved 1114112K
  class space    used 1251K, committed 1408K, reserved 1048576K
GC Heap History (20 events):
Event: 3.381 GC heap before
{Heap before GC invocations=0 (full 0):
 garbage-first heap   total 516096K, used 32768K [0x0000000608c00000, 0x0000000800000000)
  region size 4096K, 6 young (24576K), 0 survivors (0K)
 Metaspace       used 11941K, committed 12160K, reserved 1114112K
  class space    used 1170K, committed 1280K, reserved 1048576K
}
Event: 3.392 GC heap after
{Heap after GC invocations=1 (full 0):
 garbage-first heap   total 516096K, used 17691K [0x0000000608c00000, 0x0000000800000000)
  region size 4096K, 1 young (4096K), 1 survivors (4096K)
 Metaspace       used 11941K, committed 12160K, reserved 1114112K
  class space    used 1170K, committed 1280K, reserved 1048576K
}
Event: 6.038 GC heap before
{Heap before GC invocations=1 (full 0):
 garbage-first heap   total 516096K, used 17691K [0x0000000608c00000, 0x0000000800000000)
  region size 4096K, 2 young (8192K), 1 survivors (4096K)
 Metaspace       used 12389K, committed 12672K, reserved 1114112K
  class space    used 1204K, committed 1344K, reserved 1048576K
}
Event: 6.057 GC heap after
{Heap after GC invocations=2 (full 1):
 garbage-first heap   total 69632K, used 17422K [0x0000000608c00000, 0x0000000800000000)
  region size 4096K, 0 young (0K), 0 survivors (0K)
 Metaspace       used 12389K, committed 12672K, reserved 1114112K
  class space    used 1204K, committed 1344K, reserved 1048576K
}
Event: 6.057 GC heap before
{Heap before GC invocations=2 (full 1):
 garbage-first heap   total 69632K, used 17422K [0x0000000608c00000, 0x0000000800000000)
  region size 4096K, 0 young (0K), 0 survivors (0K)
 Metaspace       used 12389K, committed 12672K, reserved 1114112K
  class space    used 1204K, committed 1344K, reserved 1048576K
}
Event: 6.081 GC heap after
{Heap after GC invocations=3 (full 2):
 garbage-first heap   total 69632K, used 17422K [0x0000000608c00000, 0x0000000800000000)
  region size 4096K, 0 young (0K), 0 survivors (0K)
 Metaspace       used 12389K, committed 12672K, reserved 1114112K
  class space    used 1204K, committed 1344K, reserved 1048576K
}
Event: 9.253 GC heap before
{Heap before GC invocations=3 (full 2):
 garbage-first heap   total 69632K, used 37902K [0x0000000608c00000, 0x0000000800000000)
  region size 4096K, 5 young (20480K), 0 survivors (0K)
 Metaspace       used 12564K, committed 12800K, reserved 1114112K
  class space    used 1214K, committed 1344K, reserved 1048576K
}
Event: 9.264 GC heap after
{Heap after GC invocations=4 (full 2):
 garbage-first heap   total 69632K, used 35408K [0x0000000608c00000, 0x0000000800000000)
  region size 4096K, 1 young (4096K), 1 survivors (4096K)
 Metaspace       used 12564K, committed 12800K, reserved 1114112K
  class space    used 1214K, committed 1344K, reserved 1048576K
}
Event: 9.813 GC heap before
{Heap before GC invocations=4 (full 2):
 garbage-first heap   total 69632K, used 39504K [0x0000000608c00000, 0x0000000800000000)
  region size 4096K, 2 young (8192K), 1 survivors (4096K)
 Metaspace       used 12583K, committed 12800K, reserved 1114112K
  class space    used 1214K, committed 1344K, reserved 1048576K
}
Event: 9.818 GC heap after
{Heap after GC invocations=5 (full 2):
 garbage-first heap   total 69632K, used 38778K [0x0000000608c00000, 0x0000000800000000)
  region size 4096K, 1 young (4096K), 1 survivors (4096K)
 Metaspace       used 12583K, committed 12800K, reserved 1114112K
  class space    used 1214K, committed 1344K, reserved 1048576K
}
Event: 10.200 GC heap before
{Heap before GC invocations=6 (full 2):
 garbage-first heap   total 77824K, used 42874K [0x0000000608c00000, 0x0000000800000000)
  region size 4096K, 2 young (8192K), 1 survivors (4096K)
 Metaspace       used 12629K, committed 12864K, reserved 1114112K
  class space    used 1219K, committed 1344K, reserved 1048576K
}
Event: 10.205 GC heap after
{Heap after GC invocations=7 (full 2):
 garbage-first heap   total 77824K, used 42582K [0x0000000608c00000, 0x0000000800000000)
  region size 4096K, 1 young (4096K), 1 survivors (4096K)
 Metaspace       used 12629K, committed 12864K, reserved 1114112K
  class space    used 1219K, committed 1344K, reserved 1048576K
}
Event: 10.319 GC heap before
{Heap before GC invocations=7 (full 2):
 garbage-first heap   total 77824K, used 42582K [0x0000000608c00000, 0x0000000800000000)
  region size 4096K, 2 young (8192K), 1 survivors (4096K)
 Metaspace       used 12655K, committed 12928K, reserved 1114112K
  class space    used 1222K, committed 1344K, reserved 1048576K
}
Event: 10.359 GC heap after
{Heap after GC invocations=8 (full 3):
 garbage-first heap   total 77824K, used 43247K [0x0000000608c00000, 0x0000000800000000)
  region size 4096K, 0 young (0K), 0 survivors (0K)
 Metaspace       used 12655K, committed 12928K, reserved 1114112K
  class space    used 1222K, committed 1344K, reserved 1048576K
}
Event: 16.645 GC heap before
{Heap before GC invocations=8 (full 3):
 garbage-first heap   total 77824K, used 47343K [0x0000000608c00000, 0x0000000800000000)
  region size 4096K, 2 young (8192K), 0 survivors (0K)
 Metaspace       used 13033K, committed 13312K, reserved 1114112K
  class space    used 1243K, committed 1408K, reserved 1048576K
}
Event: 16.648 GC heap after
{Heap after GC invocations=9 (full 3):
 garbage-first heap   total 77824K, used 47423K [0x0000000608c00000, 0x0000000800000000)
  region size 4096K, 1 young (4096K), 1 survivors (4096K)
 Metaspace       used 13033K, committed 13312K, reserved 1114112K
  class space    used 1243K, committed 1408K, reserved 1048576K
}
Event: 17.266 GC heap before
{Heap before GC invocations=10 (full 3):
 garbage-first heap   total 90112K, used 51519K [0x0000000608c00000, 0x0000000800000000)
  region size 4096K, 2 young (8192K), 1 survivors (4096K)
 Metaspace       used 13118K, committed 13376K, reserved 1114112K
  class space    used 1244K, committed 1408K, reserved 1048576K
}
Event: 17.272 GC heap after
{Heap after GC invocations=11 (full 3):
 garbage-first heap   total 303104K, used 50612K [0x0000000608c00000, 0x0000000800000000)
  region size 4096K, 1 young (4096K), 1 survivors (4096K)
 Metaspace       used 13118K, committed 13376K, reserved 1114112K
  class space    used 1244K, committed 1408K, reserved 1048576K
}
Event: 24.018 GC heap before
{Heap before GC invocations=11 (full 3):
 garbage-first heap   total 303104K, used 62900K [0x0000000608c00000, 0x0000000800000000)
  region size 4096K, 6 young (24576K), 1 survivors (4096K)
 Metaspace       used 13471K, committed 13760K, reserved 1114112K
  class space    used 1249K, committed 1408K, reserved 1048576K
}
Event: 24.035 GC heap after
{Heap after GC invocations=12 (full 4):
 garbage-first heap   total 221184K, used 55483K [0x0000000608c00000, 0x0000000800000000)
  region size 4096K, 0 young (0K), 0 survivors (0K)
 Metaspace       used 13471K, committed 13760K, reserved 1114112K
  class space    used 1249K, committed 1408K, reserved 1048576K
}

