# JRE version: OpenJDK Runtime Environment Temurin-21.0.8+9 (21.0.8+9) (build 21.0.8+9-LTS)
# Java VM: OpenJDK 64-Bit Server VM Temurin-21.0.8+9 (21.0.8+9-LTS, mixed mode, sharing, tiered, compressed oops, compressed class ptrs, g1 gc, windows-amd64)
GC Precious Log:
 CardTable entry size: 512
 Card Set container configuration: InlinePtr #cards 4 size 8 Array Of Cards #cards 32 size 80 Howl #buckets 8 coarsen threshold 7372 Howl Bitmap #cards 1024 size 144 coarsen threshold 921 Card regions per heap region 1 cards per card region 8192
 CPUs: 14 total, 14 available
 Memory: 32203M
 Large Page Support: Disabled
 NUMA Support: Disabled
 Compressed Oops: Enabled (Zero based)
 Heap Region Size: 4M
 Heap Min Capacity: 8M
 Heap Initial Capacity: 504M
 Heap Max Capacity: 8052M
 Pre-touch: Disabled
 Parallel Workers: 11
 Concurrent Workers: 3
 Concurrent Refinement Workers: 11
 Periodic GC: Disabled
Heap:
 garbage-first heap   total 303104K, used 85932K [0x0000000608c00000, 0x0000000800000000)
  region size 4096K, 2 young (8192K), 0 survivors (0K)
 Metaspace       used 14414K, committed 14720K, reserved 1114112K
  class space    used 1318K, committed 1472K, reserved 1048576K
GC Heap History (20 events):
Event: 20.384 GC heap before
{Heap before GC invocations=9 (full 3):
 garbage-first heap   total 90112K, used 61630K [0x0000000608c00000, 0x0000000800000000)
  region size 4096K, 3 young (12288K), 1 survivors (4096K)
 Metaspace       used 13362K, committed 13632K, reserved 1114112K
  class space    used 1267K, committed 1408K, reserved 1048576K
}
Event: 20.388 GC heap after
{Heap after GC invocations=10 (full 3):
 garbage-first heap   total 303104K, used 57009K [0x0000000608c00000, 0x0000000800000000)
  region size 4096K, 1 young (4096K), 1 survivors (4096K)
 Metaspace       used 13362K, committed 13632K, reserved 1114112K
  class space    used 1267K, committed 1408K, reserved 1048576K
}
Event: 53.168 GC heap before
{Heap before GC invocations=10 (full 3):
 garbage-first heap   total 303104K, used 122545K [0x0000000608c00000, 0x0000000800000000)
  region size 4096K, 17 young (69632K), 1 survivors (4096K)
 Metaspace       used 13914K, committed 14144K, reserved 1114112K
  class space    used 1277K, committed 1408K, reserved 1048576K
}
Event: 53.177 GC heap after
{Heap after GC invocations=11 (full 3):
 garbage-first heap   total 303104K, used 61032K [0x0000000608c00000, 0x0000000800000000)
  region size 4096K, 2 young (8192K), 2 survivors (8192K)
 Metaspace       used 13914K, committed 14144K, reserved 1114112K
  class space    used 1277K, committed 1408K, reserved 1048576K
}
Event: 112.279 GC heap before
{Heap before GC invocations=11 (full 3):
 garbage-first heap   total 303104K, used 167528K [0x0000000608c00000, 0x0000000800000000)
  region size 4096K, 28 young (114688K), 2 survivors (8192K)
 Metaspace       used 14035K, committed 14272K, reserved 1114112K
  class space    used 1287K, committed 1408K, reserved 1048576K
}
Event: 112.288 GC heap after
{Heap after GC invocations=12 (full 3):
 garbage-first heap   total 303104K, used 65712K [0x0000000608c00000, 0x0000000800000000)
  region size 4096K, 4 young (16384K), 4 survivors (16384K)
 Metaspace       used 14035K, committed 14272K, reserved 1114112K
  class space    used 1287K, committed 1408K, reserved 1048576K
}
Event: 216.754 GC heap before
{Heap before GC invocations=12 (full 3):
 garbage-first heap   total 303104K, used 229552K [0x0000000608c00000, 0x0000000800000000)
  region size 4096K, 44 young (180224K), 4 survivors (16384K)
 Metaspace       used 14088K, committed 14336K, reserved 1114112K
  class space    used 1287K, committed 1408K, reserved 1048576K
}
Event: 216.764 GC heap after
{Heap after GC invocations=13 (full 3):
 garbage-first heap   total 303104K, used 77746K [0x0000000608c00000, 0x0000000800000000)
  region size 4096K, 6 young (24576K), 6 survivors (24576K)
 Metaspace       used 14088K, committed 14336K, reserved 1114112K
  class space    used 1287K, committed 1408K, reserved 1048576K
}
Event: 351.067 GC heap before
{Heap before GC invocations=13 (full 3):
 garbage-first heap   total 303104K, used 184242K [0x0000000608c00000, 0x0000000800000000)
  region size 4096K, 33 young (135168K), 6 survivors (24576K)
 Metaspace       used 14105K, committed 14336K, reserved 1114112K
  class space    used 1287K, committed 1408K, reserved 1048576K
}
Event: 351.089 GC heap after
{Heap after GC invocations=14 (full 4):
 garbage-first heap   total 303104K, used 82680K [0x0000000608c00000, 0x0000000800000000)
  region size 4096K, 0 young (0K), 0 survivors (0K)
 Metaspace       used 14105K, committed 14336K, reserved 1114112K
  class space    used 1287K, committed 1408K, reserved 1048576K
}
Event: 372.732 GC heap before
{Heap before GC invocations=14 (full 4):
 garbage-first heap   total 303104K, used 82680K [0x0000000608c00000, 0x0000000800000000)
  region size 4096K, 1 young (4096K), 0 survivors (0K)
 Metaspace       used 14110K, committed 14336K, reserved 1114112K
  class space    used 1287K, committed 1408K, reserved 1048576K
}
Event: 372.752 GC heap after
{Heap after GC invocations=15 (full 5):
 garbage-first heap   total 303104K, used 82685K [0x0000000608c00000, 0x0000000800000000)
  region size 4096K, 0 young (0K), 0 survivors (0K)
 Metaspace       used 14110K, committed 14336K, reserved 1114112K
  class space    used 1287K, committed 1408K, reserved 1048576K
}
Event: 372.752 GC heap before
{Heap before GC invocations=15 (full 5):
 garbage-first heap   total 303104K, used 82685K [0x0000000608c00000, 0x0000000800000000)
  region size 4096K, 0 young (0K), 0 survivors (0K)
 Metaspace       used 14110K, committed 14336K, reserved 1114112K
  class space    used 1287K, committed 1408K, reserved 1048576K
}
Event: 372.763 GC heap after
{Heap after GC invocations=16 (full 6):
 garbage-first heap   total 303104K, used 82685K [0x0000000608c00000, 0x0000000800000000)
  region size 4096K, 0 young (0K), 0 survivors (0K)
 Metaspace       used 14110K, committed 14336K, reserved 1114112K
  class space    used 1287K, committed 1408K, reserved 1048576K
}
Event: 377.141 GC heap before
{Heap before GC invocations=16 (full 6):
 garbage-first heap   total 303104K, used 107261K [0x0000000608c00000, 0x0000000800000000)
  region size 4096K, 7 young (28672K), 0 survivors (0K)
 Metaspace       used 14121K, committed 14336K, reserved 1114112K
  class space    used 1288K, committed 1408K, reserved 1048576K
}
Event: 377.160 GC heap after
{Heap after GC invocations=17 (full 7):
 garbage-first heap   total 303104K, used 106338K [0x0000000608c00000, 0x0000000800000000)
  region size 4096K, 0 young (0K), 0 survivors (0K)
 Metaspace       used 14121K, committed 14336K, reserved 1114112K
  class space    used 1288K, committed 1408K, reserved 1048576K
}
Event: 432.249 GC heap before
{Heap before GC invocations=17 (full 7):
 garbage-first heap   total 303104K, used 237410K [0x0000000608c00000, 0x0000000800000000)
  region size 4096K, 32 young (131072K), 0 survivors (0K)
 Metaspace       used 14394K, committed 14720K, reserved 1114112K
  class space    used 1316K, committed 1472K, reserved 1048576K
}
Event: 432.253 GC heap after
{Heap after GC invocations=18 (full 7):
 garbage-first heap   total 303104K, used 133517K [0x0000000608c00000, 0x0000000800000000)
  region size 4096K, 4 young (16384K), 4 survivors (16384K)
 Metaspace       used 14394K, committed 14720K, reserved 1114112K
  class space    used 1316K, committed 1472K, reserved 1048576K
}
Event: 468.128 GC heap before
{Heap before GC invocations=18 (full 7):
 garbage-first heap   total 303104K, used 215437K [0x0000000608c00000, 0x0000000800000000)
  region size 4096K, 25 young (102400K), 4 survivors (16384K)
 Metaspace       used 14395K, committed 14720K, reserved 1114112K
  class space    used 1316K, committed 1472K, reserved 1048576K
}
Event: 468.147 GC heap after
{Heap after GC invocations=19 (full 8):
 garbage-first heap   total 303104K, used 81836K [0x0000000608c00000, 0x0000000800000000)
  region size 4096K, 0 young (0K), 0 survivors (0K)
 Metaspace       used 14395K, committed 14720K, reserved 1114112K
  class space    used 1316K, committed 1472K, reserved 1048576K
}

