# JRE version: OpenJDK Runtime Environment Temurin-21.0.8+9 (21.0.8+9) (build 21.0.8+9-LTS)
# Java VM: OpenJDK 64-Bit Server VM Temurin-21.0.8+9 (21.0.8+9-LTS, mixed mode, sharing, tiered, compressed oops, compressed class ptrs, g1 gc, windows-amd64)
GC Precious Log:
 CardTable entry size: 512
 Card Set container configuration: InlinePtr #cards 4 size 8 Array Of Cards #cards 32 size 80 Howl #buckets 8 coarsen threshold 7372 Howl Bitmap #cards 1024 size 144 coarsen threshold 921 Card regions per heap region 1 cards per card region 8192
 CPUs: 14 total, 14 available
 Memory: 32203M
 Large Page Support: Disabled
 NUMA Support: Disabled
 Compressed Oops: Enabled (Zero based)
 Heap Region Size: 4M
 Heap Min Capacity: 8M
 Heap Initial Capacity: 504M
 Heap Max Capacity: 8052M
 Pre-touch: Disabled
 Parallel Workers: 11
 Concurrent Workers: 3
 Concurrent Refinement Workers: 11
 Periodic GC: Disabled
Heap:
 garbage-first heap   total 299008K, used 87390K [0x0000000608c00000, 0x0000000800000000)
  region size 4096K, 2 young (8192K), 0 survivors (0K)
 Metaspace       used 13988K, committed 14272K, reserved 1114112K
  class space    used 1268K, committed 1408K, reserved 1048576K
GC Heap History (20 events):
Event: 5.905 GC heap before
{Heap before GC invocations=7 (full 2):
 garbage-first heap   total 77824K, used 42450K [0x0000000608c00000, 0x0000000800000000)
  region size 4096K, 2 young (8192K), 1 survivors (4096K)
 Metaspace       used 12669K, committed 12928K, reserved 1114112K
  class space    used 1223K, committed 1344K, reserved 1048576K
}
Event: 5.923 GC heap after
{Heap after GC invocations=8 (full 3):
 garbage-first heap   total 77824K, used 43244K [0x0000000608c00000, 0x0000000800000000)
  region size 4096K, 0 young (0K), 0 survivors (0K)
 Metaspace       used 12669K, committed 12928K, reserved 1114112K
  class space    used 1223K, committed 1344K, reserved 1048576K
}
Event: 6.354 GC heap before
{Heap before GC invocations=8 (full 3):
 garbage-first heap   total 77824K, used 47340K [0x0000000608c00000, 0x0000000800000000)
  region size 4096K, 2 young (8192K), 0 survivors (0K)
 Metaspace       used 12879K, committed 13120K, reserved 1114112K
  class space    used 1239K, committed 1344K, reserved 1048576K
}
Event: 6.355 GC heap after
{Heap after GC invocations=9 (full 3):
 garbage-first heap   total 77824K, used 47157K [0x0000000608c00000, 0x0000000800000000)
  region size 4096K, 1 young (4096K), 1 survivors (4096K)
 Metaspace       used 12879K, committed 13120K, reserved 1114112K
  class space    used 1239K, committed 1344K, reserved 1048576K
}
Event: 6.761 GC heap before
{Heap before GC invocations=10 (full 3):
 garbage-first heap   total 81920K, used 51253K [0x0000000608c00000, 0x0000000800000000)
  region size 4096K, 3 young (12288K), 1 survivors (4096K)
 Metaspace       used 13003K, committed 13248K, reserved 1114112K
  class space    used 1240K, committed 1344K, reserved 1048576K
}
Event: 6.764 GC heap after
{Heap after GC invocations=11 (full 3):
 garbage-first heap   total 299008K, used 53679K [0x0000000608c00000, 0x0000000800000000)
  region size 4096K, 1 young (4096K), 1 survivors (4096K)
 Metaspace       used 13003K, committed 13248K, reserved 1114112K
  class space    used 1240K, committed 1344K, reserved 1048576K
}
Event: 39.952 GC heap before
{Heap before GC invocations=11 (full 3):
 garbage-first heap   total 299008K, used 127407K [0x0000000608c00000, 0x0000000800000000)
  region size 4096K, 20 young (81920K), 1 survivors (4096K)
 Metaspace       used 13597K, committed 13888K, reserved 1114112K
  class space    used 1251K, committed 1408K, reserved 1048576K
}
Event: 39.957 GC heap after
{Heap after GC invocations=12 (full 3):
 garbage-first heap   total 299008K, used 70585K [0x0000000608c00000, 0x0000000800000000)
  region size 4096K, 3 young (12288K), 3 survivors (12288K)
 Metaspace       used 13597K, committed 13888K, reserved 1114112K
  class space    used 1251K, committed 1408K, reserved 1048576K
}
Event: 59.881 GC heap before
{Heap before GC invocations=12 (full 3):
 garbage-first heap   total 299008K, used 115641K [0x0000000608c00000, 0x0000000800000000)
  region size 4096K, 15 young (61440K), 3 survivors (12288K)
 Metaspace       used 13680K, committed 13952K, reserved 1114112K
  class space    used 1251K, committed 1408K, reserved 1048576K
}
Event: 59.892 GC heap after
{Heap after GC invocations=13 (full 4):
 garbage-first heap   total 299008K, used 76321K [0x0000000608c00000, 0x0000000800000000)
  region size 4096K, 0 young (0K), 0 survivors (0K)
 Metaspace       used 13680K, committed 13952K, reserved 1114112K
  class space    used 1251K, committed 1408K, reserved 1048576K
}
Event: 68.846 GC heap before
{Heap before GC invocations=13 (full 4):
 garbage-first heap   total 299008K, used 121377K [0x0000000608c00000, 0x0000000800000000)
  region size 4096K, 12 young (49152K), 0 survivors (0K)
 Metaspace       used 13942K, committed 14208K, reserved 1114112K
  class space    used 1265K, committed 1408K, reserved 1048576K
}
Event: 68.858 GC heap after
{Heap after GC invocations=14 (full 5):
 garbage-first heap   total 299008K, used 76607K [0x0000000608c00000, 0x0000000800000000)
  region size 4096K, 0 young (0K), 0 survivors (0K)
 Metaspace       used 13942K, committed 14208K, reserved 1114112K
  class space    used 1265K, committed 1408K, reserved 1048576K
}
Event: 68.858 GC heap before
{Heap before GC invocations=14 (full 5):
 garbage-first heap   total 299008K, used 76607K [0x0000000608c00000, 0x0000000800000000)
  region size 4096K, 0 young (0K), 0 survivors (0K)
 Metaspace       used 13942K, committed 14208K, reserved 1114112K
  class space    used 1265K, committed 1408K, reserved 1048576K
}
Event: 68.866 GC heap after
{Heap after GC invocations=15 (full 6):
 garbage-first heap   total 299008K, used 76607K [0x0000000608c00000, 0x0000000800000000)
  region size 4096K, 0 young (0K), 0 survivors (0K)
 Metaspace       used 13942K, committed 14208K, reserved 1114112K
  class space    used 1265K, committed 1408K, reserved 1048576K
}
Event: 70.781 GC heap before
{Heap before GC invocations=15 (full 6):
 garbage-first heap   total 299008K, used 105279K [0x0000000608c00000, 0x0000000800000000)
  region size 4096K, 8 young (32768K), 0 survivors (0K)
 Metaspace       used 13947K, committed 14208K, reserved 1114112K
  class space    used 1265K, committed 1408K, reserved 1048576K
}
Event: 70.797 GC heap after
{Heap after GC invocations=16 (full 7):
 garbage-first heap   total 299008K, used 100106K [0x0000000608c00000, 0x0000000800000000)
  region size 4096K, 0 young (0K), 0 survivors (0K)
 Metaspace       used 13947K, committed 14208K, reserved 1114112K
  class space    used 1265K, committed 1408K, reserved 1048576K
}
Event: 90.434 GC heap before
{Heap before GC invocations=16 (full 7):
 garbage-first heap   total 299008K, used 182026K [0x0000000608c00000, 0x0000000800000000)
  region size 4096K, 20 young (81920K), 0 survivors (0K)
 Metaspace       used 13970K, committed 14272K, reserved 1114112K
  class space    used 1266K, committed 1408K, reserved 1048576K
}
Event: 90.446 GC heap after
{Heap after GC invocations=17 (full 7):
 garbage-first heap   total 299008K, used 133651K [0x0000000608c00000, 0x0000000800000000)
  region size 4096K, 3 young (12288K), 3 survivors (12288K)
 Metaspace       used 13970K, committed 14272K, reserved 1114112K
  class space    used 1266K, committed 1408K, reserved 1048576K
}
Event: 99.959 GC heap before
{Heap before GC invocations=17 (full 7):
 garbage-first heap   total 299008K, used 154131K [0x0000000608c00000, 0x0000000800000000)
  region size 4096K, 9 young (36864K), 3 survivors (12288K)
 Metaspace       used 13972K, committed 14272K, reserved 1114112K
  class space    used 1266K, committed 1408K, reserved 1048576K
}
Event: 99.974 GC heap after
{Heap after GC invocations=18 (full 8):
 garbage-first heap   total 299008K, used 83294K [0x0000000608c00000, 0x0000000800000000)
  region size 4096K, 0 young (0K), 0 survivors (0K)
 Metaspace       used 13972K, committed 14272K, reserved 1114112K
  class space    used 1266K, committed 1408K, reserved 1048576K
}

