# JRE version: OpenJDK Runtime Environment Temurin-21.0.8+9 (21.0.8+9) (build 21.0.8+9-LTS)
# Java VM: OpenJDK 64-Bit Server VM Temurin-21.0.8+9 (21.0.8+9-LTS, mixed mode, sharing, tiered, compressed oops, compressed class ptrs, g1 gc, windows-amd64)
GC Precious Log:
 CardTable entry size: 512
 Card Set container configuration: InlinePtr #cards 4 size 8 Array Of Cards #cards 32 size 80 Howl #buckets 8 coarsen threshold 7372 Howl Bitmap #cards 1024 size 144 coarsen threshold 921 Card regions per heap region 1 cards per card region 8192
 CPUs: 14 total, 14 available
 Memory: 32203M
 Large Page Support: Disabled
 NUMA Support: Disabled
 Compressed Oops: Enabled (Zero based)
 Heap Region Size: 4M
 Heap Min Capacity: 8M
 Heap Initial Capacity: 504M
 Heap Max Capacity: 8052M
 Pre-touch: Disabled
 Parallel Workers: 11
 Concurrent Workers: 3
 Concurrent Refinement Workers: 11
 Periodic GC: Disabled
Heap:
 garbage-first heap   total 311296K, used 92585K [0x0000000608c00000, 0x0000000800000000)
  region size 4096K, 10 young (40960K), 1 survivors (4096K)
 Metaspace       used 13738K, committed 14016K, reserved 1114112K
  class space    used 1261K, committed 1408K, reserved 1048576K
GC Heap History (20 events):
Event: 3.520 GC heap before
{Heap before GC invocations=0 (full 0):
 garbage-first heap   total 516096K, used 32768K [0x0000000608c00000, 0x0000000800000000)
  region size 4096K, 6 young (24576K), 0 survivors (0K)
 Metaspace       used 11946K, committed 12160K, reserved 1114112K
  class space    used 1165K, committed 1280K, reserved 1048576K
}
Event: 3.527 GC heap after
{Heap after GC invocations=1 (full 0):
 garbage-first heap   total 516096K, used 17700K [0x0000000608c00000, 0x0000000800000000)
  region size 4096K, 1 young (4096K), 1 survivors (4096K)
 Metaspace       used 11946K, committed 12160K, reserved 1114112K
  class space    used 1165K, committed 1280K, reserved 1048576K
}
Event: 7.346 GC heap before
{Heap before GC invocations=1 (full 0):
 garbage-first heap   total 516096K, used 21796K [0x0000000608c00000, 0x0000000800000000)
  region size 4096K, 3 young (12288K), 1 survivors (4096K)
 Metaspace       used 12410K, committed 12672K, reserved 1114112K
  class space    used 1199K, committed 1344K, reserved 1048576K
}
Event: 7.362 GC heap after
{Heap after GC invocations=2 (full 1):
 garbage-first heap   total 98304K, used 17421K [0x0000000608c00000, 0x0000000800000000)
  region size 4096K, 0 young (0K), 0 survivors (0K)
 Metaspace       used 12410K, committed 12672K, reserved 1114112K
  class space    used 1199K, committed 1344K, reserved 1048576K
}
Event: 7.363 GC heap before
{Heap before GC invocations=2 (full 1):
 garbage-first heap   total 98304K, used 17421K [0x0000000608c00000, 0x0000000800000000)
  region size 4096K, 0 young (0K), 0 survivors (0K)
 Metaspace       used 12410K, committed 12672K, reserved 1114112K
  class space    used 1199K, committed 1344K, reserved 1048576K
}
Event: 7.384 GC heap after
{Heap after GC invocations=3 (full 2):
 garbage-first heap   total 81920K, used 17421K [0x0000000608c00000, 0x0000000800000000)
  region size 4096K, 0 young (0K), 0 survivors (0K)
 Metaspace       used 12410K, committed 12672K, reserved 1114112K
  class space    used 1199K, committed 1344K, reserved 1048576K
}
Event: 11.548 GC heap before
{Heap before GC invocations=3 (full 2):
 garbage-first heap   total 81920K, used 37901K [0x0000000608c00000, 0x0000000800000000)
  region size 4096K, 6 young (24576K), 0 survivors (0K)
 Metaspace       used 12606K, committed 12864K, reserved 1114112K
  class space    used 1210K, committed 1344K, reserved 1048576K
}
Event: 11.561 GC heap after
{Heap after GC invocations=4 (full 2):
 garbage-first heap   total 81920K, used 39081K [0x0000000608c00000, 0x0000000800000000)
  region size 4096K, 1 young (4096K), 1 survivors (4096K)
 Metaspace       used 12606K, committed 12864K, reserved 1114112K
  class space    used 1210K, committed 1344K, reserved 1048576K
}
Event: 11.987 GC heap before
{Heap before GC invocations=4 (full 2):
 garbage-first heap   total 81920K, used 43177K [0x0000000608c00000, 0x0000000800000000)
  region size 4096K, 3 young (12288K), 1 survivors (4096K)
 Metaspace       used 12675K, committed 12928K, reserved 1114112K
  class space    used 1218K, committed 1344K, reserved 1048576K
}
Event: 12.010 GC heap after
{Heap after GC invocations=5 (full 3):
 garbage-first heap   total 81920K, used 43186K [0x0000000608c00000, 0x0000000800000000)
  region size 4096K, 0 young (0K), 0 survivors (0K)
 Metaspace       used 12675K, committed 12928K, reserved 1114112K
  class space    used 1218K, committed 1344K, reserved 1048576K
}
Event: 12.991 GC heap before
{Heap before GC invocations=5 (full 3):
 garbage-first heap   total 81920K, used 47282K [0x0000000608c00000, 0x0000000800000000)
  region size 4096K, 2 young (8192K), 0 survivors (0K)
 Metaspace       used 12882K, committed 13120K, reserved 1114112K
  class space    used 1234K, committed 1344K, reserved 1048576K
}
Event: 12.994 GC heap after
{Heap after GC invocations=6 (full 3):
 garbage-first heap   total 81920K, used 48099K [0x0000000608c00000, 0x0000000800000000)
  region size 4096K, 1 young (4096K), 1 survivors (4096K)
 Metaspace       used 12882K, committed 13120K, reserved 1114112K
  class space    used 1234K, committed 1344K, reserved 1048576K
}
Event: 13.547 GC heap before
{Heap before GC invocations=7 (full 3):
 garbage-first heap   total 98304K, used 48099K [0x0000000608c00000, 0x0000000800000000)
  region size 4096K, 2 young (8192K), 1 survivors (4096K)
 Metaspace       used 13000K, committed 13248K, reserved 1114112K
  class space    used 1235K, committed 1344K, reserved 1048576K
}
Event: 13.551 GC heap after
{Heap after GC invocations=8 (full 3):
 garbage-first heap   total 98304K, used 50876K [0x0000000608c00000, 0x0000000800000000)
  region size 4096K, 1 young (4096K), 1 survivors (4096K)
 Metaspace       used 13000K, committed 13248K, reserved 1114112K
  class space    used 1235K, committed 1344K, reserved 1048576K
}
Event: 17.152 GC heap before
{Heap before GC invocations=8 (full 3):
 garbage-first heap   total 98304K, used 63164K [0x0000000608c00000, 0x0000000800000000)
  region size 4096K, 4 young (16384K), 1 survivors (4096K)
 Metaspace       used 13403K, committed 13696K, reserved 1114112K
  class space    used 1253K, committed 1408K, reserved 1048576K
}
Event: 17.157 GC heap after
{Heap after GC invocations=9 (full 3):
 garbage-first heap   total 98304K, used 54487K [0x0000000608c00000, 0x0000000800000000)
  region size 4096K, 1 young (4096K), 1 survivors (4096K)
 Metaspace       used 13403K, committed 13696K, reserved 1114112K
  class space    used 1253K, committed 1408K, reserved 1048576K
}
Event: 22.116 GC heap before
{Heap before GC invocations=9 (full 3):
 garbage-first heap   total 98304K, used 66775K [0x0000000608c00000, 0x0000000800000000)
  region size 4096K, 4 young (16384K), 1 survivors (4096K)
 Metaspace       used 13567K, committed 13888K, reserved 1114112K
  class space    used 1259K, committed 1408K, reserved 1048576K
}
Event: 22.119 GC heap after
{Heap after GC invocations=10 (full 3):
 garbage-first heap   total 98304K, used 56229K [0x0000000608c00000, 0x0000000800000000)
  region size 4096K, 1 young (4096K), 1 survivors (4096K)
 Metaspace       used 13567K, committed 13888K, reserved 1114112K
  class space    used 1259K, committed 1408K, reserved 1048576K
}
Event: 24.300 GC heap before
{Heap before GC invocations=11 (full 3):
 garbage-first heap   total 102400K, used 68517K [0x0000000608c00000, 0x0000000800000000)
  region size 4096K, 4 young (16384K), 1 survivors (4096K)
 Metaspace       used 13594K, committed 13888K, reserved 1114112K
  class space    used 1259K, committed 1408K, reserved 1048576K
}
Event: 24.304 GC heap after
{Heap after GC invocations=12 (full 3):
 garbage-first heap   total 311296K, used 59817K [0x0000000608c00000, 0x0000000800000000)
  region size 4096K, 1 young (4096K), 1 survivors (4096K)
 Metaspace       used 13594K, committed 13888K, reserved 1114112K
  class space    used 1259K, committed 1408K, reserved 1048576K
}

