# JRE version: OpenJDK Runtime Environment Temurin-21.0.8+9 (21.0.8+9) (build 21.0.8+9-LTS)
# Java VM: OpenJDK 64-Bit Server VM Temurin-21.0.8+9 (21.0.8+9-LTS, mixed mode, sharing, tiered, compressed oops, compressed class ptrs, g1 gc, windows-amd64)
GC Precious Log:
 CardTable entry size: 512
 Card Set container configuration: InlinePtr #cards 4 size 8 Array Of Cards #cards 32 size 80 Howl #buckets 8 coarsen threshold 7372 Howl Bitmap #cards 1024 size 144 coarsen threshold 921 Card regions per heap region 1 cards per card region 8192
 CPUs: 14 total, 14 available
 Memory: 32203M
 Large Page Support: Disabled
 NUMA Support: Disabled
 Compressed Oops: Enabled (Zero based)
 Heap Region Size: 4M
 Heap Min Capacity: 8M
 Heap Initial Capacity: 504M
 Heap Max Capacity: 8052M
 Pre-touch: Disabled
 Parallel Workers: 11
 Concurrent Workers: 3
 Concurrent Refinement Workers: 11
 Periodic GC: Disabled
Heap:
 garbage-first heap   total 274432K, used 71489K [0x0000000608c00000, 0x0000000800000000)
  region size 4096K, 2 young (8192K), 0 survivors (0K)
 Metaspace       used 13598K, committed 13888K, reserved 1114112K
  class space    used 1249K, committed 1408K, reserved 1048576K
GC Heap History (20 events):
Event: 2.217 GC heap before
{Heap before GC invocations=0 (full 0):
 garbage-first heap   total 516096K, used 32768K [0x0000000608c00000, 0x0000000800000000)
  region size 4096K, 6 young (24576K), 0 survivors (0K)
 Metaspace       used 11775K, committed 12032K, reserved 1114112K
  class space    used 1149K, committed 1280K, reserved 1048576K
}
Event: 2.223 GC heap after
{Heap after GC invocations=1 (full 0):
 garbage-first heap   total 516096K, used 17687K [0x0000000608c00000, 0x0000000800000000)
  region size 4096K, 1 young (4096K), 1 survivors (4096K)
 Metaspace       used 11775K, committed 12032K, reserved 1114112K
  class space    used 1149K, committed 1280K, reserved 1048576K
}
Event: 3.568 GC heap before
{Heap before GC invocations=1 (full 0):
 garbage-first heap   total 516096K, used 17687K [0x0000000608c00000, 0x0000000800000000)
  region size 4096K, 2 young (8192K), 1 survivors (4096K)
 Metaspace       used 12358K, committed 12672K, reserved 1114112K
  class space    used 1200K, committed 1344K, reserved 1048576K
}
Event: 3.578 GC heap after
{Heap after GC invocations=2 (full 1):
 garbage-first heap   total 69632K, used 17386K [0x0000000608c00000, 0x0000000800000000)
  region size 4096K, 0 young (0K), 0 survivors (0K)
 Metaspace       used 12358K, committed 12672K, reserved 1114112K
  class space    used 1200K, committed 1344K, reserved 1048576K
}
Event: 3.579 GC heap before
{Heap before GC invocations=2 (full 1):
 garbage-first heap   total 69632K, used 17386K [0x0000000608c00000, 0x0000000800000000)
  region size 4096K, 0 young (0K), 0 survivors (0K)
 Metaspace       used 12358K, committed 12672K, reserved 1114112K
  class space    used 1200K, committed 1344K, reserved 1048576K
}
Event: 3.594 GC heap after
{Heap after GC invocations=3 (full 2):
 garbage-first heap   total 69632K, used 17355K [0x0000000608c00000, 0x0000000800000000)
  region size 4096K, 0 young (0K), 0 survivors (0K)
 Metaspace       used 12358K, committed 12672K, reserved 1114112K
  class space    used 1200K, committed 1344K, reserved 1048576K
}
Event: 6.343 GC heap before
{Heap before GC invocations=3 (full 2):
 garbage-first heap   total 69632K, used 33739K [0x0000000608c00000, 0x0000000800000000)
  region size 4096K, 5 young (20480K), 0 survivors (0K)
 Metaspace       used 12545K, committed 12800K, reserved 1114112K
  class space    used 1212K, committed 1344K, reserved 1048576K
}
Event: 6.349 GC heap after
{Heap after GC invocations=4 (full 2):
 garbage-first heap   total 69632K, used 34865K [0x0000000608c00000, 0x0000000800000000)
  region size 4096K, 1 young (4096K), 1 survivors (4096K)
 Metaspace       used 12545K, committed 12800K, reserved 1114112K
  class space    used 1212K, committed 1344K, reserved 1048576K
}
Event: 6.773 GC heap before
{Heap before GC invocations=4 (full 2):
 garbage-first heap   total 69632K, used 38961K [0x0000000608c00000, 0x0000000800000000)
  region size 4096K, 2 young (8192K), 1 survivors (4096K)
 Metaspace       used 12568K, committed 12800K, reserved 1114112K
  class space    used 1212K, committed 1344K, reserved 1048576K
}
Event: 6.775 GC heap after
{Heap after GC invocations=5 (full 2):
 garbage-first heap   total 69632K, used 38520K [0x0000000608c00000, 0x0000000800000000)
  region size 4096K, 1 young (4096K), 1 survivors (4096K)
 Metaspace       used 12568K, committed 12800K, reserved 1114112K
  class space    used 1212K, committed 1344K, reserved 1048576K
}
Event: 7.088 GC heap before
{Heap before GC invocations=6 (full 2):
 garbage-first heap   total 77824K, used 42616K [0x0000000608c00000, 0x0000000800000000)
  region size 4096K, 2 young (8192K), 1 survivors (4096K)
 Metaspace       used 12620K, committed 12864K, reserved 1114112K
  class space    used 1217K, committed 1344K, reserved 1048576K
}
Event: 7.090 GC heap after
{Heap after GC invocations=7 (full 2):
 garbage-first heap   total 77824K, used 42274K [0x0000000608c00000, 0x0000000800000000)
  region size 4096K, 1 young (4096K), 1 survivors (4096K)
 Metaspace       used 12620K, committed 12864K, reserved 1114112K
  class space    used 1217K, committed 1344K, reserved 1048576K
}
Event: 7.160 GC heap before
{Heap before GC invocations=7 (full 2):
 garbage-first heap   total 77824K, used 42274K [0x0000000608c00000, 0x0000000800000000)
  region size 4096K, 2 young (8192K), 1 survivors (4096K)
 Metaspace       used 12644K, committed 12928K, reserved 1114112K
  class space    used 1220K, committed 1344K, reserved 1048576K
}
Event: 7.181 GC heap after
{Heap after GC invocations=8 (full 3):
 garbage-first heap   total 77824K, used 43249K [0x0000000608c00000, 0x0000000800000000)
  region size 4096K, 0 young (0K), 0 survivors (0K)
 Metaspace       used 12644K, committed 12928K, reserved 1114112K
  class space    used 1220K, committed 1344K, reserved 1048576K
}
Event: 7.764 GC heap before
{Heap before GC invocations=8 (full 3):
 garbage-first heap   total 77824K, used 47345K [0x0000000608c00000, 0x0000000800000000)
  region size 4096K, 2 young (8192K), 0 survivors (0K)
 Metaspace       used 12838K, committed 13056K, reserved 1114112K
  class space    used 1233K, committed 1344K, reserved 1048576K
}
Event: 7.765 GC heap after
{Heap after GC invocations=9 (full 3):
 garbage-first heap   total 77824K, used 47393K [0x0000000608c00000, 0x0000000800000000)
  region size 4096K, 1 young (4096K), 1 survivors (4096K)
 Metaspace       used 12838K, committed 13056K, reserved 1114112K
  class space    used 1233K, committed 1344K, reserved 1048576K
}
Event: 8.190 GC heap before
{Heap before GC invocations=10 (full 3):
 garbage-first heap   total 90112K, used 51489K [0x0000000608c00000, 0x0000000800000000)
  region size 4096K, 2 young (8192K), 1 survivors (4096K)
 Metaspace       used 12896K, committed 13184K, reserved 1114112K
  class space    used 1233K, committed 1344K, reserved 1048576K
}
Event: 8.193 GC heap after
{Heap after GC invocations=11 (full 3):
 garbage-first heap   total 303104K, used 50795K [0x0000000608c00000, 0x0000000800000000)
  region size 4096K, 1 young (4096K), 1 survivors (4096K)
 Metaspace       used 12896K, committed 13184K, reserved 1114112K
  class space    used 1233K, committed 1344K, reserved 1048576K
}
Event: 31.732 GC heap before
{Heap before GC invocations=11 (full 3):
 garbage-first heap   total 303104K, used 108139K [0x0000000608c00000, 0x0000000800000000)
  region size 4096K, 17 young (69632K), 1 survivors (4096K)
 Metaspace       used 13585K, committed 13888K, reserved 1114112K
  class space    used 1247K, committed 1408K, reserved 1048576K
}
Event: 31.747 GC heap after
{Heap after GC invocations=12 (full 4):
 garbage-first heap   total 274432K, used 67393K [0x0000000608c00000, 0x0000000800000000)
  region size 4096K, 0 young (0K), 0 survivors (0K)
 Metaspace       used 13585K, committed 13888K, reserved 1114112K
  class space    used 1247K, committed 1408K, reserved 1048576K
}

