# JRE version: OpenJDK Runtime Environment Temurin-21.0.8+9 (21.0.8+9) (build 21.0.8+9-LTS)
# Java VM: OpenJDK 64-Bit Server VM Temurin-21.0.8+9 (21.0.8+9-LTS, mixed mode, sharing, tiered, compressed oops, compressed class ptrs, g1 gc, windows-amd64)
GC Precious Log:
 CardTable entry size: 512
 Card Set container configuration: InlinePtr #cards 4 size 8 Array Of Cards #cards 32 size 80 Howl #buckets 8 coarsen threshold 7372 Howl Bitmap #cards 1024 size 144 coarsen threshold 921 Card regions per heap region 1 cards per card region 8192
 CPUs: 14 total, 14 available
 Memory: 32203M
 Large Page Support: Disabled
 NUMA Support: Disabled
 Compressed Oops: Enabled (Zero based)
 Heap Region Size: 4M
 Heap Min Capacity: 8M
 Heap Initial Capacity: 504M
 Heap Max Capacity: 8052M
 Pre-touch: Disabled
 Parallel Workers: 11
 Concurrent Workers: 3
 Concurrent Refinement Workers: 11
 Periodic GC: Disabled
Heap:
 garbage-first heap   total 180224K, used 70700K [0x0000000608c00000, 0x0000000800000000)
  region size 4096K, 1 young (4096K), 0 survivors (0K)
 Metaspace       used 13514K, committed 13824K, reserved 1114112K
  class space    used 1250K, committed 1408K, reserved 1048576K
GC Heap History (18 events):
Event: 2.226 GC heap before
{Heap before GC invocations=0 (full 0):
 garbage-first heap   total 516096K, used 32768K [0x0000000608c00000, 0x0000000800000000)
  region size 4096K, 6 young (24576K), 0 survivors (0K)
 Metaspace       used 11803K, committed 12032K, reserved 1114112K
  class space    used 1154K, committed 1280K, reserved 1048576K
}
Event: 2.232 GC heap after
{Heap after GC invocations=1 (full 0):
 garbage-first heap   total 516096K, used 17620K [0x0000000608c00000, 0x0000000800000000)
  region size 4096K, 1 young (4096K), 1 survivors (4096K)
 Metaspace       used 11803K, committed 12032K, reserved 1114112K
  class space    used 1154K, committed 1280K, reserved 1048576K
}
Event: 3.982 GC heap before
{Heap before GC invocations=1 (full 0):
 garbage-first heap   total 516096K, used 17620K [0x0000000608c00000, 0x0000000800000000)
  region size 4096K, 2 young (8192K), 1 survivors (4096K)
 Metaspace       used 12348K, committed 12608K, reserved 1114112K
  class space    used 1202K, committed 1344K, reserved 1048576K
}
Event: 3.999 GC heap after
{Heap after GC invocations=2 (full 1):
 garbage-first heap   total 69632K, used 17387K [0x0000000608c00000, 0x0000000800000000)
  region size 4096K, 0 young (0K), 0 survivors (0K)
 Metaspace       used 12348K, committed 12608K, reserved 1114112K
  class space    used 1202K, committed 1344K, reserved 1048576K
}
Event: 4.001 GC heap before
{Heap before GC invocations=2 (full 1):
 garbage-first heap   total 69632K, used 17387K [0x0000000608c00000, 0x0000000800000000)
  region size 4096K, 0 young (0K), 0 survivors (0K)
 Metaspace       used 12348K, committed 12608K, reserved 1114112K
  class space    used 1202K, committed 1344K, reserved 1048576K
}
Event: 4.018 GC heap after
{Heap after GC invocations=3 (full 2):
 garbage-first heap   total 69632K, used 17386K [0x0000000608c00000, 0x0000000800000000)
  region size 4096K, 0 young (0K), 0 survivors (0K)
 Metaspace       used 12348K, committed 12608K, reserved 1114112K
  class space    used 1202K, committed 1344K, reserved 1048576K
}
Event: 4.511 GC heap before
{Heap before GC invocations=3 (full 2):
 garbage-first heap   total 69632K, used 33770K [0x0000000608c00000, 0x0000000800000000)
  region size 4096K, 5 young (20480K), 0 survivors (0K)
 Metaspace       used 12519K, committed 12800K, reserved 1114112K
  class space    used 1212K, committed 1344K, reserved 1048576K
}
Event: 4.518 GC heap after
{Heap after GC invocations=4 (full 2):
 garbage-first heap   total 69632K, used 35584K [0x0000000608c00000, 0x0000000800000000)
  region size 4096K, 1 young (4096K), 1 survivors (4096K)
 Metaspace       used 12519K, committed 12800K, reserved 1114112K
  class space    used 1212K, committed 1344K, reserved 1048576K
}
Event: 4.605 GC heap before
{Heap before GC invocations=4 (full 2):
 garbage-first heap   total 69632K, used 39680K [0x0000000608c00000, 0x0000000800000000)
  region size 4096K, 2 young (8192K), 1 survivors (4096K)
 Metaspace       used 12532K, committed 12800K, reserved 1114112K
  class space    used 1212K, committed 1344K, reserved 1048576K
}
Event: 4.608 GC heap after
{Heap after GC invocations=5 (full 2):
 garbage-first heap   total 69632K, used 39204K [0x0000000608c00000, 0x0000000800000000)
  region size 4096K, 1 young (4096K), 1 survivors (4096K)
 Metaspace       used 12532K, committed 12800K, reserved 1114112K
  class space    used 1212K, committed 1344K, reserved 1048576K
}
Event: 4.715 GC heap before
{Heap before GC invocations=6 (full 2):
 garbage-first heap   total 77824K, used 43300K [0x0000000608c00000, 0x0000000800000000)
  region size 4096K, 2 young (8192K), 1 survivors (4096K)
 Metaspace       used 12579K, committed 12800K, reserved 1114112K
  class space    used 1217K, committed 1344K, reserved 1048576K
}
Event: 4.719 GC heap after
{Heap after GC invocations=7 (full 2):
 garbage-first heap   total 77824K, used 42934K [0x0000000608c00000, 0x0000000800000000)
  region size 4096K, 1 young (4096K), 1 survivors (4096K)
 Metaspace       used 12579K, committed 12800K, reserved 1114112K
  class space    used 1217K, committed 1344K, reserved 1048576K
}
Event: 4.764 GC heap before
{Heap before GC invocations=7 (full 2):
 garbage-first heap   total 77824K, used 42934K [0x0000000608c00000, 0x0000000800000000)
  region size 4096K, 2 young (8192K), 1 survivors (4096K)
 Metaspace       used 12601K, committed 12864K, reserved 1114112K
  class space    used 1220K, committed 1344K, reserved 1048576K
}
Event: 4.787 GC heap after
{Heap after GC invocations=8 (full 3):
 garbage-first heap   total 77824K, used 42992K [0x0000000608c00000, 0x0000000800000000)
  region size 4096K, 0 young (0K), 0 survivors (0K)
 Metaspace       used 12601K, committed 12864K, reserved 1114112K
  class space    used 1220K, committed 1344K, reserved 1048576K
}
Event: 4.904 GC heap before
{Heap before GC invocations=8 (full 3):
 garbage-first heap   total 77824K, used 47088K [0x0000000608c00000, 0x0000000800000000)
  region size 4096K, 2 young (8192K), 0 survivors (0K)
 Metaspace       used 12772K, committed 12992K, reserved 1114112K
  class space    used 1231K, committed 1344K, reserved 1048576K
}
Event: 4.905 GC heap after
{Heap after GC invocations=9 (full 3):
 garbage-first heap   total 299008K, used 47152K [0x0000000608c00000, 0x0000000800000000)
  region size 4096K, 1 young (4096K), 1 survivors (4096K)
 Metaspace       used 12772K, committed 12992K, reserved 1114112K
  class space    used 1231K, committed 1344K, reserved 1048576K
}
Event: 33.108 GC heap before
{Heap before GC invocations=10 (full 3):
 garbage-first heap   total 180224K, used 112688K [0x0000000608c00000, 0x0000000800000000)
  region size 4096K, 19 young (77824K), 1 survivors (4096K)
 Metaspace       used 13502K, committed 13760K, reserved 1114112K
  class space    used 1248K, committed 1408K, reserved 1048576K
}
Event: 33.128 GC heap after
{Heap after GC invocations=11 (full 4):
 garbage-first heap   total 180224K, used 70700K [0x0000000608c00000, 0x0000000800000000)
  region size 4096K, 0 young (0K), 0 survivors (0K)
 Metaspace       used 13502K, committed 13760K, reserved 1114112K
  class space    used 1248K, committed 1408K, reserved 1048576K
}

